500,461,1,8,3,2
500,461,2,17,9,2
500,461,3,40,23,2
500,461,4,65,25,9
500,461,5,93,28,15
500,461,6,108,15,20
500,461,7,123,15,9
500,461,8,132,9,17
500,461,9,137,5,13
500,461,10,142,5,6
500,461,11,147,5,8
500,461,12,149,2,5
500,461,13,151,2,8
500,461,14,153,2,8
500,461,15,153,0,7
500,461,16,154,1,3
500,461,17,154,0,2
500,461,18,155,1,2
500,461,19,156,1,3
500,461,20,156,0,3
500,461,21,156,0,4
500,461,22,156,0,3
500,461,23,156,0,0
500,461,24,156,0,0
500,461,25,157,1,1
500,461,26,157,0,0
500,461,27,157,0,0
500,461,28,157,0,2
500,461,29,157,0,1
500,461,30,157,0,0
500,461,31,157,0,0
500,461,32,157,0,1
500,461,33,157,0,1
500,461,34,157,0,0
500,461,35,157,0,0
500,461,36,157,0,0
500,461,37,157,0,0
500,461,38,157,0,0
500,461,39,157,0,0
500,461,40,157,0,0
500,461,41,157,0,0
500,461,42,157,0,0
500,461,1,5,0,1
500,461,2,5,0,1
500,461,3,5,0,2
500,461,4,5,0,0
500,461,5,5,0,0
500,461,6,5,0,1
500,461,7,5,0,0
500,461,8,5,0,0
500,461,9,5,0,0
500,461,10,5,0,0
500,461,11,5,0,0
500,461,12,5,0,0
500,461,13,5,0,0
500,461,14,5,0,0
500,461,15,5,0,0
500,461,1,5,0,3
500,461,2,5,0,1
500,461,3,5,0,1
500,461,4,5,0,0
500,461,5,5,0,0
500,461,6,5,0,0
500,461,7,5,0,0
500,461,8,5,0,0
500,461,9,5,0,0
500,461,10,5,0,0
500,461,11,5,0,0
500,461,12,5,0,0
500,461,1,9,4,1
500,461,2,28,19,2
500,461,3,92,64,3
500,461,4,151,59,25
500,461,5,188,37,26
500,461,6,205,17,34
500,461,7,213,8,18
500,461,8,215,2,20
500,461,9,217,2,27
500,461,10,218,1,14
500,461,11,218,0,8
500,461,12,218,0,9
500,461,13,218,0,11
500,461,14,218,0,2
500,461,15,218,0,2
500,461,16,218,0,3
500,461,17,218,0,2
500,461,18,218,0,3
500,461,19,218,0,2
500,461,20,218,0,2
500,461,21,218,0,1
500,461,22,218,0,0
500,461,23,218,0,1
500,461,24,218,0,0
500,461,25,218,0,1
500,461,26,218,0,0
500,461,27,218,0,1
500,461,28,218,0,0
500,461,29,218,0,0
500,461,30,218,0,0
500,461,31,218,0,0
500,461,32,218,0,0
500,461,33,218,0,0
500,461,34,218,0,0
500,461,35,218,0,0
500,461,36,218,0,0
500,461,1,8,3,5
500,461,2,21,13,0
500,461,3,62,41,10
500,461,4,136,74,24
500,461,5,168,32,52
500,461,6,182,14,36
500,461,7,187,5,28
500,461,8,192,5,19
500,461,9,193,1,6
500,461,10,193,0,9
500,461,11,193,0,0
500,461,12,193,0,4
500,461,13,193,0,0
500,461,14,193,0,0
500,461,15,193,0,0
500,461,16,193,0,0
500,461,17,193,0,0
500,461,18,193,0,0
500,461,19,193,0,0
500,461,20,193,0,0
500,461,21,193,0,0
500,461,1,9,4,5
500,461,2,38,29,3
500,461,3,99,61,20
500,461,4,131,32,54
500,461,5,142,11,43
500,461,6,143,1,12
500,461,7,144,1,4
500,461,8,146,2,2
500,461,9,146,0,2
500,461,10,147,1,1
500,461,11,147,0,0
500,461,12,147,0,1
500,461,13,147,0,0
500,461,14,147,0,0
500,461,15,147,0,0
500,461,16,147,0,0
500,461,17,147,0,0
500,461,18,147,0,0
500,461,19,147,0,0
500,461,20,147,0,0
500,461,21,147,0,0
500,461,1,11,6,1
500,461,2,57,46,4
500,461,3,139,82,14
500,461,4,195,56,26
500,461,5,217,22,48
500,461,6,223,6,33
500,461,7,224,1,23
500,461,8,224,0,15
500,461,9,224,0,13
500,461,10,224,0,12
500,461,11,224,0,13
500,461,12,224,0,9
500,461,13,224,0,2
500,461,14,224,0,3
500,461,15,224,0,2
500,461,16,224,0,3
500,461,17,224,0,0
500,461,18,224,0,1
500,461,19,224,0,0
500,461,20,224,0,0
500,461,21,224,0,1
500,461,22,224,0,0
500,461,23,224,0,0
500,461,24,224,0,0
500,461,25,224,0,0
500,461,26,224,0,1
500,461,27,224,0,0
500,461,28,224,0,0
500,461,29,224,0,0
500,461,30,224,0,0
500,461,31,224,0,0
500,461,32,224,0,0
500,461,33,224,0,0
500,461,34,224,0,0
500,461,35,224,0,0
500,461,1,12,7,0
500,461,2,68,56,4
500,461,3,151,83,34
500,461,4,198,47,50
500,461,5,208,10,57
500,461,6,211,3,31
500,461,7,211,0,17
500,461,8,211,0,13
500,461,9,211,0,1
500,461,10,211,0,1
500,461,11,211,0,1
500,461,12,211,0,1
500,461,13,211,0,1
500,461,14,211,0,0
500,461,15,211,0,0
500,461,16,211,0,0
500,461,17,211,0,0
500,461,18,211,0,0
500,461,19,211,0,0
500,461,20,211,0,0
500,461,21,211,0,0
500,461,22,211,0,0
500,461,1,10,5,4
500,461,2,17,7,6
500,461,3,58,41,5
500,461,4,141,83,32
500,461,5,192,51,72
500,461,6,205,13,58
500,461,7,209,4,20
500,461,8,211,2,8
500,461,9,211,0,1
500,461,10,211,0,5
500,461,11,211,0,0
500,461,12,211,0,0
500,461,13,211,0,0
500,461,14,211,0,0
500,461,15,211,0,0
500,461,16,211,0,0
500,461,17,211,0,0
500,461,18,211,0,0
500,461,19,211,0,0
500,1737,1,15,10,1
500,1737,2,71,56,3
500,1737,3,185,114,9
500,1737,4,267,82,43
500,1737,5,304,37,56
500,1737,6,321,17,41
500,1737,7,332,11,33
500,1737,8,335,3,39
500,1737,9,335,0,24
500,1737,10,337,2,23
500,1737,11,340,3,15
500,1737,12,340,0,8
500,1737,13,340,0,14
500,1737,14,340,0,8
500,1737,15,340,0,5
500,1737,16,340,0,6
500,1737,17,340,0,0
500,1737,18,340,0,2
500,1737,19,340,0,2
500,1737,20,340,0,1
500,1737,21,340,0,2
500,1737,22,340,0,1
500,1737,23,340,0,1
500,1737,24,340,0,1
500,1737,25,340,0,1
500,1737,26,340,0,1
500,1737,27,340,0,0
500,1737,28,340,0,0
500,1737,29,340,0,0
500,1737,30,340,0,0
500,1737,31,340,0,0
500,1737,32,340,0,0
500,1737,33,340,0,0
500,1737,34,340,0,0
500,1737,35,340,0,0
500,1737,1,13,8,4
500,1737,2,48,35,6
500,1737,3,143,95,15
500,1737,4,235,92,59
500,1737,5,288,53,69
500,1737,6,304,16,61
500,1737,7,309,5,45
500,1737,8,312,3,31
500,1737,9,313,1,14
500,1737,10,314,1,4
500,1737,11,315,1,2
500,1737,12,315,0,3
500,1737,13,315,0,2
500,1737,14,315,0,0
500,1737,15,315,0,0
500,1737,16,315,0,0
500,1737,17,315,0,0
500,1737,18,315,0,0
500,1737,19,315,0,0
500,1737,20,315,0,0
500,1737,21,315,0,0
500,1737,22,315,0,0
500,1737,1,5,0,5
500,1737,2,5,0,0
500,1737,3,5,0,0
500,1737,4,5,0,0
500,1737,5,5,0,0
500,1737,6,5,0,0
500,1737,7,5,0,0
500,1737,8,5,0,0
500,1737,9,5,0,0
500,1737,10,5,0,0
500,1737,1,8,3,3
500,1737,2,55,47,3
500,1737,3,223,168,11
500,1737,4,328,105,59
500,1737,5,359,31,71
500,1737,6,372,13,53
500,1737,7,373,1,40
500,1737,8,374,1,30
500,1737,9,374,0,18
500,1737,10,374,0,19
500,1737,11,374,0,19
500,1737,12,374,0,14
500,1737,13,374,0,8
500,1737,14,374,0,7
500,1737,15,374,0,6
500,1737,16,374,0,2
500,1737,17,374,0,6
500,1737,18,374,0,1
500,1737,19,374,0,0
500,1737,20,374,0,0
500,1737,21,374,0,1
500,1737,22,374,0,2
500,1737,23,374,0,0
500,1737,24,374,0,0
500,1737,25,374,0,0
500,1737,26,374,0,0
500,1737,27,374,0,0
500,1737,28,374,0,1
500,1737,29,374,0,0
500,1737,30,374,0,0
500,1737,31,374,0,0
500,1737,32,374,0,0
500,1737,33,374,0,0
500,1737,34,374,0,0
500,1737,35,374,0,0
500,1737,36,374,0,0
500,1737,37,374,0,0
500,1737,1,12,7,3
500,1737,2,111,99,5
500,1737,3,284,173,60
500,1737,4,339,55,104
500,1737,5,353,14,77
500,1737,6,356,3,52
500,1737,7,356,0,28
500,1737,8,356,0,12
500,1737,9,356,0,5
500,1737,10,356,0,3
500,1737,11,356,0,4
500,1737,12,356,0,3
500,1737,13,356,0,0
500,1737,14,356,0,0
500,1737,15,356,0,0
500,1737,16,356,0,0
500,1737,17,356,0,0
500,1737,18,356,0,0
500,1737,19,356,0,0
500,1737,20,356,0,0
500,1737,21,356,0,0
500,1737,1,22,17,3
500,1737,2,150,128,14
500,1737,3,297,147,98
500,1737,4,331,34,138
500,1737,5,337,6,58
500,1737,6,339,2,15
500,1737,7,339,0,9
500,1737,8,339,0,2
500,1737,9,339,0,1
500,1737,10,339,0,1
500,1737,11,339,0,0
500,1737,12,339,0,0
500,1737,13,339,0,0
500,1737,14,339,0,0
500,1737,15,339,0,0
500,1737,16,339,0,0
500,1737,17,339,0,0
500,1737,18,339,0,0
500,1737,19,339,0,0
500,1737,1,71,66,0
500,1737,2,279,208,18
500,1737,3,376,97,56
500,1737,4,389,13,71
500,1737,5,392,3,61
500,1737,6,393,1,49
500,1737,7,394,1,39
500,1737,8,394,0,30
500,1737,9,394,0,11
500,1737,10,394,0,13
500,1737,11,394,0,14
500,1737,12,394,0,9
500,1737,13,394,0,6
500,1737,14,394,0,3
500,1737,15,394,0,4
500,1737,16,394,0,3
500,1737,17,394,0,2
500,1737,18,394,0,1
500,1737,19,394,0,1
500,1737,20,394,0,0
500,1737,21,394,0,2
500,1737,22,394,0,0
500,1737,23,394,0,0
500,1737,24,394,0,0
500,1737,25,394,0,0
500,1737,26,394,0,0
500,1737,27,394,0,0
500,1737,28,394,0,1
500,1737,29,394,0,0
500,1737,30,394,0,0
500,1737,31,394,0,0
500,1737,32,394,0,0
500,1737,33,394,0,0
500,1737,34,394,0,0
500,1737,35,394,0,0
500,1737,36,394,0,0
500,1737,37,394,0,0
500,1737,1,46,41,1
500,1737,2,244,198,24
500,1737,3,357,113,114
500,1737,4,377,20,102
500,1737,5,381,4,71
500,1737,6,383,2,33
500,1737,7,383,0,25
500,1737,8,383,0,7
500,1737,9,383,0,2
500,1737,10,383,0,1
500,1737,11,383,0,2
500,1737,12,383,0,0
500,1737,13,383,0,0
500,1737,14,383,0,1
500,1737,15,383,0,0
500,1737,16,383,0,0
500,1737,17,383,0,0
500,1737,18,383,0,0
500,1737,19,383,0,0
500,1737,20,383,0,0
500,1737,21,383,0,0
500,1737,22,383,0,0
500,1737,23,383,0,0
500,1737,1,42,37,4
500,1737,2,227,185,27
500,1737,3,360,133,150
500,1737,4,376,16,133
500,1737,5,377,1,42
500,1737,6,378,1,19
500,1737,7,378,0,3
500,1737,8,378,0,0
500,1737,9,378,0,0
500,1737,10,378,0,0
500,1737,11,378,0,0
500,1737,12,378,0,0
500,1737,13,378,0,0
500,1737,14,378,0,0
500,1737,15,378,0,0
500,1737,16,378,0,0
500,3126,1,24,19,1
500,3126,2,140,116,1
500,3126,3,285,145,31
500,3126,4,359,74,60
500,3126,5,385,26,63
500,3126,6,395,10,61
500,3126,7,402,7,42
500,3126,8,406,4,30
500,3126,9,408,2,29
500,3126,10,409,1,20
500,3126,11,409,0,21
500,3126,12,409,0,9
500,3126,13,410,1,12
500,3126,14,410,0,11
500,3126,15,410,0,4
500,3126,16,410,0,5
500,3126,17,410,0,2
500,3126,18,410,0,3
500,3126,19,411,1,1
500,3126,20,411,0,0
500,3126,21,411,0,1
500,3126,22,411,0,2
500,3126,23,411,0,1
500,3126,24,411,0,0
500,3126,25,411,0,0
500,3126,26,411,0,0
500,3126,27,411,0,0
500,3126,28,411,0,0
500,3126,29,411,0,0
500,3126,30,411,0,1
500,3126,31,411,0,0
500,3126,32,411,0,0
500,3126,33,411,0,0
500,3126,34,411,0,0
500,3126,35,411,0,0
500,3126,36,411,0,0
500,3126,37,411,0,0
500,3126,38,411,0,0
500,3126,39,411,0,0
500,3126,1,10,5,3
500,3126,2,38,28,4
500,3126,3,150,112,14
500,3126,4,297,147,59
500,3126,5,359,62,106
500,3126,6,378,19,92
500,3126,7,384,6,54
500,3126,8,387,3,21
500,3126,9,389,2,16
500,3126,10,389,0,9
500,3126,11,389,0,6
500,3126,12,389,0,3
500,3126,13,389,0,0
500,3126,14,389,0,2
500,3126,15,389,0,0
500,3126,16,389,0,0
500,3126,17,389,0,0
500,3126,18,389,0,0
500,3126,19,389,0,0
500,3126,20,389,0,0
500,3126,21,389,0,0
500,3126,22,389,0,0
500,3126,23,389,0,0
500,3126,1,15,10,4
500,3126,2,95,80,8
500,3126,3,258,163,62
500,3126,4,325,67,138
500,3126,5,341,16,85
500,3126,6,343,2,32
500,3126,7,343,0,11
500,3126,8,344,1,1
500,3126,9,344,0,3
500,3126,10,344,0,0
500,3126,11,344,0,0
500,3126,12,344,0,0
500,3126,13,344,0,0
500,3126,14,344,0,0
500,3126,15,344,0,0
500,3126,16,344,0,0
500,3126,17,344,0,0
500,3126,18,344,0,0
500,3126,1,28,23,1
500,3126,2,189,161,3
500,3126,3,365,176,50
500,3126,4,408,43,71
500,3126,5,421,13,76
500,3126,6,428,7,48
500,3126,7,430,2,40
500,3126,8,432,2,31
500,3126,9,432,0,26
500,3126,10,432,0,18
500,3126,11,432,0,17
500,3126,12,432,0,12
500,3126,13,432,0,6
500,3126,14,432,0,7
500,3126,15,432,0,12
500,3126,16,432,0,1
500,3126,17,432,0,4
500,3126,18,432,0,1
500,3126,19,432,0,3
500,3126,20,432,0,1
500,3126,21,432,0,1
500,3126,22,432,0,1
500,3126,23,432,0,1
500,3126,24,432,0,0
500,3126,25,432,0,0
500,3126,26,432,0,1
500,3126,27,432,0,0
500,3126,28,432,0,0
500,3126,29,432,0,0
500,3126,30,432,0,0
500,3126,31,432,0,0
500,3126,32,432,0,0
500,3126,33,432,0,0
500,3126,34,432,0,0
500,3126,35,432,0,0
500,3126,1,28,23,3
500,3126,2,194,166,11
500,3126,3,375,181,73
500,3126,4,403,28,151
500,3126,5,410,7,90
500,3126,6,414,4,44
500,3126,7,414,0,24
500,3126,8,414,0,9
500,3126,9,414,0,6
500,3126,10,414,0,2
500,3126,11,414,0,1
500,3126,12,414,0,0
500,3126,13,414,0,0
500,3126,14,414,0,0
500,3126,15,414,0,0
500,3126,16,414,0,0
500,3126,17,414,0,0
500,3126,18,414,0,0
500,3126,19,414,0,0
500,3126,20,414,0,0
500,3126,1,30,25,4
500,3126,2,220,190,17
500,3126,3,376,156,156
500,3126,4,392,16,155
500,3126,5,394,2,48
500,3126,6,395,1,14
500,3126,7,395,0,0
500,3126,8,395,0,1
500,3126,9,395,0,0
500,3126,10,395,0,0
500,3126,11,395,0,0
500,3126,12,395,0,0
500,3126,13,395,0,0
500,3126,14,395,0,0
500,3126,15,395,0,0
500,3126,16,395,0,0
500,3126,17,395,0,0
500,3126,1,41,36,2
500,3126,2,295,254,10
500,3126,3,416,121,86
500,3126,4,428,12,91
500,3126,5,436,8,57
500,3126,6,437,1,53
500,3126,7,437,0,36
500,3126,8,437,0,25
500,3126,9,437,0,14
500,3126,10,437,0,14
500,3126,11,437,0,15
500,3126,12,437,0,9
500,3126,13,437,0,6
500,3126,14,437,0,4
500,3126,15,437,0,5
500,3126,16,437,0,3
500,3126,17,437,0,2
500,3126,18,437,0,1
500,3126,19,437,0,0
500,3126,20,437,0,1
500,3126,21,437,0,2
500,3126,22,437,0,0
500,3126,23,437,0,1
500,3126,24,437,0,0
500,3126,25,437,0,0
500,3126,26,437,0,0
500,3126,27,437,0,0
500,3126,28,437,0,0
500,3126,29,437,0,0
500,3126,30,437,0,0
500,3126,31,437,0,0
500,3126,32,437,0,0
500,3126,1,51,46,2
500,3126,2,316,265,31
500,3126,3,420,104,147
500,3126,4,430,10,125
500,3126,5,432,2,58
500,3126,6,432,0,32
500,3126,7,432,0,22
500,3126,8,432,0,6
500,3126,9,432,0,3
500,3126,10,432,0,3
500,3126,11,432,0,1
500,3126,12,432,0,2
500,3126,13,432,0,0
500,3126,14,432,0,0
500,3126,15,432,0,0
500,3126,16,432,0,0
500,3126,17,432,0,0
500,3126,18,432,0,0
500,3126,19,432,0,0
500,3126,20,432,0,0
500,3126,21,432,0,0
500,3126,1,27,22,2
500,3126,2,267,240,19
500,3126,3,407,140,168
500,3126,4,427,20,171
500,3126,5,428,1,42
500,3126,6,429,1,17
500,3126,7,429,0,7
500,3126,8,429,0,1
500,3126,9,429,0,2
500,3126,10,429,0,0
500,3126,11,429,0,0
500,3126,12,429,0,0
500,3126,13,429,0,0
500,3126,14,429,0,0
500,3126,15,429,0,0
500,3126,16,429,0,0
500,3126,17,429,0,0
500,3126,18,429,0,0
5000,4857,1,8,3,3
5000,4857,2,11,3,2
5000,4857,3,12,1,1
5000,4857,4,12,0,0
5000,4857,5,13,1,0
5000,4857,6,14,1,0
5000,4857,7,16,2,0
5000,4857,8,23,7,1
5000,4857,9,37,14,2
5000,4857,10,100,63,4
5000,4857,11,267,167,19
5000,4857,12,613,346,54
5000,4857,13,940,327,131
5000,4857,14,1178,238,171
5000,4857,15,1343,165,188
5000,4857,16,1458,115,195
5000,4857,17,1535,77,173
5000,4857,18,1587,52,153
5000,4857,19,1620,33,109
5000,4857,20,1634,14,105
5000,4857,21,1643,9,81
5000,4857,22,1653,10,62
5000,4857,23,1661,8,49
5000,4857,24,1666,5,36
5000,4857,25,1668,2,31
5000,4857,26,1671,3,29
5000,4857,27,1671,0,17
5000,4857,28,1671,0,13
5000,4857,29,1671,0,10
5000,4857,30,1672,1,9
5000,4857,31,1672,0,5
5000,4857,32,1672,0,4
5000,4857,33,1672,0,6
5000,4857,34,1672,0,3
5000,4857,35,1672,0,0
5000,4857,36,1672,0,2
5000,4857,37,1672,0,2
5000,4857,38,1672,0,0
5000,4857,39,1672,0,0
5000,4857,40,1672,0,1
5000,4857,41,1672,0,1
5000,4857,42,1672,0,0
5000,4857,43,1672,0,0
5000,4857,44,1672,0,0
5000,4857,45,1672,0,0
5000,4857,46,1672,0,0
5000,4857,47,1672,0,0
5000,4857,48,1672,0,0
5000,4857,49,1672,0,0
5000,4857,50,1672,0,0
5000,4857,1,9,4,2
5000,4857,2,15,6,1
5000,4857,3,48,33,9
5000,4857,4,175,127,20
5000,4857,5,441,266,70
5000,4857,6,737,296,173
5000,4857,7,976,239,211
5000,4857,8,1117,141,259
5000,4857,9,1206,89,187
5000,4857,10,1244,38,141
5000,4857,11,1267,23,83
5000,4857,12,1280,13,60
5000,4857,13,1284,4,33
5000,4857,14,1288,4,17
5000,4857,15,1288,0,10
5000,4857,16,1289,1,6
5000,4857,17,1289,0,4
5000,4857,18,1289,0,1
5000,4857,19,1289,0,1
5000,4857,20,1289,0,0
5000,4857,21,1289,0,0
5000,4857,22,1289,0,1
5000,4857,23,1289,0,0
5000,4857,24,1289,0,0
5000,4857,25,1289,0,0
5000,4857,26,1289,0,0
5000,4857,27,1289,0,0
5000,4857,28,1289,0,0
5000,4857,29,1289,0,0
5000,4857,30,1289,0,0
5000,4857,31,1289,0,0
5000,4857,1,18,13,4
5000,4857,2,75,57,10
5000,4857,3,230,155,45
5000,4857,4,471,241,131
5000,4857,5,670,199,220
5000,4857,6,798,128,199
5000,4857,7,876,78,143
5000,4857,8,908,32,90
5000,4857,9,924,16,51
5000,4857,10,936,12,26
5000,4857,11,938,2,11
5000,4857,12,939,1,6
5000,4857,13,939,0,3
5000,4857,14,939,0,0
5000,4857,15,939,0,0
5000,4857,16,939,0,0
5000,4857,17,939,0,0
5000,4857,18,939,0,0
5000,4857,19,939,0,0
5000,4857,20,939,0,0
5000,4857,21,939,0,0
5000,4857,22,939,0,0
5000,4857,1,17,12,0
5000,4857,2,113,96,3
5000,4857,3,518,405,27
5000,4857,4,1124,606,115
5000,4857,5,1537,413,239
5000,4857,6,1763,226,275
5000,4857,7,1883,120,272
5000,4857,8,1941,58,245
5000,4857,9,1964,23,206
5000,4857,10,1978,14,150
5000,4857,11,1984,6,106
5000,4857,12,1989,5,106
5000,4857,13,1990,1,70
5000,4857,14,1990,0,40
5000,4857,15,1990,0,36
5000,4857,16,1990,0,24
5000,4857,17,1990,0,24
5000,4857,18,1990,0,10
5000,4857,19,1990,0,12
5000,4857,20,1990,0,7
5000,4857,21,1990,0,4
5000,4857,22,1990,0,7
5000,4857,23,1990,0,3
5000,4857,24,1990,0,3
5000,4857,25,1990,0,1
5000,4857,26,1990,0,2
5000,4857,27,1990,0,1
5000,4857,28,1990,0,1
5000,4857,29,1990,0,0
5000,4857,30,1990,0,0
5000,4857,31,1990,0,0
5000,4857,32,1990,0,1
5000,4857,33,1990,0,0
5000,4857,34,1990,0,0
5000,4857,35,1990,0,0
5000,4857,36,1990,0,0
5000,4857,37,1990,0,0
5000,4857,38,1990,0,0
5000,4857,39,1990,0,0
5000,4857,40,1990,0,0
5000,4857,41,1990,0,0
5000,4857,1,10,5,1
5000,4857,2,25,15,4
5000,4857,3,118,93,14
5000,4857,4,467,349,55
5000,4857,5,1063,596,202
5000,4857,6,1461,398,398
5000,4857,7,1639,178,387
5000,4857,8,1720,81,287
5000,4857,9,1755,35,178
5000,4857,10,1767,12,107
5000,4857,11,1777,10,66
5000,4857,12,1782,5,44
5000,4857,13,1783,1,21
5000,4857,14,1784,1,13
5000,4857,15,1784,0,4
5000,4857,16,1784,0,2
5000,4857,17,1785,1,0
5000,4857,18,1785,0,0
5000,4857,19,1785,0,1
5000,4857,20,1785,0,1
5000,4857,21,1785,0,0
5000,4857,22,1785,0,0
5000,4857,23,1785,0,0
5000,4857,24,1785,0,0
5000,4857,25,1785,0,0
5000,4857,26,1785,0,0
5000,4857,27,1785,0,0
5000,4857,28,1785,0,0
5000,4857,29,1785,0,0
5000,4857,1,8,3,4
5000,4857,2,9,1,4
5000,4857,3,68,59,0
5000,4857,4,390,322,51
5000,4857,5,958,568,257
5000,4857,6,1341,383,465
5000,4857,7,1526,185,423
5000,4857,8,1587,61,240
5000,4857,9,1607,20,103
5000,4857,10,1612,5,37
5000,4857,11,1614,2,25
5000,4857,12,1615,1,3
5000,4857,13,1615,0,3
5000,4857,14,1615,0,0
5000,4857,15,1615,0,0
5000,4857,16,1615,0,0
5000,4857,17,1615,0,0
5000,4857,18,1615,0,0
5000,4857,19,1615,0,0
5000,4857,20,1615,0,0
5000,4857,21,1615,0,0
5000,4857,22,1615,0,0
5000,4857,1,7,2,1
5000,4857,2,28,21,1
5000,4857,3,240,212,6
5000,4857,4,1045,805,46
5000,4857,5,1780,735,249
5000,4857,6,2062,282,345
5000,4857,7,2146,84,361
5000,4857,8,2180,34,290
5000,4857,9,2189,9,212
5000,4857,10,2193,4,162
5000,4857,11,2194,1,125
5000,4857,12,2195,1,105
5000,4857,13,2195,0,72
5000,4857,14,2195,0,60
5000,4857,15,2195,0,44
5000,4857,16,2195,0,23
5000,4857,17,2195,0,18
5000,4857,18,2195,0,13
5000,4857,19,2195,0,17
5000,4857,20,2195,0,12
5000,4857,21,2195,0,12
5000,4857,22,2195,0,7
5000,4857,23,2195,0,3
5000,4857,24,2195,0,3
5000,4857,25,2195,0,3
5000,4857,26,2195,0,1
5000,4857,27,2195,0,0
5000,4857,28,2195,0,0
5000,4857,29,2195,0,2
5000,4857,30,2195,0,0
5000,4857,31,2195,0,0
5000,4857,32,2195,0,1
5000,4857,33,2195,0,0
5000,4857,34,2195,0,0
5000,4857,35,2195,0,1
5000,4857,36,2195,0,0
5000,4857,37,2195,0,0
5000,4857,38,2195,0,0
5000,4857,39,2195,0,0
5000,4857,40,2195,0,0
5000,4857,41,2195,0,0
5000,4857,42,2195,0,0
5000,4857,43,2195,0,0
5000,4857,44,2195,0,0
5000,4857,1,11,6,0
5000,4857,2,88,77,4
5000,4857,3,660,572,49
5000,4857,4,1498,838,288
5000,4857,5,1930,432,559
5000,4857,6,2085,155,523
5000,4857,7,2124,39,336
5000,4857,8,2135,11,167
5000,4857,9,2138,3,103
5000,4857,10,2138,0,52
5000,4857,11,2138,0,25
5000,4857,12,2138,0,14
5000,4857,13,2138,0,9
5000,4857,14,2138,0,5
5000,4857,15,2138,0,2
5000,4857,16,2138,0,0
5000,4857,17,2138,0,2
5000,4857,18,2138,0,0
5000,4857,19,2138,0,0
5000,4857,20,2138,0,0
5000,4857,21,2138,0,0
5000,4857,22,2138,0,0
5000,4857,23,2138,0,0
5000,4857,24,2138,0,0
5000,4857,25,2138,0,0
5000,4857,26,2138,0,0
5000,4857,1,10,5,4
5000,4857,2,27,17,3
5000,4857,3,211,184,17
5000,4857,4,995,784,140
5000,4857,5,1680,685,609
5000,4857,6,1936,256,687
5000,4857,7,2000,64,363
5000,4857,8,2018,18,134
5000,4857,9,2023,5,46
5000,4857,10,2024,1,14
5000,4857,11,2025,1,7
5000,4857,12,2025,0,0
5000,4857,13,2025,0,1
5000,4857,14,2025,0,0
5000,4857,15,2025,0,0
5000,4857,16,2025,0,0
5000,4857,17,2025,0,0
5000,4857,18,2025,0,0
5000,4857,19,2025,0,0
5000,4857,20,2025,0,0
5000,4857,21,2025,0,0
5000,4857,22,2025,0,0
5000,19061,1,13,8,0
5000,19061,2,114,101,4
5000,19061,3,876,762,29
5000,19061,4,2048,1172,204
5000,19061,5,2743,695,459
5000,19061,6,3052,309,528
5000,19061,7,3218,166,444
5000,19061,8,3329,111,382
5000,19061,9,3394,65,311
5000,19061,10,3423,29,261
5000,19061,11,3443,20,190
5000,19061,12,3459,16,182
5000,19061,13,3469,10,115
5000,19061,14,3471,2,93
5000,19061,15,3475,4,74
5000,19061,16,3475,0,49
5000,19061,17,3475,0,42
5000,19061,18,3475,0,27
5000,19061,19,3475,0,18
5000,19061,20,3475,0,16
5000,19061,21,3475,0,14
5000,19061,22,3475,0,2
5000,19061,23,3475,0,4
5000,19061,24,3475,0,10
5000,19061,25,3475,0,6
5000,19061,26,3475,0,3
5000,19061,27,3475,0,2
5000,19061,28,3475,0,1
5000,19061,29,3475,0,0
5000,19061,30,3475,0,2
5000,19061,31,3475,0,2
5000,19061,32,3475,0,0
5000,19061,33,3475,0,1
5000,19061,34,3475,0,0
5000,19061,35,3475,0,0
5000,19061,36,3475,0,0
5000,19061,37,3475,0,0
5000,19061,38,3475,0,0
5000,19061,39,3475,0,0
5000,19061,40,3475,0,0
5000,19061,41,3475,0,0
5000,19061,42,3475,0,0
5000,19061,1,14,9,1
5000,19061,2,160,146,0
5000,19061,3,1004,844,82
5000,19061,4,2087,1083,486
5000,19061,5,2644,557,776
5000,19061,6,2865,221,658
5000,19061,7,2964,99,420
5000,19061,8,3011,47,268
5000,19061,9,3025,14,182
5000,19061,10,3032,7,80
5000,19061,11,3033,1,40
5000,19061,12,3035,2,20
5000,19061,13,3037,2,12
5000,19061,14,3038,1,4
5000,19061,15,3038,0,2
5000,19061,16,3038,0,2
5000,19061,17,3038,0,0
5000,19061,18,3038,0,2
5000,19061,19,3038,0,2
5000,19061,20,3038,0,1
5000,19061,21,3038,0,0
5000,19061,22,3038,0,0
5000,19061,23,3038,0,0
5000,19061,24,3038,0,0
5000,19061,25,3038,0,0
5000,19061,26,3038,0,0
5000,19061,27,3038,0,0
5000,19061,28,3038,0,0
5000,19061,29,3038,0,0
5000,19061,1,8,3,1
5000,19061,2,46,38,5
5000,19061,3,497,451,29
5000,19061,4,1655,1158,349
5000,19061,5,2391,736,968
5000,19061,6,2647,256,757
5000,19061,7,2727,80,396
5000,19061,8,2753,26,164
5000,19061,9,2760,7,58
5000,19061,10,2764,4,28
5000,19061,11,2764,0,7
5000,19061,12,2764,0,2
5000,19061,13,2764,0,0
5000,19061,14,2764,0,0
5000,19061,15,2764,0,0
5000,19061,16,2764,0,0
5000,19061,17,2764,0,0
5000,19061,18,2764,0,0
5000,19061,19,2764,0,0
5000,19061,20,2764,0,0
5000,19061,21,2764,0,0
5000,19061,1,12,7,3
5000,19061,2,69,57,0
5000,19061,3,835,766,16
5000,19061,4,2616,1781,187
5000,19061,5,3370,754,608
5000,19061,6,3600,230,610
5000,19061,7,3690,90,570
5000,19061,8,3721,31,438
5000,19061,9,3730,9,338
5000,19061,10,3731,1,226
5000,19061,11,3732,1,193
5000,19061,12,3733,1,136
5000,19061,13,3735,2,110
5000,19061,14,3735,0,77
5000,19061,15,3735,0,59
5000,19061,16,3735,0,36
5000,19061,17,3735,0,25
5000,19061,18,3735,0,29
5000,19061,19,3735,0,17
5000,19061,20,3735,0,20
5000,19061,21,3735,0,8
5000,19061,22,3735,0,6
5000,19061,23,3735,0,7
5000,19061,24,3735,0,6
5000,19061,25,3735,0,1
5000,19061,26,3735,0,3
5000,19061,27,3735,0,0
5000,19061,28,3735,0,2
5000,19061,29,3735,0,2
5000,19061,30,3735,0,1
5000,19061,31,3735,0,1
5000,19061,32,3735,0,0
5000,19061,33,3735,0,0
5000,19061,34,3735,0,0
5000,19061,35,3735,0,0
5000,19061,36,3735,0,0
5000,19061,37,3735,0,0
5000,19061,38,3735,0,0
5000,19061,39,3735,0,0
5000,19061,40,3735,0,0
5000,19061,1,16,11,1
5000,19061,2,216,200,10
5000,19061,3,1685,1469,96
5000,19061,4,3033,1348,789
5000,19061,5,3427,394,1113
5000,19061,6,3544,117,700
5000,19061,7,3564,20,400
5000,19061,8,3572,8,212
5000,19061,9,3576,4,125
5000,19061,10,3576,0,62
5000,19061,11,3577,1,41
5000,19061,12,3577,0,13
5000,19061,13,3577,0,7
5000,19061,14,3577,0,3
5000,19061,15,3577,0,1
5000,19061,16,3577,0,1
5000,19061,17,3577,0,1
5000,19061,18,3577,0,1
5000,19061,19,3577,0,1
5000,19061,20,3577,0,0
5000,19061,21,3577,0,0
5000,19061,22,3577,0,0
5000,19061,23,3577,0,0
5000,19061,24,3577,0,0
5000,19061,25,3577,0,0
5000,19061,26,3577,0,0
5000,19061,27,3577,0,0
5000,19061,28,3577,0,0
5000,19061,1,14,9,3
5000,19061,2,351,337,10
5000,19061,3,2013,1662,246
5000,19061,4,3121,1108,1324
5000,19061,5,3378,257,1154
5000,19061,6,3443,65,478
5000,19061,7,3462,19,156
5000,19061,8,3465,3,74
5000,19061,9,3465,0,15
5000,19061,10,3465,0,5
5000,19061,11,3465,0,0
5000,19061,12,3465,0,0
5000,19061,13,3465,0,0
5000,19061,14,3465,0,0
5000,19061,15,3465,0,0
5000,19061,16,3465,0,0
5000,19061,17,3465,0,0
5000,19061,18,3465,0,0
5000,19061,19,3465,0,0
5000,19061,1,28,23,2
5000,19061,2,437,409,8
5000,19061,3,2564,2127,95
5000,19061,4,3599,1035,646
5000,19061,5,3808,209,722
5000,19061,6,3852,44,563
5000,19061,7,3861,9,468
5000,19061,8,3863,2,355
5000,19061,9,3863,0,226
5000,19061,10,3863,0,207
5000,19061,11,3863,0,158
5000,19061,12,3863,0,109
5000,19061,13,3863,0,83
5000,19061,14,3863,0,46
5000,19061,15,3863,0,42
5000,19061,16,3863,0,31
5000,19061,17,3863,0,26
5000,19061,18,3863,0,16
5000,19061,19,3863,0,9
5000,19061,20,3863,0,10
5000,19061,21,3863,0,9
5000,19061,22,3863,0,10
5000,19061,23,3863,0,3
5000,19061,24,3863,0,7
5000,19061,25,3863,0,2
5000,19061,26,3863,0,2
5000,19061,27,3863,0,2
5000,19061,28,3863,0,3
5000,19061,29,3863,0,1
5000,19061,30,3863,0,0
5000,19061,31,3863,0,0
5000,19061,32,3863,0,0
5000,19061,33,3863,0,1
5000,19061,34,3863,0,0
5000,19061,35,3863,0,0
5000,19061,36,3863,0,1
5000,19061,37,3863,0,0
5000,19061,38,3863,0,0
5000,19061,39,3863,0,0
5000,19061,40,3863,0,0
5000,19061,41,3863,0,0
5000,19061,42,3863,0,0
5000,19061,43,3863,0,0
5000,19061,44,3863,0,0
5000,19061,45,3863,0,0
5000,19061,1,23,18,4
5000,19061,2,469,446,8
5000,19061,3,2571,2102,237
5000,19061,4,3586,1015,1204
5000,19061,5,3756,170,1057
5000,19061,6,3786,30,631
5000,19061,7,3794,8,313
5000,19061,8,3794,0,174
5000,19061,9,3794,0,89
5000,19061,10,3794,0,33
5000,19061,11,3794,0,22
5000,19061,12,3794,0,9
5000,19061,13,3794,0,9
5000,19061,14,3794,0,1
5000,19061,15,3794,0,1
5000,19061,16,3794,0,1
5000,19061,17,3794,0,1
5000,19061,18,3794,0,0
5000,19061,19,3794,0,0
5000,19061,20,3794,0,0
5000,19061,21,3794,0,0
5000,19061,22,3794,0,0
5000,19061,23,3794,0,0
5000,19061,24,3794,0,0
5000,19061,25,3794,0,0
5000,19061,26,3794,0,0
5000,19061,1,22,17,3
5000,19061,2,462,440,15
5000,19061,3,2592,2130,324
5000,19061,4,3582,990,1679
5000,19061,5,3730,148,1169
5000,19061,6,3739,9,415
5000,19061,7,3741,2,100
5000,19061,8,3741,0,30
5000,19061,9,3741,0,4
5000,19061,10,3741,0,1
5000,19061,11,3741,0,0
5000,19061,12,3741,0,1
5000,19061,13,3741,0,0
5000,19061,14,3741,0,0
5000,19061,15,3741,0,0
5000,19061,16,3741,0,0
5000,19061,17,3741,0,0
5000,19061,18,3741,0,0
5000,19061,19,3741,0,0
5000,19061,20,3741,0,0
5000,19061,21,3741,0,0
5000,37129,1,14,9,1
5000,37129,2,140,126,3
5000,37129,3,1402,1262,35
5000,37129,4,3036,1634,320
5000,37129,5,3648,612,662
5000,37129,6,3906,258,685
5000,37129,7,4006,100,526
5000,37129,8,4044,38,463
5000,37129,9,4068,24,346
5000,37129,10,4081,13,261
5000,37129,11,4090,9,187
5000,37129,12,4092,2,138
5000,37129,13,4095,3,117
5000,37129,14,4098,3,90
5000,37129,15,4098,0,73
5000,37129,16,4098,0,53
5000,37129,17,4099,1,22
5000,37129,18,4099,0,28
5000,37129,19,4099,0,27
5000,37129,20,4099,0,15
5000,37129,21,4099,0,7
5000,37129,22,4099,0,10
5000,37129,23,4099,0,7
5000,37129,24,4099,0,4
5000,37129,25,4099,0,6
5000,37129,26,4099,0,3
5000,37129,27,4099,0,3
5000,37129,28,4099,0,4
5000,37129,29,4099,0,1
5000,37129,30,4099,0,1
5000,37129,31,4099,0,0
5000,37129,32,4099,0,0
5000,37129,33,4099,0,0
5000,37129,34,4099,0,0
5000,37129,35,4099,0,1
5000,37129,36,4099,0,0
5000,37129,37,4099,0,0
5000,37129,38,4099,0,0
5000,37129,39,4099,0,0
5000,37129,40,4099,0,0
5000,37129,41,4099,0,0
5000,37129,42,4099,0,0
5000,37129,43,4099,0,0
5000,37129,44,4099,0,0
5000,37129,1,15,10,2
5000,37129,2,196,181,9
5000,37129,3,1595,1399,89
5000,37129,4,3069,1474,749
5000,37129,5,3545,476,1169
5000,37129,6,3691,146,759
5000,37129,7,3757,66,457
5000,37129,8,3783,26,260
5000,37129,9,3799,16,152
5000,37129,10,3805,6,78
5000,37129,11,3806,1,39
5000,37129,12,3808,2,23
5000,37129,13,3808,0,11
5000,37129,14,3809,1,6
5000,37129,15,3809,0,4
5000,37129,16,3809,0,1
5000,37129,17,3809,0,1
5000,37129,18,3809,0,0
5000,37129,19,3809,0,0
5000,37129,20,3809,0,0
5000,37129,21,3809,0,0
5000,37129,22,3809,0,0
5000,37129,23,3809,0,0
5000,37129,24,3809,0,0
5000,37129,25,3809,0,0
5000,37129,26,3809,0,0
5000,37129,1,14,9,4
5000,37129,2,54,40,10
5000,37129,3,466,412,29
5000,37129,4,2138,1672,317
5000,37129,5,3217,1079,1353
5000,37129,6,3469,252,1115
5000,37129,7,3546,77,485
5000,37129,8,3566,20,176
5000,37129,9,3572,6,70
5000,37129,10,3573,1,13
5000,37129,11,3573,0,0
5000,37129,12,3573,0,0
5000,37129,13,3573,0,1
5000,37129,14,3573,0,0
5000,37129,15,3573,0,0
5000,37129,16,3573,0,0
5000,37129,17,3573,0,0
5000,37129,18,3573,0,0
5000,37129,19,3573,0,0
5000,37129,20,3573,0,0
5000,37129,21,3573,0,0
5000,37129,22,3573,0,0
5000,37129,1,92,87,3
5000,37129,2,1550,1458,23
5000,37129,3,3645,2095,359
5000,37129,4,4129,484,793
5000,37129,5,4241,112,714
5000,37129,6,4276,35,610
5000,37129,7,4292,16,438
5000,37129,8,4303,11,333
5000,37129,9,4303,0,241
5000,37129,10,4305,2,194
5000,37129,11,4305,0,152
5000,37129,12,4305,0,114
5000,37129,13,4305,0,91
5000,37129,14,4305,0,52
5000,37129,15,4305,0,46
5000,37129,16,4305,0,37
5000,37129,17,4305,0,22
5000,37129,18,4305,0,18
5000,37129,19,4305,0,24
5000,37129,20,4305,0,11
5000,37129,21,4305,0,9
5000,37129,22,4305,0,3
5000,37129,23,4305,0,1
5000,37129,24,4305,0,2
5000,37129,25,4305,0,4
5000,37129,26,4305,0,2
5000,37129,27,4305,0,3
5000,37129,28,4305,0,2
5000,37129,29,4305,0,1
5000,37129,30,4305,0,2
5000,37129,31,4305,0,0
5000,37129,32,4305,0,0
5000,37129,33,4305,0,0
5000,37129,34,4305,0,1
5000,37129,35,4305,0,0
5000,37129,36,4305,0,0
5000,37129,37,4305,0,0
5000,37129,38,4305,0,0
5000,37129,39,4305,0,0
5000,37129,40,4305,0,0
5000,37129,41,4305,0,0
5000,37129,42,4305,0,0
5000,37129,43,4305,0,0
5000,37129,1,19,14,1
5000,37129,2,282,263,10
5000,37129,3,2492,2210,150
5000,37129,4,3875,1383,1157
5000,37129,5,4105,230,1301
5000,37129,6,4182,77,708
5000,37129,7,4200,18,450
5000,37129,8,4206,6,208
5000,37129,9,4207,1,107
5000,37129,10,4208,1,59
5000,37129,11,4208,0,29
5000,37129,12,4209,1,10
5000,37129,13,4209,0,12
5000,37129,14,4209,0,3
5000,37129,15,4209,0,3
5000,37129,16,4209,0,1
5000,37129,17,4209,0,0
5000,37129,18,4209,0,0
5000,37129,19,4209,0,0
5000,37129,20,4209,0,0
5000,37129,21,4209,0,0
5000,37129,22,4209,0,0
5000,37129,23,4209,0,0
5000,37129,24,4209,0,0
5000,37129,25,4209,0,0
5000,37129,1,92,87,4
5000,37129,2,1574,1482,68
5000,37129,3,3677,2103,1107
5000,37129,4,4050,373,1876
5000,37129,5,4106,56,735
5000,37129,6,4119,13,255
5000,37129,7,4120,1,52
5000,37129,8,4120,0,17
5000,37129,9,4120,0,3
5000,37129,10,4120,0,2
5000,37129,11,4120,0,1
5000,37129,12,4120,0,0
5000,37129,13,4120,0,0
5000,37129,14,4120,0,0
5000,37129,15,4120,0,0
5000,37129,16,4120,0,0
5000,37129,17,4120,0,0
5000,37129,18,4120,0,0
5000,37129,19,4120,0,0
5000,37129,20,4120,0,0
5000,37129,1,62,57,0
5000,37129,2,1483,1421,17
5000,37129,3,3904,2421,353
5000,37129,4,4308,404,890
5000,37129,5,4359,51,751
5000,37129,6,4369,10,583
5000,37129,7,4371,2,438
5000,37129,8,4371,0,321
5000,37129,9,4371,0,274
5000,37129,10,4371,0,211
5000,37129,11,4371,0,128
5000,37129,12,4371,0,100
5000,37129,13,4371,0,77
5000,37129,14,4371,0,52
5000,37129,15,4371,0,45
5000,37129,16,4371,0,28
5000,37129,17,4371,0,26
5000,37129,18,4371,0,18
5000,37129,19,4371,0,18
5000,37129,20,4371,0,11
5000,37129,21,4371,0,7
5000,37129,22,4371,0,4
5000,37129,23,4371,0,1
5000,37129,24,4371,0,7
5000,37129,25,4371,0,2
5000,37129,26,4371,0,2
5000,37129,27,4371,0,2
5000,37129,28,4371,0,2
5000,37129,29,4371,0,1
5000,37129,30,4371,0,1
5000,37129,31,4371,0,0
5000,37129,32,4371,0,0
5000,37129,33,4371,0,1
5000,37129,34,4371,0,0
5000,37129,35,4371,0,0
5000,37129,36,4371,0,0
5000,37129,37,4371,0,0
5000,37129,38,4371,0,0
5000,37129,39,4371,0,0
5000,37129,40,4371,0,0
5000,37129,41,4371,0,0
5000,37129,42,4371,0,0
5000,37129,1,39,34,3
5000,37129,2,1047,1008,25
5000,37129,3,3746,2699,512
5000,37129,4,4259,513,1586
5000,37129,5,4322,63,1064
5000,37129,6,4333,11,553
5000,37129,7,4335,2,273
5000,37129,8,4336,1,151
5000,37129,9,4336,0,77
5000,37129,10,4336,0,46
5000,37129,11,4336,0,23
5000,37129,12,4336,0,14
5000,37129,13,4336,0,4
5000,37129,14,4336,0,2
5000,37129,15,4336,0,1
5000,37129,16,4336,0,1
5000,37129,17,4336,0,0
5000,37129,18,4336,0,0
5000,37129,19,4336,0,1
5000,37129,20,4336,0,0
5000,37129,21,4336,0,0
5000,37129,22,4336,0,0
5000,37129,23,4336,0,0
5000,37129,24,4336,0,0
5000,37129,25,4336,0,0
5000,37129,26,4336,0,0
5000,37129,27,4336,0,0
5000,37129,28,4336,0,0
5000,37129,1,40,35,3
5000,37129,2,825,785,30
5000,37129,3,3610,2785,597
5000,37129,4,4247,637,2260
5000,37129,5,4300,53,1001
5000,37129,6,4305,5,300
5000,37129,7,4306,1,80
5000,37129,8,4306,0,27
5000,37129,9,4306,0,6
5000,37129,10,4306,0,2
5000,37129,11,4306,0,0
5000,37129,12,4306,0,0
5000,37129,13,4306,0,0
5000,37129,14,4306,0,0
5000,37129,15,4306,0,0
5000,37129,16,4306,0,0
5000,37129,17,4306,0,0
5000,37129,18,4306,0,0
5000,37129,19,4306,0,0
10000,9875,1,8,3,1
10000,9875,2,19,11,2
10000,9875,3,62,43,5
10000,9875,4,312,250,13
10000,9875,5,909,597,71
10000,9875,6,1598,689,193
10000,9875,7,2163,565,290
10000,9875,8,2531,368,396
10000,9875,9,2785,254,387
10000,9875,10,2947,162,358
10000,9875,11,3063,116,308
10000,9875,12,3136,73,251
10000,9875,13,3187,51,206
10000,9875,14,3224,37,167
10000,9875,15,3250,26,143
10000,9875,16,3263,13,108
10000,9875,17,3271,8,108
10000,9875,18,3278,7,70
10000,9875,19,3283,5,53
10000,9875,20,3283,0,39
10000,9875,21,3285,2,34
10000,9875,22,3286,1,24
10000,9875,23,3287,1,9
10000,9875,24,3287,0,10
10000,9875,25,3288,1,10
10000,9875,26,3289,1,7
10000,9875,27,3289,0,8
10000,9875,28,3290,1,9
10000,9875,29,3290,0,2
10000,9875,30,3290,0,2
10000,9875,31,3290,0,3
10000,9875,32,3290,0,1
10000,9875,33,3290,0,0
10000,9875,34,3290,0,0
10000,9875,35,3290,0,1
10000,9875,36,3290,0,0
10000,9875,37,3290,0,0
10000,9875,38,3290,0,0
10000,9875,39,3290,0,0
10000,9875,40,3290,0,1
10000,9875,41,3290,0,0
10000,9875,42,3290,0,0
10000,9875,43,3290,0,0
10000,9875,44,3290,0,0
10000,9875,45,3290,0,0
10000,9875,46,3290,0,0
10000,9875,47,3290,0,0
10000,9875,48,3290,0,0
10000,9875,49,3290,0,0
10000,9875,1,5,0,4
10000,9875,2,5,0,1
10000,9875,3,5,0,0
10000,9875,4,5,0,0
10000,9875,5,5,0,0
10000,9875,6,5,0,0
10000,9875,7,5,0,0
10000,9875,8,5,0,0
10000,9875,9,5,0,0
10000,9875,10,5,0,0
10000,9875,11,5,0,0
10000,9875,1,5,0,5
10000,9875,2,5,0,0
10000,9875,3,5,0,0
10000,9875,4,5,0,0
10000,9875,5,5,0,0
10000,9875,6,5,0,0
10000,9875,7,5,0,0
10000,9875,8,5,0,0
10000,9875,9,5,0,0
10000,9875,10,5,0,0
10000,9875,1,5,0,0
10000,9875,2,5,0,2
10000,9875,3,5,0,1
10000,9875,4,5,0,0
10000,9875,5,5,0,2
10000,9875,6,5,0,0
10000,9875,7,5,0,0
10000,9875,8,5,0,0
10000,9875,9,5,0,0
10000,9875,10,5,0,0
10000,9875,11,5,0,0
10000,9875,12,5,0,0
10000,9875,13,5,0,0
10000,9875,14,5,0,0
10000,9875,1,8,3,2
10000,9875,2,21,13,1
10000,9875,3,56,35,11
10000,9875,4,292,236,21
10000,9875,5,1301,1009,122
10000,9875,6,2467,1166,562
10000,9875,7,3136,669,876
10000,9875,8,3490,354,766
10000,9875,9,3639,149,577
10000,9875,10,3691,52,377
10000,9875,11,3702,11,191
10000,9875,12,3711,9,98
10000,9875,13,3716,5,54
10000,9875,14,3717,1,31
10000,9875,15,3719,2,14
10000,9875,16,3719,0,9
10000,9875,17,3719,0,5
10000,9875,18,3719,0,0
10000,9875,19,3719,0,1
10000,9875,20,3719,0,1
10000,9875,21,3719,0,0
10000,9875,22,3719,0,0
10000,9875,23,3719,0,0
10000,9875,24,3719,0,0
10000,9875,25,3719,0,0
10000,9875,26,3719,0,0
10000,9875,27,3719,0,0
10000,9875,28,3719,0,0
10000,9875,29,3719,0,0
10000,9875,1,22,17,3
10000,9875,2,78,56,15
10000,9875,3,553,475,46
10000,9875,4,1752,1199,372
10000,9875,5,2672,920,1007
10000,9875,6,3112,440,901
10000,9875,7,3263,151,584
10000,9875,8,3321,58,255
10000,9875,9,3337,16,105
10000,9875,10,3345,8,38
10000,9875,11,3345,0,17
10000,9875,12,3345,0,2
10000,9875,13,3345,0,0
10000,9875,14,3345,0,0
10000,9875,15,3345,0,0
10000,9875,16,3345,0,0
10000,9875,17,3345,0,0
10000,9875,18,3345,0,0
10000,9875,19,3345,0,0
10000,9875,20,3345,0,0
10000,9875,21,3345,0,0
10000,9875,1,7,2,2
10000,9875,2,10,3,2
10000,9875,3,22,12,1
10000,9875,4,72,50,6
10000,9875,5,624,552,19
10000,9875,6,2323,1699,140
10000,9875,7,3622,1299,564
10000,9875,8,4153,531,761
10000,9875,9,4323,170,678
10000,9875,10,4372,49,514
10000,9875,11,4396,24,430
10000,9875,12,4406,10,313
10000,9875,13,4407,1,248
10000,9875,14,4407,0,188
10000,9875,15,4407,0,120
10000,9875,16,4407,0,116
10000,9875,17,4407,0,70
10000,9875,18,4407,0,59
10000,9875,19,4407,0,47
10000,9875,20,4407,0,36
10000,9875,21,4407,0,28
10000,9875,22,4407,0,19
10000,9875,23,4407,0,12
10000,9875,24,4407,0,7
10000,9875,25,4407,0,4
10000,9875,26,4407,0,2
10000,9875,27,4407,0,8
10000,9875,28,4407,0,4
10000,9875,29,4407,0,1
10000,9875,30,4407,0,4
10000,9875,31,4407,0,1
10000,9875,32,4407,0,0
10000,9875,33,4407,0,1
10000,9875,34,4407,0,0
10000,9875,35,4407,0,0
10000,9875,36,4407,0,1
10000,9875,37,4407,0,1
10000,9875,38,4407,0,0
10000,9875,39,4407,0,0
10000,9875,40,4407,0,0
10000,9875,41,4407,0,0
10000,9875,42,4407,0,0
10000,9875,43,4407,0,0
10000,9875,44,4407,0,0
10000,9875,45,4407,0,0
10000,9875,46,4407,0,0
10000,9875,1,9,4,2
10000,9875,2,27,18,3
10000,9875,3,302,275,13
10000,9875,4,1698,1396,138
10000,9875,5,3269,1571,752
10000,9875,6,3942,673,1127
10000,9875,7,4175,233,980
10000,9875,8,4234,59,601
10000,9875,9,4254,20,319
10000,9875,10,4260,6,162
10000,9875,11,4260,0,90
10000,9875,12,4260,0,38
10000,9875,13,4260,0,19
10000,9875,14,4260,0,9
10000,9875,15,4260,0,5
10000,9875,16,4260,0,1
10000,9875,17,4260,0,0
10000,9875,18,4260,0,1
10000,9875,19,4260,0,0
10000,9875,20,4260,0,0
10000,9875,21,4260,0,0
10000,9875,22,4260,0,0
10000,9875,23,4260,0,0
10000,9875,24,4260,0,0
10000,9875,25,4260,0,0
10000,9875,26,4260,0,0
10000,9875,27,4260,0,0
10000,9875,1,9,4,2
10000,9875,2,30,21,5
10000,9875,3,276,246,20
10000,9875,4,1615,1339,191
10000,9875,5,3155,1540,1076
10000,9875,6,3823,668,1412
10000,9875,7,4008,185,819
10000,9875,8,4052,44,338
10000,9875,9,4064,12,132
10000,9875,10,4068,4,56
10000,9875,11,4068,0,14
10000,9875,12,4068,0,3
10000,9875,13,4068,0,0
10000,9875,14,4068,0,0
10000,9875,15,4068,0,0
10000,9875,16,4068,0,0
10000,9875,17,4068,0,0
10000,9875,18,4068,0,0
10000,9875,19,4068,0,0
10000,9875,20,4068,0,0
10000,9875,21,4068,0,0
10000,39340,1,9,4,2
10000,39340,2,99,90,2
10000,39340,3,824,725,24
10000,39340,4,3069,2245,188
10000,39340,5,4921,1852,733
10000,39340,6,5815,894,1052
10000,39340,7,6279,464,950
10000,39340,8,6507,228,813
10000,39340,9,6666,159,715
10000,39340,10,6769,103,549
10000,39340,11,6808,39,446
10000,39340,12,6839,31,317
10000,39340,13,6863,24,247
10000,39340,14,6872,9,214
10000,39340,15,6882,10,146
10000,39340,16,6891,9,115
10000,39340,17,6894,3,97
10000,39340,18,6895,1,69
10000,39340,19,6896,1,56
10000,39340,20,6896,0,38
10000,39340,21,6896,0,24
10000,39340,22,6897,1,24
10000,39340,23,6897,0,17
10000,39340,24,6897,0,11
10000,39340,25,6897,0,14
10000,39340,26,6897,0,8
10000,39340,27,6897,0,9
10000,39340,28,6897,0,6
10000,39340,29,6897,0,2
10000,39340,30,6897,0,2
10000,39340,31,6897,0,1
10000,39340,32,6897,0,2
10000,39340,33,6897,0,1
10000,39340,34,6897,0,1
10000,39340,35,6897,0,1
10000,39340,36,6897,0,0
10000,39340,37,6897,0,1
10000,39340,38,6897,0,0
10000,39340,39,6897,0,0
10000,39340,40,6897,0,0
10000,39340,41,6897,0,0
10000,39340,42,6897,0,0
10000,39340,43,6897,0,0
10000,39340,44,6897,0,0
10000,39340,45,6897,0,0
10000,39340,46,6897,0,0
10000,39340,1,9,4,3
10000,39340,2,70,61,5
10000,39340,3,753,683,25
10000,39340,4,2984,2231,356
10000,39340,5,4811,1827,1314
10000,39340,6,5610,799,1563
10000,39340,7,5933,323,1200
10000,39340,8,6055,122,703
10000,39340,9,6104,49,447
10000,39340,10,6129,25,243
10000,39340,11,6140,11,139
10000,39340,12,6149,9,73
10000,39340,13,6151,2,45
10000,39340,14,6151,0,18
10000,39340,15,6151,0,12
10000,39340,16,6151,0,3
10000,39340,17,6151,0,2
10000,39340,18,6151,0,0
10000,39340,19,6151,0,0
10000,39340,20,6151,0,0
10000,39340,21,6151,0,0
10000,39340,22,6151,0,0
10000,39340,23,6151,0,0
10000,39340,24,6151,0,0
10000,39340,25,6151,0,0
10000,39340,26,6151,0,0
10000,39340,1,11,6,3
10000,39340,2,45,34,7
10000,39340,3,353,308,25
10000,39340,4,1879,1526,247
10000,39340,5,3978,2099,1173
10000,39340,6,4994,1016,1853
10000,39340,7,5338,344,1274
10000,39340,8,5440,102,571
10000,39340,9,5470,30,212
10000,39340,10,5489,19,78
10000,39340,11,5501,12,35
10000,39340,12,5505,4,16
10000,39340,13,5505,0,9
10000,39340,14,5505,0,1
10000,39340,15,5505,0,1
10000,39340,16,5505,0,0
10000,39340,17,5505,0,0
10000,39340,18,5505,0,0
10000,39340,19,5505,0,0
10000,39340,20,5505,0,0
10000,39340,21,5505,0,0
10000,39340,22,5505,0,0
10000,39340,23,5505,0,0
10000,39340,24,5505,0,0
10000,39340,1,21,16,0
10000,39340,2,465,444,1
10000,39340,3,3556,3091,131
10000,39340,4,6187,2631,849
10000,39340,5,7049,862,1332
10000,39340,6,7370,321,1183
10000,39340,7,7501,131,957
10000,39340,8,7546,45,743
10000,39340,9,7569,23,582
10000,39340,10,7581,12,503
10000,39340,11,7584,3,301
10000,39340,12,7585,1,260
10000,39340,13,7586,1,183
10000,39340,14,7586,0,145
10000,39340,15,7586,0,108
10000,39340,16,7586,0,75
10000,39340,17,7586,0,54
10000,39340,18,7586,0,50
10000,39340,19,7586,0,47
10000,39340,20,7586,0,24
10000,39340,21,7586,0,11
10000,39340,22,7586,0,15
10000,39340,23,7586,0,9
10000,39340,24,7586,0,10
10000,39340,25,7586,0,7
10000,39340,26,7586,0,1
10000,39340,27,7586,0,0
10000,39340,28,7586,0,0
10000,39340,29,7586,0,1
10000,39340,30,7586,0,1
10000,39340,31,7586,0,0
10000,39340,32,7586,0,0
10000,39340,33,7586,0,1
10000,39340,34,7586,0,0
10000,39340,35,7586,0,0
10000,39340,36,7586,0,1
10000,39340,37,7586,0,0
10000,39340,38,7586,0,0
10000,39340,39,7586,0,0
10000,39340,40,7586,0,0
10000,39340,41,7586,0,1
10000,39340,42,7586,0,0
10000,39340,43,7586,0,0
10000,39340,44,7586,0,0
10000,39340,45,7586,0,0
10000,39340,46,7586,0,0
10000,39340,47,7586,0,0
10000,39340,48,7586,0,0
10000,39340,49,7586,0,0
10000,39340,50,7586,0,0
10000,39340,1,51,46,2
10000,39340,2,1122,1071,24
10000,39340,3,4719,3597,541
10000,39340,4,6533,1814,2065
10000,39340,5,7068,535,1992
10000,39340,6,7197,129,1232
10000,39340,7,7239,42,667
10000,39340,8,7257,18,380
10000,39340,9,7262,5,176
10000,39340,10,7262,0,81
10000,39340,11,7262,0,56
10000,39340,12,7262,0,19
10000,39340,13,7262,0,9
10000,39340,14,7262,0,5
10000,39340,15,7262,0,4
10000,39340,16,7262,0,5
10000,39340,17,7262,0,1
10000,39340,18,7262,0,3
10000,39340,19,7262,0,0
10000,39340,20,7262,0,0
10000,39340,21,7262,0,0
10000,39340,22,7262,0,0
10000,39340,23,7262,0,0
10000,39340,24,7262,0,0
10000,39340,25,7262,0,0
10000,39340,26,7262,0,0
10000,39340,27,7262,0,0
10000,39340,1,8,3,4
10000,39340,2,23,15,3
10000,39340,3,436,413,12
10000,39340,4,3351,2915,287
10000,39340,5,6012,2661,2276
10000,39340,6,6734,722,2552
10000,39340,7,6894,160,1217
10000,39340,8,6927,33,406
10000,39340,9,6941,14,134
10000,39340,10,6944,3,34
10000,39340,11,6944,0,13
10000,39340,12,6944,0,6
10000,39340,13,6944,0,0
10000,39340,14,6944,0,0
10000,39340,15,6944,0,0
10000,39340,16,6944,0,0
10000,39340,17,6944,0,0
10000,39340,18,6944,0,0
10000,39340,19,6944,0,0
10000,39340,20,6944,0,0
10000,39340,21,6944,0,0
10000,39340,1,60,55,1
10000,39340,2,1744,1684,20
10000,39340,3,5996,4252,442
10000,39340,4,7404,1408,1374
10000,39340,5,7704,300,1379
10000,39340,6,7764,60,1092
10000,39340,7,7783,19,866
10000,39340,8,7786,3,648
10000,39340,9,7790,4,497
10000,39340,10,7790,0,382
10000,39340,11,7790,0,302
10000,39340,12,7790,0,208
10000,39340,13,7790,0,124
10000,39340,14,7790,0,112
10000,39340,15,7790,0,86
10000,39340,16,7790,0,55
10000,39340,17,7790,0,47
10000,39340,18,7790,0,40
10000,39340,19,7790,0,37
10000,39340,20,7790,0,20
10000,39340,21,7790,0,18
10000,39340,22,7790,0,12
10000,39340,23,7790,0,4
10000,39340,24,7790,0,5
10000,39340,25,7790,0,5
10000,39340,26,7790,0,4
10000,39340,27,7790,0,1
10000,39340,28,7790,0,4
10000,39340,29,7790,0,0
10000,39340,30,7790,0,0
10000,39340,31,7790,0,1
10000,39340,32,7790,0,1
10000,39340,33,7790,0,1
10000,39340,34,7790,0,0
10000,39340,35,7790,0,0
10000,39340,36,7790,0,1
10000,39340,37,7790,0,0
10000,39340,38,7790,0,1
10000,39340,39,7790,0,0
10000,39340,40,7790,0,0
10000,39340,41,7790,0,0
10000,39340,42,7790,0,0
10000,39340,43,7790,0,0
10000,39340,44,7790,0,0
10000,39340,45,7790,0,0
10000,39340,46,7790,0,0
10000,39340,47,7790,0,0
10000,39340,1,35,30,4
10000,39340,2,639,604,18
10000,39340,3,4671,4032,335
10000,39340,4,7103,2432,2152
10000,39340,5,7596,493,2275
10000,39340,6,7685,89,1374
10000,39340,7,7698,13,762
10000,39340,8,7702,4,390
10000,39340,9,7702,0,198
10000,39340,10,7702,0,89
10000,39340,11,7702,0,55
10000,39340,12,7702,0,25
10000,39340,13,7702,0,14
10000,39340,14,7702,0,9
10000,39340,15,7702,0,2
10000,39340,16,7702,0,0
10000,39340,17,7702,0,0
10000,39340,18,7702,0,0
10000,39340,19,7702,0,0
10000,39340,20,7702,0,0
10000,39340,21,7702,0,0
10000,39340,22,7702,0,0
10000,39340,23,7702,0,0
10000,39340,24,7702,0,0
10000,39340,1,28,23,3
10000,39340,2,916,888,20
10000,39340,3,5102,4186,687
10000,39340,4,7142,2040,3289
10000,39340,5,7467,325,2390
10000,39340,6,7522,55,822
10000,39340,7,7534,12,237
10000,39340,8,7534,0,66
10000,39340,9,7534,0,15
10000,39340,10,7534,0,2
10000,39340,11,7534,0,3
10000,39340,12,7534,0,0
10000,39340,13,7534,0,0
10000,39340,14,7534,0,0
10000,39340,15,7534,0,0
10000,39340,16,7534,0,0
10000,39340,17,7534,0,0
10000,39340,18,7534,0,0
10000,39340,19,7534,0,0
10000,39340,20,7534,0,0
10000,76187,1,17,12,2
10000,76187,2,105,88,2
10000,76187,3,1231,1126,22
10000,76187,4,4832,3601,291
10000,76187,5,6758,1926,1124
10000,76187,6,7490,732,1339
10000,76187,7,7799,309,1158
10000,76187,8,7959,160,1021
10000,76187,9,8051,92,747
10000,76187,10,8095,44,581
10000,76187,11,8117,22,448
10000,76187,12,8126,9,337
10000,76187,13,8136,10,256
10000,76187,14,8143,7,189
10000,76187,15,8144,1,140
10000,76187,16,8146,2,143
10000,76187,17,8146,0,88
10000,76187,18,8147,1,77
10000,76187,19,8147,0,41
10000,76187,20,8147,0,34
10000,76187,21,8147,0,21
10000,76187,22,8147,0,19
10000,76187,23,8147,0,21
10000,76187,24,8147,0,18
10000,76187,25,8147,0,3
10000,76187,26,8147,0,7
10000,76187,27,8147,0,4
10000,76187,28,8147,0,2
10000,76187,29,8147,0,3
10000,76187,30,8147,0,5
10000,76187,31,8147,0,2
10000,76187,32,8147,0,2
10000,76187,33,8147,0,0
10000,76187,34,8147,0,0
10000,76187,35,8147,0,0
10000,76187,36,8147,0,0
10000,76187,37,8147,0,0
10000,76187,38,8147,0,0
10000,76187,39,8147,0,0
10000,76187,40,8147,0,0
10000,76187,41,8147,0,0
10000,76187,1,30,25,2
10000,76187,2,498,468,16
10000,76187,3,3526,3028,234
10000,76187,4,6284,2758,1689
10000,76187,5,7139,855,2186
10000,76187,6,7440,301,1501
10000,76187,7,7555,115,953
10000,76187,8,7601,46,502
10000,76187,9,7616,15,243
10000,76187,10,7628,12,138
10000,76187,11,7628,0,88
10000,76187,12,7629,1,32
10000,76187,13,7630,1,27
10000,76187,14,7630,0,11
10000,76187,15,7630,0,6
10000,76187,16,7630,0,1
10000,76187,17,7630,0,1
10000,76187,18,7630,0,0
10000,76187,19,7630,0,0
10000,76187,20,7630,0,0
10000,76187,21,7630,0,0
10000,76187,22,7630,0,0
10000,76187,23,7630,0,0
10000,76187,24,7630,0,0
10000,76187,25,7630,0,0
10000,76187,26,7630,0,0
10000,76187,1,21,16,4
10000,76187,2,241,220,12
10000,76187,3,2596,2355,165
10000,76187,4,5758,3162,1798
10000,76187,5,6751,993,2819
10000,76187,6,7004,253,1462
10000,76187,7,7076,72,567
10000,76187,8,7092,16,196
10000,76187,9,7093,1,49
10000,76187,10,7094,1,17
10000,76187,11,7095,1,3
10000,76187,12,7097,2,3
10000,76187,13,7097,0,2
10000,76187,14,7097,0,0
10000,76187,15,7097,0,0
10000,76187,16,7097,0,0
10000,76187,17,7097,0,0
10000,76187,18,7097,0,0
10000,76187,19,7097,0,0
10000,76187,20,7097,0,0
10000,76187,21,7097,0,0
10000,76187,22,7097,0,0
10000,76187,1,79,74,1
10000,76187,2,1905,1826,24
10000,76187,3,6719,4814,474
10000,76187,4,8075,1356,1563
10000,76187,5,8419,344,1509
10000,76187,6,8533,114,1209
10000,76187,7,8575,42,908
10000,76187,8,8587,12,713
10000,76187,9,8591,4,554
10000,76187,10,8596,5,389
10000,76187,11,8596,0,340
10000,76187,12,8597,1,228
10000,76187,13,8598,1,168
10000,76187,14,8598,0,139
10000,76187,15,8598,0,93
10000,76187,16,8598,0,62
10000,76187,17,8598,0,60
10000,76187,18,8598,0,37
10000,76187,19,8598,0,32
10000,76187,20,8598,0,23
10000,76187,21,8598,0,24
10000,76187,22,8598,0,11
10000,76187,23,8598,0,11
10000,76187,24,8598,0,9
10000,76187,25,8598,0,3
10000,76187,26,8598,0,3
10000,76187,27,8598,0,2
10000,76187,28,8598,0,1
10000,76187,29,8598,0,1
10000,76187,30,8598,0,0
10000,76187,31,8598,0,2
10000,76187,32,8598,0,1
10000,76187,33,8598,0,0
10000,76187,34,8598,0,0
10000,76187,35,8598,0,1
10000,76187,36,8598,0,0
10000,76187,37,8598,0,1
10000,76187,38,8598,0,1
10000,76187,39,8598,0,0
10000,76187,40,8598,0,0
10000,76187,41,8598,0,0
10000,76187,42,8598,0,0
10000,76187,43,8598,0,0
10000,76187,44,8598,0,1
10000,76187,45,8598,0,0
10000,76187,46,8598,0,0
10000,76187,47,8598,0,0
10000,76187,48,8598,0,0
10000,76187,49,8598,0,0
10000,76187,50,8598,0,0
10000,76187,51,8598,0,0
10000,76187,52,8598,0,0
10000,76187,53,8598,0,0
10000,76187,1,40,35,1
10000,76187,2,1036,996,21
10000,76187,3,5953,4917,503
10000,76187,4,7919,1966,2708
10000,76187,5,8309,390,2327
10000,76187,6,8397,88,1311
10000,76187,7,8415,18,771
10000,76187,8,8427,12,394
10000,76187,9,8429,2,187
10000,76187,10,8429,0,114
10000,76187,11,8429,0,48
10000,76187,12,8429,0,23
10000,76187,13,8429,0,13
10000,76187,14,8430,1,2
10000,76187,15,8430,0,1
10000,76187,16,8430,0,4
10000,76187,17,8430,0,1
10000,76187,18,8430,0,1
10000,76187,19,8430,0,0
10000,76187,20,8430,0,0
10000,76187,21,8430,0,0
10000,76187,22,8430,0,0
10000,76187,23,8430,0,0
10000,76187,24,8430,0,0
10000,76187,25,8430,0,0
10000,76187,26,8430,0,0
10000,76187,27,8430,0,0
10000,76187,1,26,21,4
10000,76187,2,682,656,17
10000,76187,3,5395,4713,488
10000,76187,4,7745,2350,3735
10000,76187,5,8090,345,2666
10000,76187,6,8140,50,862
10000,76187,7,8155,15,266
10000,76187,8,8159,4,88
10000,76187,9,8159,0,27
10000,76187,10,8159,0,5
10000,76187,11,8159,0,1
10000,76187,12,8159,0,0
10000,76187,13,8159,0,0
10000,76187,14,8159,0,0
10000,76187,15,8159,0,0
10000,76187,16,8159,0,0
10000,76187,17,8159,0,0
10000,76187,18,8159,0,0
10000,76187,19,8159,0,0
10000,76187,20,8159,0,0
10000,76187,1,62,57,0
10000,76187,2,2120,2058,15
10000,76187,3,7487,5367,527
10000,76187,4,8567,1080,1750
10000,76187,5,8731,164,1445
10000,76187,6,8765,34,1205
10000,76187,7,8773,8,943
10000,76187,8,8776,3,715
10000,76187,9,8777,1,550
10000,76187,10,8777,0,396
10000,76187,11,8777,0,294
10000,76187,12,8777,0,237
10000,76187,13,8777,0,173
10000,76187,14,8777,0,138
10000,76187,15,8777,0,88
10000,76187,16,8777,0,68
10000,76187,17,8777,0,57
10000,76187,18,8777,0,42
10000,76187,19,8777,0,35
10000,76187,20,8777,0,25
10000,76187,21,8777,0,12
10000,76187,22,8777,0,22
10000,76187,23,8777,0,13
10000,76187,24,8777,0,3
10000,76187,25,8777,0,7
10000,76187,26,8777,0,4
10000,76187,27,8777,0,3
10000,76187,28,8777,0,3
10000,76187,29,8777,0,1
10000,76187,30,8777,0,2
10000,76187,31,8777,0,0
10000,76187,32,8777,0,1
10000,76187,33,8777,0,1
10000,76187,34,8777,0,0
10000,76187,35,8777,0,0
10000,76187,36,8777,0,0
10000,76187,37,8777,0,1
10000,76187,38,8777,0,0
10000,76187,39,8777,0,0
10000,76187,40,8777,0,0
10000,76187,41,8777,0,0
10000,76187,42,8777,0,1
10000,76187,43,8777,0,0
10000,76187,44,8777,0,0
10000,76187,45,8777,0,0
10000,76187,46,8777,0,0
10000,76187,47,8777,0,0
10000,76187,48,8777,0,0
10000,76187,49,8777,0,0
10000,76187,50,8777,0,0
10000,76187,51,8777,0,0
10000,76187,1,71,66,2
10000,76187,2,2784,2713,34
10000,76187,3,7751,4967,1365
10000,76187,4,8558,807,3205
10000,76187,5,8660,102,1993
10000,76187,6,8681,21,1005
10000,76187,7,8684,3,538
10000,76187,8,8684,0,256
10000,76187,9,8684,0,128
10000,76187,10,8684,0,79
10000,76187,11,8684,0,42
10000,76187,12,8684,0,15
10000,76187,13,8684,0,10
10000,76187,14,8684,0,6
10000,76187,15,8684,0,3
10000,76187,16,8684,0,1
10000,76187,17,8684,0,1
10000,76187,18,8684,0,0
10000,76187,19,8684,0,1
10000,76187,20,8684,0,0
10000,76187,21,8684,0,0
10000,76187,22,8684,0,0
10000,76187,23,8684,0,0
10000,76187,24,8684,0,0
10000,76187,25,8684,0,0
10000,76187,26,8684,0,0
10000,76187,27,8684,0,0
10000,76187,28,8684,0,0
10000,76187,1,99,94,3
10000,76187,2,3090,2991,71
10000,76187,3,7851,4761,2225
10000,76187,4,8554,703,4181
10000,76187,5,8615,61,1528
10000,76187,6,8623,8,463
10000,76187,7,8623,0,116
10000,76187,8,8623,0,30
10000,76187,9,8623,0,4
10000,76187,10,8623,0,2
10000,76187,11,8623,0,0
10000,76187,12,8623,0,0
10000,76187,13,8623,0,0
10000,76187,14,8623,0,0
10000,76187,15,8623,0,0
10000,76187,16,8623,0,0
10000,76187,17,8623,0,0
10000,76187,18,8623,0,0
10000,76187,19,8623,0,0
