0.38777176
0.201806633
0.123724925
0.169280531
0.200585617
0.129481697
0.180737585
0.173044859
0.18101563
0.345258062
0.482652265
0.456007816
0.225837868
0.217559584
0.231461338
0.194630038
0.19722596
0.181386167
0.393560347
0.406004412
0.442883311
0.319637172
0.323289322
0.324525447
0.280507897
0.290663482
0.286809075
41.820296061
13.297766145
12.477398783
41.719031216
16.570493866
64.987839748
27.859414083
24.65155861
14.204449498
41.04316276
48.971803151
54.785297203
26.834337137
28.744725828
24.763513352
21.523177036
20.583680343
19.732694911
78.590909289
48.170373193
56.069750663
62.931640833
41.712349873
38.227623462
33.552548741
37.946471879
41.539992285
74.209715547
52.331293203
71.672467892
160.666403964
273.530677369
83.179105693
105.550466226
101.645723434
105.198715324
181.236966439
223.281468672
255.3116251
102.440479956
105.417761297
116.021706351
89.112145077
86.63158588
114.557167011
803.459250808
836.466624112
1010.946684592
424.299211911
711.246790659
612.314513079
623.736330238
629.030643832
618.840785912
