0.02257232
0.016611933
0.013612532
0.020337649
0.022958455
0.018343248
0.028644869
0.020220865
0.013818832
0.021663739
0.019802665
0.0221914
0.019976235
0.019449575
0.017851428
0.019639747
0.018059355
0.017231398
0.021876511
0.021903319
0.019983716
0.020647705
0.018379661
0.017748083
0.019980078
0.018387189
0.018645745
0.041176383
0.044756206
0.033939234
0.093078653
0.039936742
0.09369447
0.061080323
0.057294183
0.070657189
0.078173767
0.066317458
0.078514844
0.063131106
0.064802507
0.054214582
0.062459238
0.056241364
0.050478569
0.074505938
0.077190673
0.075286943
0.06370364
0.070153924
0.074643422
0.065053055
0.059172544
0.07709166
0.231348
0.080950861
0.060492549
0.155883224
0.058725761
0.215804668
0.110170142
0.105232416
0.13188318
0.176224078
0.155005992
0.152392699
0.103323629
0.123807879
0.107674273
0.116101522
0.08916849
0.08741725
0.219211115
0.193345171
0.160535741
0.194245344
0.372784156
0.497278106
0.854284785
0.773050371
0.769371451
