0.271760499
0.122727801
0.117696184
0.158291088
0.206532935
0.144116481
0.175967669
0.154167933
0.164782717
0.099177263
0.123986516
0.126643974
0.084022376
0.089966675
0.09195372
0.084772362
0.073512018
0.069337863
0.102097792
0.082888594
0.087269938
0.072374512
0.068797295
0.067457645
0.065437215
0.083709663
0.065851757
95.640859561
12.856183678
11.070313795
26.996010364
9.246747695
12.019722287
18.755695908
17.452880696
20.846228831
6.310061878
8.458682452
9.865524906
4.658648866
4.554438741
4.410005907
3.463363758
3.377494591
3.483181293
3.988396934
4.504344106
4.593548237
3.138731196
3.080027878
3.269112539
2.756192233
2.732374606
2.892873641
49.744535128
65.638106651
23.540569853
91.048878501
110.322408599
42.105379831
53.613567026
51.036953173
54.018960195
21.202881352
24.923805427
29.293610123
13.694734219
13.833475632
12.925996885
11.859103739
10.903942917
10.952106976
13.396885196
13.445812838
14.484017936
9.86581325
10.127706442
10.473552046
9.223530518
9.882178487
10.2506162
