0.023886848
0.017539676
0.015756821
0.018074231
0.016670558
0.014613235
0.017826468
0.01729176
0.015196253
0.020463262
0.020769803
0.018856864
0.01895162
0.016773051
0.016259231
0.018933764
0.015875493
0.015907102
0.019518528
0.020923598
0.016807828
0.019810905
0.017892835
0.033396227
0.033113799
0.017188204
0.033001348
0.061440075
0.056962593
0.050090892
0.057768352
0.049016143
0.044880096
0.062897432
0.04877987
0.048187872
0.05958295
0.059319772
0.049987381
0.059367938
0.047113542
0.046768703
0.052503878
0.045596573
0.044712215
0.06382392
0.06133695
0.058945383
0.063904786
0.061105603
0.058339562
0.061287367
0.051775661
0.057438619
0.12051221
0.076694601
0.085980468
0.096487107
0.071954131
0.06343078
0.08501959
0.069883954
0.063179395
0.135449397
0.103854227
0.099577603
0.096280067
0.095454824
0.081258609
0.093503106
0.076521851
0.077140551
0.172716532
0.123408785
0.123455024
0.138392217
0.440235586
0.300158623
0.747237681
0.716856575
0.744438168
