0.185393556
0.170165109
0.143427883
0.161620458
0.137845664
0.121395753
0.174192953
0.141130797
0.113758967
0.135481064
0.123740661
0.115356448
0.115633578
0.109206659
0.104395394
0.121561772
0.099500846
0.092928042
0.116426622
0.116755622
0.100174257
0.101456187
0.098917965
0.102723859
0.098350686
0.094667453
0.084422066
22.144290413
16.049332789
15.997083006
22.08349292
16.102243523
13.655750315
19.013786181
14.754520636
10.209387746
15.05852489
12.67426697
9.082232386
10.57236304
7.806459013
7.235561837
9.352005116
7.142700824
5.375397167
7.304634185
6.743780524
6.771481836
8.350885815
5.636096736
4.293088164
6.966136526
4.534294244
4.183341005
71.824479583
58.463470941
52.261962862
68.134151827
42.867458116
33.4610705
64.252699176
40.134424288
35.355106751
41.448509708
32.244697118
28.582776748
33.113850341
21.516101319
19.148237103
25.582658785
18.750909932
16.919093226
23.817673983
20.114422759
17.25490747
20.151881934
15.935151376
13.964321485
18.680215589
14.70316035
12.23301877
