0.232546039
0.102136727
0.160676489
0.171684435
0.13351566
0.12785447
0.169933724
0.130339248
0.114583921
0.812537424
0.589915124
0.423128644
0.422629598
0.363645464
0.325963803
0.43932222
0.299087017
0.269594609
0.722245588
0.673737339
0.66325641
0.77701434
0.575486859
0.522681097
0.546523717
0.443181496
0.394631646
36.787516347
26.438083664
23.467417361
37.075014204
23.413411227
18.408763253
31.058496632
13.493881672
18.211559628
108.170226019
48.767324736
58.402386744
62.778547775
44.998714021
39.173441265
58.531985849
40.236597078
30.840041896
166.217531547
112.086465656
83.743460855
82.907046828
65.789283286
54.368058019
68.603058117
58.811377271
53.870373197
176.719492519
114.376922773
108.121508292
142.996990924
95.000841065
89.23021673
160.6944333
90.279331049
73.136199217
435.548886487
353.70877154
243.981191123
408.702347988
218.664772475
192.287861783
249.200287031
174.978061793
170.468724879
1325.71531964
1278.361144042
1155.709224635
1193.034188809
871.598034669
963.817574955
1266.633555007
977.532230713
619.268440994
