0.014732252
0.014240064
0.019014721
0.014715675
0.018779334
0.014399181
0.023896384
0.014568193
0.020846326
0.027506701
0.023883597
0.024800583
0.030511833
0.02272162
0.021660175
0.021960927
0.019848156
0.019991715
0.024822274
0.022836781
0.022387563
0.023565078
0.022030471
0.021536787
0.023021624
0.020526585
0.020194705
0.036613092
0.041298676
0.039797703
0.090466943
0.040896407
0.123867623
0.074236051
0.071165802
0.070565207
0.073526724
0.074676365
0.083355004
0.062079429
0.061917885
0.058026714
0.060715974
0.054084107
0.051965472
0.078569783
0.096628056
0.082645663
0.090168372
0.067622526
0.062723172
0.074998759
0.059428603
0.065918298
0.367420363
0.05450953
0.057351501
0.160630045
0.050271353
0.054940456
0.07019747
0.057531516
0.117115085
0.168150742
0.129585175
0.17863816
0.128704019
0.110834883
0.111103128
0.112048367
0.106988268
0.090494652
0.211569991
0.183426403
0.216549389
0.169046102
0.195746235
0.149890697
0.182815299
0.159436948
0.131279203
