0.128988528
0.125033374
0.121322221
0.15538575
0.235785979
0.126000509
0.163186439
0.1257778
0.147856513
0.428796584
0.438386109
0.478232778
0.247428449
0.233565339
0.487736499
0.229965517
0.211978356
0.207472824
0.464110122
0.45833832
0.506776739
0.363577003
0.387246279
0.378715617
0.323838514
0.295387182
0.322899099
154.663539725
13.304435224
13.164924661
16.97689171
11.797704111
39.314868335
32.116245211
29.542817417
11.78972282
43.853900411
50.655448165
53.195126347
27.466409675
28.673675885
33.675057324
24.57522196
22.361300191
23.758949063
57.983874498
65.291841179
61.811480631
42.545100583
42.314810155
42.774933033
34.832764853
36.311967698
38.388373071
55.379617719
42.625393443
58.727333495
41.790820185
42.655337495
41.95463067
59.337693394
42.629203532
106.960876737
205.847316155
217.129562953
263.387535667
109.887584806
123.48522112
118.113333996
92.112872454
91.853140927
96.047679574
689.661437815
736.179164678
738.40336608
555.643592777
510.733492003
531.957485602
435.577194992
451.829332295
428.939571594
