0.011606504
0.011991952
0.011637157
0.013227534
0.023485954
0.011189968
0.018240873
0.011639802
0.018093651
0.021493529
0.020095385
0.019498474
0.019528813
0.017069683
0.016567449
0.018895218
0.016714752
0.0167701
0.020353063
0.019583497
0.018909965
0.019818041
0.0181665
0.017566156
0.01951317
0.016426032
0.016454647
0.038992041
0.034999735
0.036595094
0.090939532
0.034716528
0.032393284
0.064550781
0.062591741
0.064405388
0.074586044
0.08146254
0.066417729
0.057336651
0.05357742
0.050609543
0.052679784
0.051729297
0.049250786
0.078517119
0.076542251
0.073588871
0.067128071
0.063256742
0.05869219
0.081193277
0.057969715
0.058626491
0.046104813
0.070459613
0.056924442
0.04916168
0.051520373
0.048637119
0.064894274
0.051766888
0.114155627
0.137753574
0.095819005
0.155687699
0.113267964
0.105729516
0.106773479
0.103763092
0.092060419
0.095598567
0.20841806
0.184945507
0.188711633
0.16469635
0.156938234
0.14624734
0.151645159
0.130395966
0.134254597
