0.116342539
0.117775309
0.125429322
0.144525047
0.130720826
0.117989194
0.14968829
0.115388389
0.147165083
0.131790653
0.108461375
0.113305331
0.096760459
0.085068402
0.094090231
0.080141291
0.078403258
0.080252386
0.089841102
0.090904678
0.09640224
0.079516025
0.083084629
0.080766254
0.069841981
0.06568107
0.070059175
14.790585504
8.917164014
8.905926027
32.211727821
7.43230292
8.140915516
17.006591478
17.244107558
7.266284699
7.221977223
7.728166249
9.386789427
4.401096074
4.835110874
4.93143647
4.099862933
3.755094272
3.989702398
4.352084369
6.121559749
4.67137152
3.549631474
3.230125713
3.554127422
2.895030232
3.087664609
3.067698614
54.334106219
21.740745942
26.198971613
93.249928383
21.605069359
21.705797989
33.660315454
21.594347496
58.666204608
23.176346467
26.963327059
28.741163111
13.884599085
13.986694811
14.962554871
11.173194356
11.814719594
12.594135348
13.920182078
14.645412001
14.570131859
10.939088703
10.210589519
10.129225837
8.796532569
8.494381415
8.780756214
