0.09941391
0.099026816
0.103612781
0.165304284
0.104830354
0.130467806
0.187371705
0.125821444
0.105525901
0.829199998
0.47624438
0.391563756
0.59617955
0.493574822
0.488091812
0.540245855
0.339576425
0.276908049
1.125674166
0.821744044
0.718223252
0.676814858
0.622176247
0.485506843
0.683183533
0.524256358
0.957895732
16.880304074
12.88664939
14.427513396
37.095630732
14.8570566
12.046348881
18.902434075
13.177619476
11.824271827
46.479858739
45.849772148
45.019464914
63.053402093
55.721101525
42.897439233
69.341404964
44.052830394
31.568065073
116.040769631
115.303140335
80.870987999
88.349364417
74.92843449
62.652613174
80.471251155
68.24661636
49.684954432
201.166132863
50.384435524
54.895004416
64.820822667
50.279537767
93.944544593
89.840567586
50.095998587
54.630375599
404.09117461
303.376268826
276.08763867
344.585421986
242.893130289
254.911554593
292.403284844
227.813757361
165.506368127
1524.483102298
1206.049057607
1157.62369616
892.411012726
738.184225376
806.859032594
885.638871111
737.676934415
589.343014686
