0.014617431
0.011474619
0.010515812
0.01126953
0.015144223
0.011318529
0.013665615
0.014441723
0.011309692
0.022531886
0.018746498
0.015712587
0.017672054
0.013940899
0.013964852
0.01662061
0.016547104
0.014296261
0.02771781
0.018134078
0.017356153
0.021288115
0.019406957
0.015584008
0.018951454
0.017295479
0.017337412
0.043056098
0.032085273
0.03455308
0.031841456
0.034446991
0.036453182
0.045252246
0.032694698
0.035831792
0.058451588
0.056152384
0.053915726
0.055505288
0.057806843
0.043895276
0.055281907
0.044253174
0.04044781
0.066815699
0.063470275
0.060145205
0.058853071
0.058044991
0.054120178
0.073748369
0.058492307
0.660489981
0.119007314
0.04741435
0.057592366
0.050255206
0.051405385
0.068995987
0.051844833
0.052249198
0.048039376
0.116026332
0.093613045
0.089917953
0.102363346
0.084429497
0.107837465
0.086066221
0.086742579
0.072110405
0.133382113
0.240503691
0.252623858
0.126467048
0.12447546
0.13520832
0.111327857
0.126645337
0.097086995
