0.111376497
0.114538415
0.106926814
0.190344568
0.106823589
0.126714862
0.120195947
0.105899459
0.10515908
0.140108768
0.123587956
0.119398163
0.131321014
0.114661115
0.115092067
0.121613677
0.108626673
0.093340457
0.131914735
0.114785799
0.104091332
0.102537176
0.104522085
0.105670527
0.102050073
0.095771459
0.127221165
7.992107817
8.143397808
7.374471355
21.059148106
8.49309112
7.24454903
9.615451086
13.194317364
7.437889228
8.70729751
10.264553568
8.492944224
11.38069015
7.870562308
7.535874198
9.669639333
7.442213725
5.48290658
8.928734878
8.128796156
7.011831073
6.147197762
6.195617266
5.268636021
6.122712188
4.868428804
4.351172898
57.577402244
23.464527827
23.545860027
29.986138141
21.413634613
37.268891328
27.757093194
23.178439898
21.407365247
40.783148422
32.921447558
26.342796754
35.963523055
24.305347985
21.641792101
29.528008011
22.759127006
16.771754583
27.239043879
24.610128142
21.576069488
25.068798475
18.531930566
16.296575672
18.419245709
14.964980254
12.442735941
