1,12,7,2
2,34,22,1
3,67,33,7
4,93,26,11
5,123,30,19
6,139,16,18
7,151,12,19
8,155,4,21
9,161,6,17
10,161,0,10
11,163,2,13
12,164,1,6
13,165,1,7
14,166,1,2
15,166,0,2
16,166,0,5
17,167,1,1
18,168,1,2
19,168,0,0
20,168,0,1
21,168,0,2
22,168,0,1
23,168,0,0
24,168,0,0
25,168,0,0
26,168,0,0
27,168,0,0
28,168,0,0
29,168,0,0
30,168,0,0
31,168,0,1
32,168,0,0
33,168,0,0
34,168,0,0
35,168,0,0
36,168,0,0
37,168,0,0
38,168,0,0
39,168,0,0
40,168,0,0
1,18,13,3
2,39,21,4
3,69,30,16
4,99,30,16
5,122,23,36
6,131,9,21
7,140,9,17
8,146,6,13
9,149,3,9
10,151,2,9
11,152,1,1
12,152,0,3
13,152,0,2
14,152,0,1
15,152,0,1
16,152,0,0
17,152,0,0
18,152,0,0
19,152,0,0
20,152,0,0
21,152,0,0
22,152,0,0
23,152,0,0
24,152,0,0
1,21,16,3
2,46,25,14
3,80,34,24
4,100,20,31
5,108,8,19
6,117,9,15
7,120,3,8
8,120,0,5
9,120,0,1
10,120,0,0
11,120,0,0
12,120,0,0
13,120,0,0
14,120,0,0
15,120,0,0
16,120,0,0
17,120,0,0
18,120,0,0
1,32,27,2
2,98,66,6
3,151,53,19
4,184,33,27
5,199,15,36
6,205,6,24
7,205,0,23
8,209,4,20
9,209,0,10
10,210,1,8
11,210,0,9
12,210,0,4
13,210,0,8
14,210,0,0
15,210,0,7
16,210,0,2
17,210,0,2
18,210,0,1
19,210,0,1
20,210,0,0
21,210,0,0
22,210,0,0
23,210,0,1
24,210,0,0
25,210,0,0
26,210,0,0
27,210,0,0
28,210,0,0
29,210,0,0
30,210,0,0
31,210,0,0
32,210,0,0
1,12,7,1
2,40,28,5
3,96,56,21
4,141,45,33
5,165,24,39
6,171,6,31
7,177,6,21
8,180,3,11
9,181,1,6
10,181,0,11
11,181,0,1
12,181,0,0
13,181,0,0
14,181,0,1
15,181,0,0
16,181,0,0
17,181,0,0
18,181,0,0
19,181,0,0
20,181,0,0
21,181,0,0
22,181,0,0
23,181,0,0
1,15,10,5
2,45,30,9
3,85,40,25
4,113,28,36
5,139,26,26
6,152,13,27
7,158,6,18
8,160,2,7
9,160,0,5
10,160,0,2
11,160,0,0
12,160,0,0
13,160,0,0
14,160,0,0
15,160,0,0
16,160,0,0
17,160,0,0
18,160,0,0
19,160,0,0
1,38,33,0
2,123,85,9
3,181,58,33
4,212,31,35
5,222,10,41
6,224,2,30
7,224,0,21
8,224,0,23
9,224,0,6
10,224,0,7
11,224,0,4
12,224,0,4
13,224,0,3
14,224,0,3
15,224,0,0
16,224,0,1
17,224,0,1
18,224,0,1
19,224,0,0
20,224,0,0
21,224,0,0
22,224,0,0
23,224,0,1
24,224,0,0
25,224,0,0
26,224,0,0
27,224,0,0
28,224,0,0
29,224,0,0
30,224,0,0
31,224,0,0
32,224,0,1
33,224,0,0
34,224,0,0
35,224,0,0
36,224,0,0
37,224,0,0
38,224,0,0
39,224,0,0
40,224,0,0
41,224,0,0
1,50,45,1
2,135,85,26
3,180,45,59
4,198,18,45
5,203,5,30
6,203,0,23
7,203,0,6
8,203,0,5
9,203,0,2
10,203,0,3
11,203,0,1
12,203,0,2
13,203,0,0
14,203,0,0
15,203,0,0
16,203,0,0
17,203,0,0
18,203,0,0
19,203,0,0
20,203,0,0
21,203,0,0
1,23,18,3
2,93,70,18
3,166,73,48
4,189,23,72
5,194,5,39
6,196,2,10
7,197,1,6
8,197,0,1
9,197,0,0
10,197,0,0
11,197,0,0
12,197,0,0
13,197,0,0
14,197,0,0
15,197,0,0
16,197,0,0
17,197,0,0
1,36,31,0
2,144,108,3
3,255,111,33
4,298,43,53
5,327,29,35
6,342,15,47
7,348,6,45
8,354,6,38
9,355,1,19
10,356,1,16
11,357,1,14
12,357,0,11
13,357,0,11
14,357,0,9
15,357,0,4
16,357,0,6
17,357,0,1
18,357,0,2
19,357,0,5
20,357,0,1
21,358,1,0
22,358,0,2
23,358,0,1
24,358,0,1
25,358,0,0
26,358,0,0
27,358,0,0
28,358,0,1
29,358,0,0
30,358,0,0
31,358,0,0
32,358,0,0
33,358,0,0
34,358,0,0
35,358,0,0
36,358,0,0
37,358,0,0
1,31,26,2
2,118,87,17
3,218,100,49
4,268,50,74
5,295,27,65
6,306,11,44
7,313,7,28
8,314,1,15
9,314,0,10
10,315,1,3
11,317,2,4
12,317,0,3
13,317,0,1
14,317,0,1
15,317,0,0
16,317,0,0
17,317,0,1
18,317,0,0
19,317,0,0
20,317,0,0
21,317,0,0
22,317,0,0
23,317,0,0
24,317,0,0
25,317,0,0
26,317,0,0
1,49,44,5
2,156,107,36
3,238,82,77
4,273,35,94
5,282,9,45
6,285,3,20
7,285,0,6
8,285,0,2
9,285,0,0
10,285,0,0
11,285,0,0
12,285,0,0
13,285,0,0
14,285,0,0
15,285,0,0
16,285,0,0
17,285,0,0
1,46,41,1
2,211,165,9
3,321,110,48
4,368,47,56
5,381,13,72
6,383,2,34
7,384,1,41
8,384,0,30
9,385,1,23
10,386,1,23
11,386,0,14
12,386,0,9
13,386,0,6
14,386,0,9
15,386,0,3
16,386,0,2
17,386,0,1
18,386,0,1
19,386,0,2
20,386,0,0
21,386,0,1
22,386,0,0
23,386,0,0
24,386,0,0
25,386,0,0
26,386,0,0
27,386,0,1
28,386,0,0
29,386,0,0
30,386,0,0
31,386,0,0
32,386,0,0
33,386,0,0
34,386,0,0
35,386,0,0
36,386,0,0
1,9,4,4
2,21,12,1
3,113,92,10
4,281,168,47
5,344,63,107
6,359,15,90
7,363,4,49
8,365,2,23
9,366,1,13
10,366,0,13
11,366,0,4
12,366,0,2
13,366,0,3
14,366,0,0
15,366,0,0
16,366,0,0
17,366,0,0
18,366,0,0
19,366,0,0
20,366,0,0
21,366,0,0
22,366,0,0
1,17,12,3
2,111,94,12
3,272,161,79
4,332,60,135
5,341,9,79
6,342,1,28
7,342,0,4
8,342,0,2
9,342,0,0
10,342,0,0
11,342,0,0
12,342,0,0
13,342,0,0
14,342,0,0
15,342,0,0
16,342,0,0
17,342,0,0
1,70,65,3
2,277,207,19
3,360,83,65
4,380,20,57
5,387,7,64
6,390,3,39
7,392,2,34
8,392,0,32
9,392,0,19
10,392,0,12
11,392,0,10
12,392,0,6
13,392,0,9
14,392,0,5
15,392,0,3
16,392,0,4
17,392,0,3
18,392,0,4
19,392,0,1
20,392,0,0
21,392,0,0
22,392,0,0
23,392,0,0
24,392,0,1
25,392,0,1
26,392,0,0
27,392,0,0
28,392,0,0
29,392,0,0
30,392,0,0
31,392,0,1
32,392,0,0
33,392,0,0
34,392,0,0
35,392,0,0
36,392,0,0
37,392,0,0
38,392,0,0
39,392,0,0
40,392,0,0
1,59,54,4
2,251,192,30
3,367,116,104
4,383,16,116
5,385,2,75
6,385,0,32
7,385,0,13
8,386,1,6
9,386,0,2
10,386,0,3
11,386,0,0
12,386,0,0
13,386,0,1
14,386,0,0
15,386,0,0
16,386,0,0
17,386,0,0
18,386,0,0
19,386,0,0
20,386,0,0
21,386,0,0
22,386,0,0
1,69,64,3
2,279,210,49
3,367,88,178
4,377,10,105
5,381,4,32
6,381,0,11
7,381,0,3
8,381,0,0
9,381,0,0
10,381,0,0
11,381,0,0
12,381,0,0
13,381,0,0
14,381,0,0
15,381,0,0
16,381,0,0
1,15,10,2
2,95,80,4
3,264,169,21
4,344,80,61
5,380,36,54
6,394,14,70
7,399,5,44
8,408,9,48
9,412,4,18
10,413,1,22
11,414,1,16
12,415,1,16
13,415,0,5
14,415,0,9
15,415,0,7
16,415,0,5
17,415,0,3
18,415,0,1
19,415,0,2
20,415,0,0
21,415,0,2
22,415,0,1
23,415,0,0
24,415,0,1
25,415,0,1
26,415,0,0
27,415,0,0
28,415,0,1
29,415,0,0
30,415,0,0
31,415,0,0
32,415,0,0
33,415,0,0
34,415,0,1
35,415,0,0
36,415,0,0
37,415,0,0
38,415,0,0
39,415,0,0
40,415,0,0
41,415,0,0
42,415,0,0
43,415,0,0
1,75,70,2
2,245,170,28
3,344,99,105
4,365,21,90
5,372,7,59
6,376,4,43
7,383,7,21
8,383,0,19
9,384,1,9
10,384,0,2
11,384,0,2
12,384,0,3
13,384,0,1
14,384,0,0
15,384,0,0
16,384,0,0
17,384,0,0
18,384,0,0
19,384,0,0
20,384,0,0
21,384,0,0
22,384,0,0
1,37,32,5
2,178,141,25
3,301,123,116
4,341,40,116
5,350,9,62
6,350,0,17
7,351,1,6
8,351,0,3
9,351,0,0
10,351,0,1
11,351,0,0
12,351,0,0
13,351,0,0
14,351,0,0
15,351,0,0
16,351,0,0
17,351,0,0
18,351,0,0
19,351,0,0
1,39,34,0
2,242,203,8
3,385,143,65
4,411,26,72
5,422,11,70
6,424,2,45
7,427,3,43
8,428,1,24
9,428,0,20
10,429,1,14
11,429,0,19
12,429,0,15
13,429,0,11
14,429,0,3
15,429,0,4
16,429,0,6
17,429,0,1
18,429,0,3
19,429,0,0
20,429,0,0
21,429,0,4
22,429,0,1
23,429,0,1
24,429,0,0
25,429,0,0
26,429,0,0
27,429,0,0
28,429,0,0
29,429,0,0
30,429,0,0
31,429,0,0
32,429,0,0
1,122,117,3
2,347,225,57
3,401,54,137
4,412,11,90
5,415,3,62
6,416,1,27
7,417,1,19
8,417,0,12
9,417,0,7
10,417,0,1
11,417,0,0
12,417,0,0
13,417,0,1
14,417,0,0
15,417,0,0
16,417,0,1
17,417,0,0
18,417,0,0
19,417,0,0
20,417,0,0
21,417,0,0
22,417,0,0
23,417,0,0
24,417,0,0
25,417,0,0
1,106,101,4
2,322,216,74
3,378,56,180
4,393,15,90
5,394,1,35
6,394,0,8
7,394,0,2
8,394,0,0
9,394,0,0
10,394,0,0
11,394,0,1
12,394,0,0
13,394,0,0
14,394,0,0
15,394,0,0
16,394,0,0
17,394,0,0
18,394,0,0
19,394,0,0
20,394,0,0
1,182,177,2
2,386,204,46
3,426,40,78
4,429,3,59
5,430,1,60
6,432,2,39
7,433,1,40
8,433,0,25
9,433,0,26
10,433,0,11
11,433,0,12
12,433,0,10
13,433,0,7
14,433,0,7
15,433,0,5
16,433,0,2
17,433,0,1
18,433,0,2
19,433,0,0
20,433,0,0
21,433,0,0
22,433,0,0
23,433,0,0
24,433,0,1
25,433,0,0
26,433,0,0
27,433,0,0
28,433,0,0
29,433,0,0
30,433,0,0
31,433,0,0
32,433,0,0
33,433,0,0
1,73,68,2
2,343,270,38
3,421,78,157
4,431,10,114
5,432,1,52
6,432,0,41
7,432,0,15
8,432,0,5
9,432,0,4
10,432,0,3
11,432,0,1
12,432,0,0
13,432,0,0
14,432,0,0
15,432,0,0
16,432,0,0
17,432,0,0
18,432,0,0
19,432,0,0
20,432,0,0
1,71,66,3
2,324,253,46
3,416,92,209
4,424,8,126
5,425,1,31
6,425,0,6
7,425,0,2
8,425,0,1
9,425,0,0
10,425,0,1
11,425,0,0
12,425,0,0
13,425,0,0
14,425,0,0
15,425,0,0
16,425,0,0
17,425,0,0
18,425,0,0
19,425,0,0
1,78,73,1
2,322,244,23
3,664,342,69
4,999,335,137
5,1234,235,204
6,1391,157,182
7,1489,98,193
8,1548,59,172
9,1582,34,150
10,1609,27,101
11,1635,26,93
12,1651,16,71
13,1660,9,75
14,1663,3,40
15,1670,7,45
16,1672,2,33
17,1673,1,21
18,1676,3,15
19,1676,0,10
20,1676,0,9
21,1676,0,7
22,1676,0,5
23,1677,1,8
24,1677,0,4
25,1677,0,1
26,1677,0,3
27,1677,0,1
28,1677,0,0
29,1677,0,0
30,1678,1,2
31,1679,1,2
32,1679,0,0
33,1679,0,0
34,1680,1,0
35,1680,0,2
36,1680,0,0
37,1681,1,1
38,1681,0,0
39,1681,0,1
40,1681,0,0
41,1681,0,0
42,1681,0,0
43,1681,0,0
44,1681,0,0
45,1681,0,0
46,1681,0,0
47,1681,0,0
48,1681,0,0
1,20,15,3
2,51,31,3
3,143,92,26
4,346,203,52
5,640,294,130
6,903,263,226
7,1032,129,250
8,1109,77,166
9,1154,45,131
10,1177,23,88
11,1193,16,52
12,1203,10,32
13,1205,2,21
14,1207,2,13
15,1210,3,8
16,1210,0,4
17,1210,0,2
18,1210,0,3
19,1210,0,0
20,1210,0,0
21,1210,0,0
22,1210,0,0
23,1210,0,0
24,1210,0,0
25,1210,0,0
26,1210,0,0
27,1210,0,0
1,12,7,4
2,21,9,5
3,35,14,7
4,65,30,15
5,157,92,28
6,379,222,69
7,636,257,183
8,812,176,233
9,918,106,205
10,976,58,120
11,1003,27,83
12,1012,9,37
13,1016,4,20
14,1017,1,6
15,1017,0,1
16,1017,0,0
17,1017,0,1
18,1017,0,0
19,1017,0,0
20,1017,0,0
21,1017,0,0
22,1017,0,0
23,1017,0,0
24,1017,0,0
25,1017,0,0
26,1017,0,0
1,107,102,1
2,573,466,24
3,1237,664,146
4,1621,384,273
5,1814,193,287
6,1901,87,292
7,1955,54,223
8,1982,27,177
9,1994,12,148
10,2000,6,113
11,2003,3,81
12,2007,4,53
13,2008,1,46
14,2008,0,32
15,2008,0,27
16,2008,0,19
17,2008,0,15
18,2008,0,17
19,2008,0,13
20,2008,0,3
21,2008,0,7
22,2008,0,2
23,2008,0,2
24,2008,0,0
25,2008,0,3
26,2008,0,0
27,2008,0,3
28,2008,0,0
29,2008,0,0
30,2008,0,0
31,2008,0,0
32,2008,0,0
33,2008,0,0
34,2008,0,0
35,2008,0,0
36,2008,0,0
37,2008,0,0
38,2008,0,1
39,2008,0,0
40,2008,0,0
41,2008,0,0
42,2008,0,0
43,2008,0,0
44,2008,0,0
45,2008,0,0
46,2008,0,0
47,2008,0,0
1,40,35,2
2,242,202,16
3,809,567,114
4,1334,525,339
5,1613,279,434
6,1727,114,336
7,1785,58,236
8,1808,23,152
9,1819,11,96
10,1824,5,40
11,1825,1,23
12,1828,3,23
13,1828,0,5
14,1828,0,4
15,1828,0,3
16,1828,0,4
17,1828,0,0
18,1828,0,1
19,1828,0,0
20,1828,0,0
21,1828,0,0
22,1828,0,0
23,1828,0,0
24,1828,0,0
25,1828,0,0
26,1828,0,0
27,1828,0,0
1,22,17,4
2,145,123,17
3,608,463,95
4,1155,547,359
5,1429,274,514
6,1541,112,322
7,1571,30,185
8,1580,9,62
9,1582,2,20
10,1582,0,4
11,1582,0,0
12,1582,0,0
13,1582,0,0
14,1582,0,0
15,1582,0,0
16,1582,0,0
17,1582,0,0
18,1582,0,0
19,1582,0,0
1,30,25,1
2,245,215,8
3,1056,811,61
4,1764,708,261
5,2067,303,367
6,2155,88,336
7,2189,34,276
8,2196,7,211
9,2198,2,170
10,2200,2,118
11,2200,0,97
12,2200,0,69
13,2200,0,63
14,2200,0,39
15,2200,0,35
16,2200,0,22
17,2200,0,13
18,2200,0,18
19,2200,0,7
20,2200,0,10
21,2200,0,6
22,2200,0,5
23,2200,0,2
24,2200,0,1
25,2200,0,2
26,2200,0,0
27,2200,0,1
28,2200,0,0
29,2200,0,0
30,2200,0,0
31,2200,0,0
32,2200,0,1
33,2200,0,0
34,2200,0,0
35,2200,0,0
36,2200,0,0
37,2200,0,0
38,2200,0,0
39,2200,0,0
40,2200,0,0
41,2200,0,0
1,58,53,2
2,507,449,34
3,1359,852,222
4,1869,510,541
5,2038,169,529
6,2090,52,368
7,2113,23,196
8,2116,3,112
9,2116,0,60
10,2116,0,24
11,2116,0,16
12,2116,0,7
13,2116,0,2
14,2116,0,2
15,2116,0,0
16,2116,0,0
17,2116,0,1
18,2116,0,0
19,2116,0,0
20,2116,0,0
21,2116,0,0
22,2116,0,0
23,2116,0,0
24,2116,0,0
25,2116,0,0
26,2116,0,0
1,33,28,5
2,197,164,20
3,954,757,121
4,1672,718,606
5,1939,267,700
6,2006,67,360
7,2026,20,134
8,2031,5,55
9,2035,4,16
10,2036,1,13
11,2036,0,6
12,2036,0,0
13,2036,0,0
14,2036,0,0
15,2036,0,0
16,2036,0,0
17,2036,0,0
18,2036,0,0
19,2036,0,0
20,2036,0,0
1,26,21,1
2,198,172,5
3,1173,975,39
4,2253,1080,284
5,2846,593,469
6,3109,263,515
7,3244,135,451
8,3313,69,366
9,3366,53,303
10,3392,26,244
11,3402,10,196
12,3407,5,145
13,3413,6,113
14,3414,1,65
15,3417,3,52
16,3419,2,40
17,3421,2,32
18,3421,0,28
19,3421,0,18
20,3421,0,20
21,3421,0,10
22,3421,0,9
23,3421,0,6
24,3421,0,1
25,3421,0,2
26,3421,0,1
27,3421,0,2
28,3421,0,0
29,3421,0,0
30,3421,0,2
31,3421,0,0
32,3421,0,1
33,3421,0,0
34,3421,0,0
35,3421,0,1
36,3421,0,0
37,3421,0,0
38,3421,0,0
39,3421,0,0
40,3421,0,0
41,3421,0,0
42,3421,0,0
43,3421,0,0
44,3421,0,0
1,91,86,2
2,769,678,51
3,1887,1118,383
4,2534,647,717
5,2823,289,676
6,2933,110,516
7,2979,46,287
8,3002,23,163
9,3009,7,99
10,3012,3,54
11,3016,4,33
12,3017,1,21
13,3019,2,12
14,3019,0,1
15,3019,0,2
16,3020,1,0
17,3020,0,1
18,3020,0,2
19,3020,0,0
20,3020,0,0
21,3020,0,0
22,3020,0,0
23,3020,0,0
24,3020,0,0
25,3020,0,0
26,3020,0,0
27,3020,0,0
1,81,76,4
2,584,503,61
3,1686,1102,382
4,2340,654,905
5,2563,223,730
6,2652,89,351
7,2678,26,161
8,2681,3,69
9,2682,1,12
10,2683,1,6
11,2683,0,1
12,2683,0,1
13,2683,0,0
14,2683,0,0
15,2683,0,0
16,2683,0,0
17,2683,0,0
18,2683,0,0
19,2683,0,0
20,2683,0,0
21,2683,0,0
1,199,194,3
2,1632,1433,39
3,3041,1409,389
4,3498,457,669
5,3642,144,577
6,3701,59,502
7,3720,19,389
8,3730,10,306
9,3732,2,223
10,3735,3,151
11,3735,0,116
12,3735,0,87
13,3735,0,53
14,3735,0,58
15,3735,0,39
16,3735,0,27
17,3735,0,26
18,3735,0,20
19,3735,0,13
20,3735,0,14
21,3735,0,5
22,3735,0,7
23,3735,0,3
24,3735,0,9
25,3735,0,4
26,3735,0,3
27,3735,0,0
28,3735,0,0
29,3735,0,2
30,3735,0,0
31,3735,0,0
32,3735,0,0
33,3735,0,0
34,3735,0,0
35,3735,0,0
36,3735,0,0
37,3735,0,1
38,3735,0,0
39,3735,0,0
40,3735,0,0
41,3735,0,0
42,3735,0,0
43,3735,0,0
44,3735,0,0
45,3735,0,0
46,3735,0,0
1,271,266,0
2,1808,1537,135
3,3078,1270,858
4,3436,358,1020
5,3545,109,702
6,3577,32,410
7,3586,9,231
8,3590,4,119
9,3590,0,55
10,3590,0,31
11,3590,0,16
12,3590,0,3
13,3590,0,5
14,3590,0,2
15,3590,0,2
16,3590,0,1
17,3590,0,0
18,3590,0,0
19,3590,0,0
20,3590,0,0
21,3590,0,0
22,3590,0,0
23,3590,0,0
24,3590,0,0
25,3590,0,0
1,30,25,5
2,597,567,19
3,2345,1748,427
4,3165,820,1410
5,3361,196,1001
6,3402,41,361
7,3411,9,128
8,3413,2,45
9,3413,0,15
10,3413,0,2
11,3413,0,0
12,3413,0,0
13,3413,0,0
14,3413,0,0
15,3413,0,0
16,3413,0,0
17,3413,0,0
18,3413,0,0
19,3413,0,0
1,43,38,1
2,679,636,14
3,2878,2199,145
4,3638,760,700
5,3794,156,706
6,3832,38,548
7,3840,8,404
8,3842,2,345
9,3843,1,255
10,3843,0,193
11,3843,0,143
12,3843,0,111
13,3843,0,66
14,3843,0,60
15,3843,0,41
16,3843,0,30
17,3843,0,13
18,3843,0,20
19,3843,0,11
20,3843,0,8
21,3843,0,10
22,3843,0,7
23,3843,0,0
24,3843,0,4
25,3843,0,0
26,3843,0,2
27,3843,0,0
28,3843,0,3
29,3843,0,0
30,3843,0,0
31,3843,0,1
32,3843,0,1
33,3843,0,1
34,3843,0,0
35,3843,0,0
36,3843,0,0
37,3843,0,0
38,3843,0,0
39,3843,0,0
40,3843,0,0
41,3843,0,0
42,3843,0,0
1,89,84,2
2,1435,1346,47
3,3295,1860,701
4,3707,412,1276
5,3774,67,861
6,3791,17,415
7,3796,5,245
8,3796,0,130
9,3796,0,55
10,3796,0,34
11,3796,0,17
12,3796,0,6
13,3796,0,3
14,3796,0,2
15,3796,0,0
16,3796,0,1
17,3796,0,0
18,3796,0,0
19,3796,0,1
20,3796,0,0
21,3796,0,0
22,3796,0,0
23,3796,0,0
24,3796,0,0
25,3796,0,0
26,3796,0,0
27,3796,0,0
28,3796,0,0
1,191,186,3
2,1981,1790,137
3,3414,1433,1388
4,3679,265,1401
5,3712,33,557
6,3715,3,164
7,3715,0,49
8,3715,0,14
9,3715,0,2
10,3715,0,0
11,3715,0,0
12,3715,0,0
13,3715,0,0
14,3715,0,0
15,3715,0,0
16,3715,0,0
17,3715,0,0
18,3715,0,0
1,166,161,2
2,1362,1196,38
3,2937,1575,309
4,3579,642,647
5,3814,235,660
6,3924,110,577
7,3999,75,398
8,4038,39,326
9,4055,17,289
10,4069,14,178
11,4074,5,152
12,4077,3,119
13,4081,4,79
14,4084,3,81
15,4084,0,55
16,4084,0,42
17,4085,1,32
18,4085,0,23
19,4085,0,15
20,4085,0,12
21,4085,0,23
22,4085,0,6
23,4085,0,10
24,4085,0,4
25,4085,0,0
26,4085,0,4
27,4085,0,0
28,4085,0,2
29,4085,0,0
30,4085,0,0
31,4085,0,1
32,4085,0,1
33,4085,0,0
34,4085,0,0
35,4085,0,0
36,4085,0,0
37,4085,0,0
38,4085,0,0
39,4085,0,0
40,4085,0,0
41,4085,0,0
1,179,174,3
2,1348,1169,82
3,2943,1595,603
4,3510,567,1077
5,3689,179,854
6,3757,68,516
7,3777,20,298
8,3795,18,169
9,3801,6,87
10,3802,1,53
11,3802,0,31
12,3802,0,13
13,3802,0,7
14,3802,0,2
15,3802,0,4
16,3802,0,2
17,3802,0,1
18,3802,0,0
19,3802,0,0
20,3802,0,0
21,3802,0,0
22,3802,0,0
23,3802,0,0
24,3802,0,0
25,3802,0,0
26,3802,0,0
1,86,81,4
2,1007,921,65
3,2717,1710,704
4,3317,600,1450
5,3489,172,821
6,3550,61,333
7,3564,14,131
8,3568,4,48
9,3568,0,11
10,3568,0,1
11,3568,0,0
12,3568,0,0
13,3568,0,0
14,3568,0,0
15,3568,0,0
16,3568,0,0
17,3568,0,0
18,3568,0,0
19,3568,0,0
1,193,188,2
2,2166,1973,57
3,3786,1620,546
4,4145,359,765
5,4233,88,701
6,4269,36,562
7,4283,14,398
8,4287,4,284
9,4289,2,240
10,4289,0,185
11,4290,1,143
12,4290,0,101
13,4290,0,79
14,4290,0,53
15,4290,0,55
16,4290,0,31
17,4290,0,25
18,4290,0,17
19,4290,0,12
20,4290,0,7
21,4290,0,5
22,4290,0,3
23,4290,0,5
24,4290,0,1
25,4290,0,2
26,4290,0,3
27,4290,0,2
28,4290,0,4
29,4290,0,0
30,4290,0,0
31,4290,0,0
32,4290,0,1
33,4290,0,0
34,4290,0,0
35,4290,0,0
36,4290,0,0
37,4290,0,0
38,4290,0,0
39,4290,0,0
40,4290,0,0
41,4290,0,0
42,4290,0,0
43,4290,0,0
44,4290,0,0
45,4290,0,0
46,4290,0,0
47,4290,0,0
48,4290,0,0
49,4290,0,0
50,4290,0,0
51,4290,0,0
52,4290,0,0
53,4290,0,1
54,4290,0,0
55,4290,0,0
56,4290,0,0
57,4290,0,0
58,4290,0,0
59,4290,0,0
60,4290,0,0
61,4290,0,0
62,4290,0,0
1,151,146,4
2,2021,1870,73
3,3784,1763,983
4,4111,327,1352
5,4167,56,874
6,4180,13,442
7,4186,6,232
8,4186,0,117
9,4186,0,46
10,4186,0,23
11,4186,0,16
12,4186,0,9
13,4186,0,6
14,4186,0,4
15,4186,0,3
16,4186,0,0
17,4186,0,1
18,4186,0,1
19,4186,0,0
20,4186,0,0
21,4186,0,0
22,4186,0,0
23,4186,0,0
24,4186,0,0
25,4186,0,0
26,4186,0,0
27,4186,0,0
1,379,374,3
2,2740,2361,279
3,3901,1161,1870
4,4056,155,1323
5,4087,31,409
6,4092,5,149
7,4092,0,47
8,4092,0,5
9,4092,0,5
10,4093,1,2
11,4093,0,1
12,4093,0,0
13,4093,0,0
14,4093,0,0
15,4093,0,0
16,4093,0,0
17,4093,0,0
18,4093,0,0
19,4093,0,0
20,4093,0,0
1,138,133,0
2,2346,2208,34
3,4106,1760,560
4,4336,230,879
5,4368,32,682
6,4377,9,563
7,4379,2,420
8,4379,0,328
9,4379,0,226
10,4379,0,175
11,4379,0,129
12,4379,0,104
13,4379,0,70
14,4379,0,57
15,4379,0,36
16,4379,0,19
17,4379,0,22
18,4379,0,15
19,4379,0,15
20,4379,0,10
21,4379,0,9
22,4379,0,3
23,4379,0,10
24,4379,0,1
25,4379,0,1
26,4379,0,5
27,4379,0,3
28,4379,0,1
29,4379,0,0
30,4379,0,1
31,4379,0,1
32,4379,0,0
33,4379,0,0
34,4379,0,0
35,4379,0,0
36,4379,0,0
37,4379,0,0
38,4379,0,0
39,4379,0,0
40,4379,0,0
1,251,246,2
2,2907,2656,130
3,4211,1304,1371
4,4317,106,1316
5,4338,21,774
6,4341,3,377
7,4341,0,192
8,4341,0,91
9,4341,0,48
10,4341,0,19
11,4341,0,11
12,4341,0,4
13,4341,0,1
14,4341,0,3
15,4341,0,1
16,4341,0,1
17,4341,0,0
18,4341,0,0
19,4341,0,0
20,4341,0,0
21,4341,0,0
22,4341,0,0
23,4341,0,0
24,4341,0,0
25,4341,0,0
1,129,124,3
2,2341,2212,94
3,4108,1767,1686
4,4288,180,1771
5,4307,19,536
6,4308,1,156
7,4309,1,44
8,4309,0,16
9,4309,0,3
10,4309,0,0
11,4309,0,0
12,4309,0,0
13,4309,0,0
14,4309,0,0
15,4309,0,0
16,4309,0,0
17,4309,0,0
18,4309,0,0
1,15,10,1
2,45,30,3
3,230,185,10
4,762,532,62
5,1425,663,184
6,1977,552,286
7,2361,384,359
8,2650,289,357
9,2827,177,331
10,2962,135,315
11,3057,95,274
12,3114,57,212
13,3166,52,180
14,3198,32,143
15,3218,20,122
16,3229,11,98
17,3236,7,83
18,3240,4,55
19,3244,4,47
20,3245,1,29
21,3246,1,29
22,3247,1,19
23,3247,0,15
24,3247,0,10
25,3247,0,6
26,3247,0,6
27,3247,0,2
28,3247,0,1
29,3247,0,2
30,3247,0,1
31,3247,0,1
32,3247,0,3
33,3247,0,0
34,3247,0,0
35,3247,0,1
36,3247,0,0
37,3247,0,0
38,3247,0,0
39,3247,0,0
40,3247,0,0
41,3247,0,0
42,3247,0,0
43,3247,0,0
44,3247,0,0
1,18,13,2
2,66,48,4
3,268,202,28
4,782,514,104
5,1372,590,320
6,1824,452,467
7,2108,284,465
8,2277,169,344
9,2359,82,249
10,2415,56,181
11,2449,34,130
12,2470,21,82
13,2489,19,48
14,2494,5,33
15,2495,1,17
16,2496,1,10
17,2496,0,6
18,2496,0,3
19,2496,0,0
20,2496,0,1
21,2496,0,0
22,2496,0,1
23,2496,0,1
24,2496,0,0
25,2496,0,0
26,2496,0,0
27,2496,0,0
28,2496,0,0
29,2496,0,0
30,2496,0,0
31,2496,0,0
32,2496,0,0
1,30,25,3
2,168,138,22
3,594,426,109
4,1175,581,350
5,1581,406,538
6,1795,214,428
7,1899,104,245
8,1949,50,151
9,1982,33,77
10,2005,23,47
11,2009,4,29
12,2010,1,7
13,2010,0,4
14,2010,0,0
15,2010,0,0
16,2010,0,0
17,2010,0,0
18,2010,0,0
19,2010,0,0
20,2010,0,0
21,2010,0,0
22,2010,0,0
1,25,20,1
2,231,206,2
3,1167,936,53
4,2434,1267,285
5,3263,829,513
6,3688,425,600
7,3898,210,611
8,3997,99,435
9,4044,47,381
10,4065,21,285
11,4073,8,223
12,4082,9,162
13,4087,5,139
14,4089,2,83
15,4090,1,67
16,4092,2,64
17,4092,0,50
18,4093,1,44
19,4093,0,29
20,4094,1,16
21,4094,0,10
22,4094,0,8
23,4094,0,9
24,4094,0,10
25,4094,0,3
26,4094,0,2
27,4094,0,1
28,4094,0,2
29,4094,0,3
30,4094,0,3
31,4094,0,0
32,4094,0,0
33,4094,0,0
34,4094,0,0
35,4094,0,0
36,4094,0,0
37,4094,0,0
38,4094,0,0
39,4094,0,0
1,219,214,2
2,1133,914,113
3,2317,1184,520
4,3051,734,861
5,3407,356,779
6,3557,150,581
7,3610,53,342
8,3638,28,205
9,3649,11,133
10,3652,3,73
11,3653,1,31
12,3653,0,7
13,3653,0,4
14,3653,0,1
15,3653,0,1
16,3653,0,0
17,3653,0,0
18,3653,0,0
19,3653,0,0
20,3653,0,0
21,3653,0,0
22,3653,0,0
23,3653,0,0
24,3653,0,0
1,6,1,1
2,20,14,4
3,205,185,10
4,1125,920,150
5,2285,1160,711
6,2970,685,1031
7,3214,244,791
8,3317,103,401
9,3341,24,165
10,3348,7,59
11,3349,1,20
12,3349,0,5
13,3349,0,1
14,3349,0,0
15,3349,0,0
16,3349,0,0
17,3349,0,0
18,3349,0,0
19,3349,0,0
20,3349,0,0
21,3349,0,0
22,3349,0,0
1,175,170,0
2,1415,1240,39
3,3100,1685,335
4,3981,881,740
5,4288,307,701
6,4376,88,591
7,4409,33,483
8,4416,7,378
9,4418,2,290
10,4419,1,231
11,4420,1,160
12,4420,0,115
13,4420,0,80
14,4420,0,70
15,4420,0,52
16,4420,0,42
17,4420,0,33
18,4420,0,21
19,4420,0,8
20,4420,0,15
21,4420,0,10
22,4420,0,4
23,4420,0,3
24,4420,0,5
25,4420,0,6
26,4420,0,2
27,4420,0,1
28,4420,0,2
29,4420,0,1
30,4420,0,1
31,4420,0,0
32,4420,0,0
33,4420,0,0
34,4420,0,0
35,4420,0,0
36,4420,0,0
37,4420,0,0
38,4420,0,0
39,4420,0,0
40,4420,0,1
41,4420,0,0
42,4420,0,0
43,4420,0,0
44,4420,0,0
45,4420,0,0
46,4420,0,0
47,4420,0,0
48,4420,0,0
49,4420,0,0
1,37,32,1
2,434,397,18
3,2037,1603,202
4,3418,1381,877
5,4009,591,1135
6,4184,175,894
7,4235,51,511
8,4244,9,316
9,4248,4,131
10,4249,1,70
11,4250,1,52
12,4250,0,18
13,4250,0,10
14,4250,0,6
15,4250,0,5
16,4250,0,3
17,4250,0,0
18,4250,0,1
19,4250,0,0
20,4250,0,0
21,4250,0,0
22,4250,0,0
23,4250,0,0
24,4250,0,0
25,4250,0,0
26,4250,0,0
27,4250,0,0
1,10,5,5
2,26,16,2
3,238,212,17
4,1445,1207,166
5,3076,1631,945
6,3832,756,1450
7,4061,229,927
8,4112,51,403
9,4124,12,151
10,4127,3,41
11,4128,1,17
12,4128,0,4
13,4128,0,0
14,4128,0,0
15,4128,0,0
16,4128,0,0
17,4128,0,0
18,4128,0,0
19,4128,0,0
20,4128,0,0
21,4128,0,0
1,36,31,0
2,384,348,9
3,2177,1793,96
4,4423,2246,518
5,5609,1186,926
6,6168,559,1014
7,6470,302,877
8,6623,153,772
9,6730,107,601
10,6796,66,487
11,6824,28,394
12,6850,26,299
13,6865,15,214
14,6876,11,173
15,6886,10,129
16,6888,2,85
17,6889,1,83
18,6889,0,51
19,6892,3,41
20,6894,2,30
21,6894,0,21
22,6894,0,13
23,6894,0,12
24,6894,0,16
25,6894,0,7
26,6894,0,8
27,6894,0,5
28,6894,0,3
29,6894,0,1
30,6894,0,5
31,6894,0,0
32,6894,0,1
33,6894,0,0
34,6894,0,0
35,6894,0,1
36,6894,0,2
37,6894,0,0
38,6894,0,0
39,6894,0,0
40,6894,0,0
41,6894,0,0
42,6894,0,0
43,6894,0,0
44,6894,0,0
45,6894,0,0
1,18,13,4
2,145,127,7
3,1346,1201,74
4,3633,2287,624
5,5098,1465,1549
6,5691,593,1377
7,5946,255,1027
8,6064,118,661
9,6108,44,388
10,6123,15,190
11,6131,8,111
12,6134,3,67
13,6135,1,29
14,6136,1,15
15,6136,0,8
16,6136,0,3
17,6136,0,0
18,6136,0,1
19,6136,0,0
20,6136,0,1
21,6136,0,0
22,6136,0,0
23,6136,0,0
24,6136,0,0
25,6136,0,0
26,6136,0,0
27,6136,0,0
28,6136,0,0
29,6136,0,0
1,40,35,5
2,519,479,26
3,2487,1968,376
4,4364,1877,1561
5,5138,774,1801
6,5399,261,1024
7,5484,85,447
8,5511,27,180
9,5519,8,72
10,5521,2,17
11,5521,0,10
12,5522,1,1
13,5522,0,2
14,5522,0,0
15,5522,0,0
16,5522,0,0
17,5522,0,0
18,5522,0,0
19,5522,0,0
20,5522,0,0
21,5522,0,0
22,5522,0,0
1,39,34,1
2,717,678,10
3,4039,3322,190
4,6361,2322,971
5,7086,725,1294
6,7352,266,1209
7,7449,97,965
8,7485,36,703
9,7507,22,517
10,7516,9,395
11,7522,6,325
12,7523,1,249
13,7524,1,159
14,7524,0,133
15,7524,0,103
16,7524,0,82
17,7524,0,49
18,7524,0,55
19,7524,0,28
20,7524,0,18
21,7524,0,17
22,7524,0,12
23,7524,0,14
24,7524,0,6
25,7524,0,4
26,7524,0,5
27,7524,0,2
28,7524,0,3
29,7524,0,0
30,7524,0,3
31,7524,0,2
32,7524,0,0
33,7524,0,0
34,7524,0,0
35,7524,0,0
36,7524,0,0
37,7524,0,0
38,7524,0,0
39,7524,0,0
40,7524,0,0
1,181,176,0
2,2225,2044,87
3,5545,3320,1070
4,6704,1159,2159
5,7040,336,1732
6,7140,100,1022
7,7182,42,578
8,7190,8,258
9,7192,2,151
10,7195,3,73
11,7195,0,39
12,7195,0,14
13,7195,0,4
14,7195,0,1
15,7195,0,5
16,7195,0,2
17,7195,0,0
18,7195,0,0
19,7195,0,0
20,7195,0,0
21,7195,0,0
22,7195,0,0
23,7195,0,0
24,7195,0,0
25,7195,0,0
1,144,139,3
2,1887,1743,100
3,5259,3372,1333
4,6509,1250,2880
5,6800,291,1652
6,6863,63,634
7,6877,14,186
8,6879,2,69
9,6880,1,17
10,6880,0,5
11,6880,0,0
12,6880,0,1
13,6880,0,0
14,6880,0,0
15,6880,0,0
16,6880,0,0
17,6880,0,0
18,6880,0,0
19,6880,0,0
20,6880,0,0
21,6880,0,0
1,99,94,1
2,2034,1935,28
3,6174,4140,519
4,7453,1279,1412
5,7709,256,1332
6,7771,62,1098
7,7784,13,844
8,7790,6,616
9,7790,0,537
10,7791,1,377
11,7791,0,238
12,7791,0,180
13,7791,0,168
14,7791,0,123
15,7791,0,80
16,7791,0,55
17,7791,0,43
18,7791,0,28
19,7791,0,29
20,7791,0,24
21,7791,0,19
22,7791,0,7
23,7791,0,14
24,7791,0,4
25,7791,0,4
26,7791,0,2
27,7791,0,0
28,7791,0,1
29,7791,0,3
30,7791,0,2
31,7791,0,0
32,7791,0,0
33,7791,0,0
34,7791,0,1
35,7791,0,0
36,7791,0,0
37,7791,0,1
38,7791,0,1
39,7791,0,0
40,7791,0,0
41,7791,0,0
42,7791,0,0
43,7791,0,0
44,7791,0,0
45,7791,0,0
46,7791,0,0
47,7791,0,0
1,104,99,2
2,2041,1937,47
3,6226,4185,1014
4,7415,1189,2575
5,7615,200,1886
6,7654,39,1047
7,7664,10,542
8,7666,2,276
9,7666,0,138
10,7666,0,64
11,7666,0,43
12,7666,0,23
13,7666,0,6
14,7666,0,0
15,7666,0,3
16,7666,0,0
17,7666,0,0
18,7666,0,0
19,7666,0,0
20,7666,0,0
21,7666,0,0
22,7666,0,0
23,7666,0,0
24,7666,0,0
1,178,173,4
2,2904,2726,135
3,6558,3654,2058
4,7392,834,3248
5,7517,125,1447
6,7541,24,463
7,7543,2,135
8,7543,0,38
9,7543,0,10
10,7543,0,3
11,7543,0,1
12,7543,0,1
13,7543,0,0
14,7543,0,0
15,7543,0,0
16,7543,0,0
17,7543,0,0
18,7543,0,0
19,7543,0,0
20,7543,0,0
21,7543,0,0
1,114,109,2
2,1398,1284,29
3,5002,3604,354
4,6916,1914,1133
5,7550,634,1371
6,7843,293,1160
7,8003,160,958
8,8091,88,730
9,8139,48,538
10,8172,33,473
11,8191,19,337
12,8199,8,298
13,8204,5,187
14,8207,3,146
15,8211,4,119
16,8213,2,92
17,8213,0,63
18,8214,1,60
19,8214,0,41
20,8214,0,36
21,8214,0,15
22,8214,0,20
23,8214,0,14
24,8214,0,10
25,8214,0,5
26,8214,0,5
27,8214,0,6
28,8214,0,2
29,8214,0,2
30,8214,0,1
31,8214,0,2
32,8214,0,1
33,8214,0,1
34,8214,0,1
35,8214,0,0
36,8214,0,2
37,8214,0,0
38,8214,0,0
39,8214,0,0
40,8214,0,0
41,8214,0,0
42,8214,0,0
43,8214,0,0
44,8214,0,0
45,8214,0,0
1,209,204,3
2,2048,1839,92
3,5535,3487,957
4,6889,1354,2208
5,7344,455,1764
6,7526,182,1187
7,7605,79,651
8,7637,32,376
9,7654,17,206
10,7657,3,104
11,7662,5,58
12,7664,2,38
13,7664,0,10
14,7664,0,2
15,7665,1,7
16,7666,1,0
17,7666,0,1
18,7666,0,1
19,7666,0,0
20,7666,0,0
21,7666,0,1
22,7666,0,0
23,7666,0,0
24,7666,0,0
25,7666,0,0
26,7666,0,0
27,7666,0,0
28,7666,0,0
29,7666,0,0
30,7666,0,0
1,97,92,3
2,1619,1522,64
3,5099,3480,1188
4,6602,1503,2881
5,6968,366,1878
6,7076,108,700
7,7106,30,259
8,7115,9,101
9,7117,2,31
10,7117,0,10
11,7117,0,2
12,7117,0,0
13,7117,0,0
14,7117,0,0
15,7117,0,0
16,7117,0,0
17,7117,0,0
18,7117,0,0
19,7117,0,0
20,7117,0,0
1,629,624,2
2,5204,4575,147
3,7777,2573,1230
4,8365,588,1624
5,8547,182,1371
6,8591,44,1033
7,8615,24,812
8,8623,8,584
9,8625,2,444
10,8625,0,335
11,8626,1,243
12,8627,1,208
13,8627,0,157
14,8627,0,101
15,8627,0,85
16,8627,0,70
17,8627,0,42
18,8627,0,40
19,8627,0,27
20,8627,0,20
21,8627,0,6
22,8627,0,9
23,8627,0,10
24,8627,0,3
25,8627,0,4
26,8627,0,5
27,8627,0,1
28,8627,0,4
29,8627,0,2
30,8627,0,3
31,8627,0,1
32,8627,0,1
33,8627,0,2
34,8627,0,0
35,8627,0,0
36,8627,0,0
37,8627,0,1
38,8627,0,0
39,8627,0,0
40,8627,0,0
41,8627,0,0
42,8627,0,0
43,8627,0,0
44,8627,0,0
45,8627,0,0
46,8627,0,0
1,513,508,4
2,4831,4318,259
3,7681,2850,2281
4,8215,534,2588
5,8330,115,1595
6,8363,33,796
7,8376,13,431
8,8381,5,222
9,8382,1,106
10,8382,0,50
11,8382,0,25
12,8382,0,14
13,8382,0,9
14,8382,0,0
15,8382,0,2
16,8382,0,0
17,8382,0,0
18,8382,0,0
19,8382,0,0
20,8382,0,0
21,8382,0,0
22,8382,0,0
23,8382,0,0
24,8382,0,0
1,252,247,4
2,4028,3776,187
3,7479,3451,2870
4,8041,562,3317
5,8123,82,1258
6,8146,23,350
7,8147,1,130
8,8147,0,24
9,8147,0,7
10,8147,0,0
11,8147,0,0
12,8147,0,0
13,8147,0,0
14,8147,0,0
15,8147,0,0
16,8147,0,0
17,8147,0,0
18,8147,0,0
1,120,115,0
2,3059,2939,34
3,7833,4774,781
4,8613,780,1796
5,8745,132,1461
6,8771,26,1119
7,8775,4,888
8,8776,1,649
9,8776,0,521
10,8776,0,369
11,8776,0,279
12,8776,0,209
13,8776,0,178
14,8776,0,122
15,8776,0,93
16,8776,0,71
17,8776,0,54
18,8776,0,31
19,8776,0,31
20,8776,0,16
21,8776,0,17
22,8776,0,12
23,8776,0,11
24,8776,0,8
25,8776,0,6
26,8776,0,7
27,8776,0,4
28,8776,0,1
29,8776,0,3
30,8776,0,0
31,8776,0,1
32,8776,0,0
33,8776,0,0
34,8776,0,0
35,8776,0,2
36,8776,0,1
37,8776,0,1
38,8776,0,0
39,8776,0,0
40,8776,0,0
41,8776,0,0
42,8776,0,0
43,8776,0,0
44,8776,0,0
45,8776,0,0
46,8776,0,0
1,662,657,2
2,6193,5531,316
3,8420,2227,2876
4,8650,230,2594
5,8683,33,1468
6,8694,11,705
7,8696,2,396
8,8696,0,171
9,8696,0,92
10,8696,0,30
11,8696,0,22
12,8696,0,14
13,8696,0,3
14,8696,0,2
15,8696,0,2
16,8696,0,1
17,8696,0,1
18,8696,0,0
19,8696,0,0
20,8696,0,1
21,8696,0,0
22,8696,0,0
23,8696,0,0
24,8696,0,0
25,8696,0,0
26,8696,0,0
27,8696,0,0
28,8696,0,0
29,8696,0,0
1,43,38,4
2,1515,1472,28
3,7170,5655,1113
4,8495,1325,4557
5,8606,111,2106
6,8620,14,580
7,8620,0,176
8,8620,0,40
9,8620,0,11
10,8620,0,4
11,8620,0,1
12,8620,0,0
13,8620,0,0
14,8620,0,0
15,8620,0,0
16,8620,0,0
17,8620,0,0
18,8620,0,0
19,8620,0,0
20,8620,0,0
