500,502,1,5,0,1
500,502,2,5,0,2
500,502,3,5,0,1
500,502,4,5,0,0
500,502,5,5,0,0
500,502,6,5,0,0
500,502,7,5,0,1
500,502,8,5,0,0
500,502,9,5,0,0
500,502,10,5,0,0
500,502,11,5,0,0
500,502,12,5,0,0
500,502,13,5,0,0
500,502,14,5,0,0
500,502,15,5,0,0
500,502,16,5,0,0
500,502,1,5,0,3
500,502,2,5,0,0
500,502,3,5,0,1
500,502,4,5,0,1
500,502,5,5,0,0
500,502,6,5,0,0
500,502,7,5,0,0
500,502,8,5,0,0
500,502,9,5,0,0
500,502,10,5,0,0
500,502,11,5,0,0
500,502,12,5,0,0
500,502,13,5,0,0
500,502,1,7,2,5
500,502,2,8,1,2
500,502,3,8,0,1
500,502,4,8,0,0
500,502,5,8,0,0
500,502,6,8,0,0
500,502,7,8,0,0
500,502,8,8,0,0
500,502,9,8,0,0
500,502,10,8,0,0
500,502,11,8,0,0
500,502,12,8,0,0
500,502,1,9,4,1
500,502,2,14,5,1
500,502,3,21,7,2
500,502,4,36,15,8
500,502,5,51,15,5
500,502,6,66,15,11
500,502,7,88,22,10
500,502,8,103,15,11
500,502,9,128,25,14
500,502,10,149,21,18
500,502,11,169,20,20
500,502,12,191,22,21
500,502,13,217,26,14
500,502,14,241,24,24
500,502,15,265,24,20
500,502,16,278,13,25
500,502,17,291,13,24
500,502,18,304,13,21
500,502,19,311,7,13
500,502,20,318,7,11
500,502,21,320,2,10
500,502,22,322,2,13
500,502,23,323,1,6
500,502,24,324,1,2
500,502,25,325,1,11
500,502,26,325,0,1
500,502,27,326,1,5
500,502,28,326,0,3
500,502,29,326,0,0
500,502,30,326,0,0
500,502,31,326,0,0
500,502,32,326,0,1
500,502,33,326,0,0
500,502,34,326,0,0
500,502,35,326,0,0
500,502,36,326,0,0
500,502,37,326,0,0
500,502,38,326,0,0
500,502,39,326,0,0
500,502,40,326,0,0
500,502,41,326,0,0
500,502,1,8,3,2
500,502,2,13,5,3
500,502,3,17,4,2
500,502,4,21,4,5
500,502,5,29,8,6
500,502,6,37,8,7
500,502,7,47,10,5
500,502,8,56,9,10
500,502,9,67,11,7
500,502,10,78,11,8
500,502,11,91,13,16
500,502,12,104,13,11
500,502,13,113,9,11
500,502,14,117,4,9
500,502,15,123,6,9
500,502,16,130,7,8
500,502,17,137,7,6
500,502,18,144,7,7
500,502,19,154,10,8
500,502,20,167,13,8
500,502,21,179,12,8
500,502,22,190,11,10
500,502,23,198,8,15
500,502,24,210,12,8
500,502,25,225,15,10
500,502,26,238,13,12
500,502,27,239,1,14
500,502,28,240,1,9
500,502,29,240,0,1
500,502,30,240,0,3
500,502,31,240,0,2
500,502,32,240,0,0
500,502,33,240,0,0
500,502,34,240,0,0
500,502,35,240,0,0
500,502,36,240,0,0
500,502,37,240,0,0
500,502,38,240,0,0
500,502,39,240,0,0
500,502,40,240,0,0
500,502,1,10,5,2
500,502,2,15,5,6
500,502,3,18,3,4
500,502,4,21,3,3
500,502,5,25,4,6
500,502,6,30,5,3
500,502,7,33,3,4
500,502,8,42,9,4
500,502,9,51,9,6
500,502,10,61,10,10
500,502,11,66,5,8
500,502,12,73,7,7
500,502,13,81,8,9
500,502,14,87,6,6
500,502,15,94,7,8
500,502,16,103,9,4
500,502,17,115,12,9
500,502,18,122,7,12
500,502,19,126,4,8
500,502,20,127,1,6
500,502,21,128,1,2
500,502,22,129,1,0
500,502,23,130,1,2
500,502,24,130,0,1
500,502,25,130,0,0
500,502,26,130,0,0
500,502,27,130,0,0
500,502,28,130,0,0
500,502,29,130,0,0
500,502,30,130,0,0
500,502,31,130,0,0
500,502,32,130,0,0
500,502,33,130,0,0
500,502,1,9,4,0
500,502,2,14,5,0
500,502,3,22,8,1
500,502,4,34,12,4
500,502,5,47,13,3
500,502,6,69,22,8
500,502,7,103,34,16
500,502,8,140,37,10
500,502,9,183,43,17
500,502,10,230,47,33
500,502,11,268,38,38
500,502,12,310,42,24
500,502,13,338,28,47
500,502,14,358,20,36
500,502,15,367,9,33
500,502,16,375,8,23
500,502,17,377,2,19
500,502,18,377,0,10
500,502,19,377,0,13
500,502,20,377,0,11
500,502,21,377,0,9
500,502,22,377,0,6
500,502,23,377,0,6
500,502,24,377,0,3
500,502,25,377,0,1
500,502,26,377,0,2
500,502,27,377,0,0
500,502,28,377,0,0
500,502,29,377,0,1
500,502,30,377,0,3
500,502,31,377,0,0
500,502,32,377,0,0
500,502,33,377,0,0
500,502,34,377,0,0
500,502,35,377,0,0
500,502,36,377,0,0
500,502,37,377,0,0
500,502,38,377,0,0
500,502,39,377,0,0
500,502,1,12,7,2
500,502,2,26,14,5
500,502,3,46,20,13
500,502,4,79,33,15
500,502,5,127,48,20
500,502,6,180,53,37
500,502,7,233,53,34
500,502,8,272,39,59
500,502,9,299,27,36
500,502,10,315,16,44
500,502,11,328,13,29
500,502,12,334,6,19
500,502,13,344,10,8
500,502,14,349,5,12
500,502,15,352,3,8
500,502,16,353,1,7
500,502,17,353,0,3
500,502,18,354,1,1
500,502,19,354,0,1
500,502,20,354,0,0
500,502,21,354,0,1
500,502,22,354,0,0
500,502,23,354,0,0
500,502,24,354,0,0
500,502,25,354,0,0
500,502,26,354,0,0
500,502,27,354,0,0
500,502,28,354,0,0
500,502,29,354,0,0
500,502,30,354,0,0
500,502,1,10,5,5
500,502,2,15,5,5
500,502,3,24,9,3
500,502,4,37,13,8
500,502,5,52,15,12
500,502,6,70,18,14
500,502,7,90,20,17
500,502,8,114,24,16
500,502,9,151,37,22
500,502,10,191,40,32
500,502,11,231,40,38
500,502,12,252,21,43
500,502,13,278,26,30
500,502,14,299,21,22
500,502,15,318,19,26
500,502,16,336,18,19
500,502,17,345,9,15
500,502,18,352,7,11
500,502,19,356,4,10
500,502,20,359,3,6
500,502,21,360,1,4
500,502,22,361,1,1
500,502,23,361,0,0
500,502,24,361,0,2
500,502,25,361,0,0
500,502,26,361,0,0
500,502,27,361,0,0
500,502,28,361,0,0
500,502,29,361,0,0
500,502,30,361,0,0
500,502,31,361,0,0
500,502,32,361,0,0
500,502,33,361,0,0
500,1934,1,16,11,1
500,1934,2,36,20,2
500,1934,3,82,46,12
500,1934,4,168,86,14
500,1934,5,294,126,39
500,1934,6,396,102,56
500,1934,7,454,58,60
500,1934,8,479,25,64
500,1934,9,486,7,66
500,1934,10,490,4,47
500,1934,11,490,0,42
500,1934,12,490,0,17
500,1934,13,492,2,26
500,1934,14,492,0,15
500,1934,15,492,0,7
500,1934,16,492,0,6
500,1934,17,492,0,6
500,1934,18,492,0,2
500,1934,19,492,0,4
500,1934,20,492,0,2
500,1934,21,492,0,2
500,1934,22,492,0,0
500,1934,23,492,0,0
500,1934,24,492,0,0
500,1934,25,492,0,1
500,1934,26,492,0,0
500,1934,27,492,0,0
500,1934,28,492,0,0
500,1934,29,492,0,1
500,1934,30,492,0,0
500,1934,31,492,0,0
500,1934,32,492,0,0
500,1934,33,492,0,0
500,1934,34,492,0,0
500,1934,35,492,0,0
500,1934,36,492,0,0
500,1934,37,492,0,0
500,1934,38,492,0,0
500,1934,1,13,8,0
500,1934,2,36,23,6
500,1934,3,78,42,11
500,1934,4,166,88,29
500,1934,5,274,108,59
500,1934,6,378,104,72
500,1934,7,436,58,95
500,1934,8,458,22,76
500,1934,9,469,11,57
500,1934,10,473,4,27
500,1934,11,475,2,25
500,1934,12,475,0,7
500,1934,13,475,0,5
500,1934,14,475,0,1
500,1934,15,475,0,1
500,1934,16,475,0,3
500,1934,17,475,0,1
500,1934,18,475,0,0
500,1934,19,475,0,0
500,1934,20,475,0,0
500,1934,21,475,0,0
500,1934,22,475,0,0
500,1934,23,475,0,0
500,1934,24,475,0,0
500,1934,25,475,0,0
500,1934,26,475,0,0
500,1934,1,15,10,4
500,1934,2,39,24,9
500,1934,3,72,33,21
500,1934,4,138,66,35
500,1934,5,225,87,56
500,1934,6,296,71,75
500,1934,7,354,58,72
500,1934,8,393,39,55
500,1934,9,422,29,44
500,1934,10,436,14,37
500,1934,11,440,4,21
500,1934,12,442,2,11
500,1934,13,443,1,1
500,1934,14,444,1,1
500,1934,15,444,0,1
500,1934,16,444,0,1
500,1934,17,444,0,0
500,1934,18,444,0,0
500,1934,19,444,0,0
500,1934,20,444,0,0
500,1934,21,444,0,0
500,1934,22,444,0,0
500,1934,23,444,0,0
500,1934,24,444,0,0
500,1934,25,444,0,0
500,1934,1,17,12,2
500,1934,2,58,41,5
500,1934,3,184,126,14
500,1934,4,411,227,40
500,1934,5,491,80,95
500,1934,6,496,5,87
500,1934,7,496,0,49
500,1934,8,496,0,55
500,1934,9,496,0,34
500,1934,10,497,1,29
500,1934,11,497,0,28
500,1934,12,497,0,18
500,1934,13,497,0,10
500,1934,14,497,0,4
500,1934,15,497,0,5
500,1934,16,497,0,10
500,1934,17,497,0,3
500,1934,18,497,0,3
500,1934,19,497,0,0
500,1934,20,497,0,1
500,1934,21,497,0,2
500,1934,22,497,0,2
500,1934,23,497,0,0
500,1934,24,497,0,0
500,1934,25,497,0,1
500,1934,26,497,0,0
500,1934,27,497,0,0
500,1934,28,497,0,0
500,1934,29,497,0,0
500,1934,30,497,0,0
500,1934,31,497,0,0
500,1934,32,497,0,0
500,1934,33,497,0,0
500,1934,34,497,0,0
500,1934,1,32,27,3
500,1934,2,121,89,14
500,1934,3,315,194,63
500,1934,4,459,144,119
500,1934,5,487,28,134
500,1934,6,494,7,70
500,1934,7,495,1,48
500,1934,8,495,0,24
500,1934,9,495,0,9
500,1934,10,495,0,7
500,1934,11,495,0,4
500,1934,12,495,0,0
500,1934,13,495,0,0
500,1934,14,495,0,0
500,1934,15,495,0,0
500,1934,16,495,0,0
500,1934,17,495,0,0
500,1934,18,495,0,0
500,1934,19,495,0,0
500,1934,20,495,0,0
500,1934,1,18,13,4
500,1934,2,72,54,9
500,1934,3,221,149,44
500,1934,4,427,206,123
500,1934,5,491,64,186
500,1934,6,496,5,91
500,1934,7,496,0,31
500,1934,8,496,0,6
500,1934,9,496,0,1
500,1934,10,496,0,1
500,1934,11,496,0,0
500,1934,12,496,0,0
500,1934,13,496,0,0
500,1934,14,496,0,0
500,1934,15,496,0,0
500,1934,16,496,0,0
500,1934,17,496,0,0
500,1934,18,496,0,0
500,1934,19,496,0,0
500,1934,1,26,21,2
500,1934,2,129,103,4
500,1934,3,397,268,36
500,1934,4,497,100,98
500,1934,5,497,0,91
500,1934,6,499,2,65
500,1934,7,499,0,55
500,1934,8,499,0,36
500,1934,9,499,0,22
500,1934,10,499,0,29
500,1934,11,499,0,10
500,1934,12,499,0,11
500,1934,13,499,0,11
500,1934,14,499,0,5
500,1934,15,499,0,5
500,1934,16,499,0,3
500,1934,17,499,0,4
500,1934,18,499,0,4
500,1934,19,499,0,4
500,1934,20,499,0,1
500,1934,21,499,0,1
500,1934,22,499,0,0
500,1934,23,499,0,0
500,1934,24,499,0,0
500,1934,25,499,0,1
500,1934,26,499,0,0
500,1934,27,499,0,1
500,1934,28,499,0,0
500,1934,29,499,0,0
500,1934,30,499,0,0
500,1934,31,499,0,0
500,1934,32,499,0,0
500,1934,33,499,0,0
500,1934,34,499,0,0
500,1934,35,499,0,0
500,1934,36,499,0,0
500,1934,1,32,27,2
500,1934,2,157,125,18
500,1934,3,417,260,73
500,1934,4,495,78,174
500,1934,5,497,2,112
500,1934,6,497,0,55
500,1934,7,497,0,27
500,1934,8,497,0,12
500,1934,9,497,0,9
500,1934,10,497,0,10
500,1934,11,497,0,3
500,1934,12,497,0,1
500,1934,13,497,0,0
500,1934,14,497,0,1
500,1934,15,497,0,0
500,1934,16,497,0,0
500,1934,17,497,0,0
500,1934,18,497,0,0
500,1934,19,497,0,0
500,1934,20,497,0,0
500,1934,21,497,0,0
500,1934,22,497,0,0
500,1934,23,497,0,0
500,1934,1,31,26,3
500,1934,2,153,122,22
500,1934,3,411,258,87
500,1934,4,495,84,225
500,1934,5,498,3,132
500,1934,6,498,0,24
500,1934,7,498,0,5
500,1934,8,498,0,0
500,1934,9,498,0,0
500,1934,10,498,0,0
500,1934,11,498,0,0
500,1934,12,498,0,0
500,1934,13,498,0,0
500,1934,14,498,0,0
500,1934,15,498,0,0
500,1934,16,498,0,0
500,3995,1,20,15,1
500,3995,2,87,67,3
500,3995,3,275,188,17
500,3995,4,464,189,67
500,3995,5,498,34,97
500,3995,6,500,2,71
500,3995,7,500,0,54
500,3995,8,500,0,49
500,3995,9,500,0,37
500,3995,10,500,0,31
500,3995,11,500,0,23
500,3995,12,500,0,14
500,3995,13,500,0,11
500,3995,14,500,0,5
500,3995,15,500,0,4
500,3995,16,500,0,4
500,3995,17,500,0,4
500,3995,18,500,0,5
500,3995,19,500,0,0
500,3995,20,500,0,1
500,3995,21,500,0,0
500,3995,22,500,0,0
500,3995,23,500,0,0
500,3995,24,500,0,2
500,3995,25,500,0,0
500,3995,26,500,0,0
500,3995,27,500,0,0
500,3995,28,500,0,0
500,3995,29,500,0,0
500,3995,30,500,0,0
500,3995,31,500,0,0
500,3995,32,500,0,0
500,3995,33,500,0,0
500,3995,1,26,21,2
500,3995,2,112,86,15
500,3995,3,322,210,42
500,3995,4,471,149,134
500,3995,5,497,26,137
500,3995,6,499,2,78
500,3995,7,499,0,48
500,3995,8,499,0,16
500,3995,9,499,0,13
500,3995,10,499,0,6
500,3995,11,499,0,5
500,3995,12,499,0,2
500,3995,13,499,0,1
500,3995,14,499,0,0
500,3995,15,499,0,0
500,3995,16,499,0,0
500,3995,17,499,0,0
500,3995,18,499,0,0
500,3995,19,499,0,0
500,3995,20,499,0,0
500,3995,21,499,0,0
500,3995,22,499,0,0
500,3995,1,17,12,3
500,3995,2,61,44,9
500,3995,3,210,149,32
500,3995,4,415,205,130
500,3995,5,489,74,180
500,3995,6,497,8,100
500,3995,7,498,1,32
500,3995,8,498,0,11
500,3995,9,498,0,1
500,3995,10,498,0,0
500,3995,11,498,0,0
500,3995,12,498,0,0
500,3995,13,498,0,0
500,3995,14,498,0,0
500,3995,15,498,0,0
500,3995,16,498,0,0
500,3995,17,498,0,0
500,3995,18,498,0,0
500,3995,1,45,40,0
500,3995,2,301,256,15
500,3995,3,499,198,77
500,3995,4,500,1,106
500,3995,5,500,0,81
500,3995,6,500,0,57
500,3995,7,500,0,44
500,3995,8,500,0,34
500,3995,9,500,0,22
500,3995,10,500,0,19
500,3995,11,500,0,14
500,3995,12,500,0,6
500,3995,13,500,0,4
500,3995,14,500,0,4
500,3995,15,500,0,7
500,3995,16,500,0,2
500,3995,17,500,0,1
500,3995,18,500,0,2
500,3995,19,500,0,2
500,3995,20,500,0,0
500,3995,21,500,0,0
500,3995,22,500,0,2
500,3995,23,500,0,0
500,3995,24,500,0,0
500,3995,25,500,0,0
500,3995,26,500,0,0
500,3995,27,500,0,0
500,3995,28,500,0,0
500,3995,29,500,0,0
500,3995,30,500,0,0
500,3995,31,500,0,1
500,3995,32,500,0,0
500,3995,33,500,0,0
500,3995,34,500,0,0
500,3995,35,500,0,0
500,3995,36,500,0,0
500,3995,37,500,0,0
500,3995,38,500,0,0
500,3995,39,500,0,0
500,3995,40,500,0,0
500,3995,1,49,44,4
500,3995,2,292,243,26
500,3995,3,495,203,139
500,3995,4,500,5,163
500,3995,5,500,0,79
500,3995,6,500,0,50
500,3995,7,500,0,20
500,3995,8,500,0,10
500,3995,9,500,0,2
500,3995,10,500,0,3
500,3995,11,500,0,2
500,3995,12,500,0,0
500,3995,13,500,0,2
500,3995,14,500,0,0
500,3995,15,500,0,0
500,3995,16,500,0,0
500,3995,17,500,0,0
500,3995,18,500,0,0
500,3995,19,500,0,0
500,3995,20,500,0,0
500,3995,21,500,0,0
500,3995,22,500,0,0
500,3995,1,38,33,4
500,3995,2,252,214,22
500,3995,3,491,239,170
500,3995,4,500,9,244
500,3995,5,500,0,46
500,3995,6,500,0,12
500,3995,7,500,0,1
500,3995,8,500,0,1
500,3995,9,500,0,0
500,3995,10,500,0,0
500,3995,11,500,0,0
500,3995,12,500,0,0
500,3995,13,500,0,0
500,3995,14,500,0,0
500,3995,15,500,0,0
500,3995,16,500,0,0
500,3995,17,500,0,0
500,3995,1,58,53,2
500,3995,2,384,326,20
500,3995,3,500,116,93
500,3995,4,500,0,100
500,3995,5,500,0,70
500,3995,6,500,0,45
500,3995,7,500,0,38
500,3995,8,500,0,32
500,3995,9,500,0,27
500,3995,10,500,0,21
500,3995,11,500,0,19
500,3995,12,500,0,15
500,3995,13,500,0,6
500,3995,14,500,0,3
500,3995,15,500,0,4
500,3995,16,500,0,3
500,3995,17,500,0,0
500,3995,18,500,0,1
500,3995,19,500,0,1
500,3995,20,500,0,0
500,3995,21,500,0,0
500,3995,22,500,0,0
500,3995,23,500,0,0
500,3995,24,500,0,0
500,3995,25,500,0,0
500,3995,26,500,0,0
500,3995,27,500,0,0
500,3995,28,500,0,0
500,3995,1,66,61,2
500,3995,2,413,347,27
500,3995,3,500,87,180
500,3995,4,500,0,151
500,3995,5,500,0,67
500,3995,6,500,0,34
500,3995,7,500,0,14
500,3995,8,500,0,15
500,3995,9,500,0,5
500,3995,10,500,0,2
500,3995,11,500,0,0
500,3995,12,500,0,1
500,3995,13,500,0,0
500,3995,14,500,0,1
500,3995,15,500,0,0
500,3995,16,500,0,1
500,3995,17,500,0,0
500,3995,18,500,0,0
500,3995,19,500,0,0
500,3995,20,500,0,0
500,3995,21,500,0,0
500,3995,22,500,0,0
500,3995,23,500,0,0
500,3995,24,500,0,0
500,3995,25,500,0,0
500,3995,1,57,52,3
500,3995,2,381,324,38
500,3995,3,499,118,251
500,3995,4,500,1,155
500,3995,5,500,0,41
500,3995,6,500,0,10
500,3995,7,500,0,0
500,3995,8,500,0,1
500,3995,9,500,0,0
500,3995,10,500,0,1
500,3995,11,500,0,0
500,3995,12,500,0,0
500,3995,13,500,0,0
500,3995,14,500,0,0
500,3995,15,500,0,0
500,3995,16,500,0,0
500,3995,17,500,0,0
500,3995,18,500,0,0
500,3995,19,500,0,0
5000,4909,1,10,5,3
5000,4909,2,17,7,4
5000,4909,3,21,4,3
5000,4909,4,22,1,2
5000,4909,5,26,4,1
5000,4909,6,28,2,7
5000,4909,7,32,4,0
5000,4909,8,35,3,5
5000,4909,9,40,5,2
5000,4909,10,44,4,4
5000,4909,11,48,4,3
5000,4909,12,54,6,3
5000,4909,13,58,4,5
5000,4909,14,60,2,6
5000,4909,15,64,4,4
5000,4909,16,69,5,1
5000,4909,17,73,4,5
5000,4909,18,78,5,1
5000,4909,19,83,5,5
5000,4909,20,89,6,6
5000,4909,21,90,1,7
5000,4909,22,91,1,7
5000,4909,23,91,0,0
5000,4909,24,91,0,2
5000,4909,25,94,3,1
5000,4909,26,96,2,1
5000,4909,27,98,2,1
5000,4909,28,100,2,3
5000,4909,29,101,1,2
5000,4909,30,101,0,3
5000,4909,31,101,0,1
5000,4909,32,102,1,0
5000,4909,33,102,0,1
5000,4909,34,103,1,1
5000,4909,35,103,0,1
5000,4909,36,103,0,1
5000,4909,37,103,0,0
5000,4909,38,103,0,0
5000,4909,39,103,0,1
5000,4909,40,103,0,0
5000,4909,41,103,0,0
5000,4909,42,103,0,0
5000,4909,43,103,0,0
5000,4909,44,103,0,0
5000,4909,45,103,0,0
5000,4909,46,103,0,0
5000,4909,47,103,0,0
5000,4909,48,103,0,0
5000,4909,1,6,1,2
5000,4909,2,7,1,1
5000,4909,3,7,0,3
5000,4909,4,7,0,1
5000,4909,5,7,0,0
5000,4909,6,7,0,0
5000,4909,7,7,0,0
5000,4909,8,7,0,0
5000,4909,9,7,0,0
5000,4909,10,7,0,0
5000,4909,11,7,0,0
5000,4909,12,7,0,0
5000,4909,13,7,0,0
5000,4909,1,7,2,4
5000,4909,2,9,2,2
5000,4909,3,11,2,2
5000,4909,4,14,3,2
5000,4909,5,15,1,4
5000,4909,6,16,1,1
5000,4909,7,16,0,1
5000,4909,8,16,0,0
5000,4909,9,16,0,0
5000,4909,10,16,0,0
5000,4909,11,16,0,0
5000,4909,12,16,0,0
5000,4909,13,16,0,0
5000,4909,14,16,0,0
5000,4909,15,16,0,0
5000,4909,16,16,0,0
5000,4909,1,7,2,0
5000,4909,2,10,3,2
5000,4909,3,14,4,1
5000,4909,4,18,4,3
5000,4909,5,25,7,4
5000,4909,6,33,8,2
5000,4909,7,47,14,4
5000,4909,8,66,19,12
5000,4909,9,88,22,9
5000,4909,10,122,34,14
5000,4909,11,172,50,20
5000,4909,12,228,56,26
5000,4909,13,284,56,25
5000,4909,14,366,82,45
5000,4909,15,452,86,55
5000,4909,16,567,115,70
5000,4909,17,698,131,64
5000,4909,18,845,147,86
5000,4909,19,1019,174,97
5000,4909,20,1199,180,122
5000,4909,21,1415,216,157
5000,4909,22,1614,199,138
5000,4909,23,1828,214,147
5000,4909,24,2046,218,191
5000,4909,25,2235,189,174
5000,4909,26,2389,154,185
5000,4909,27,2525,136,174
5000,4909,28,2636,111,190
5000,4909,29,2742,106,168
5000,4909,30,2819,77,143
5000,4909,31,2888,69,109
5000,4909,32,2929,41,107
5000,4909,33,2968,39,82
5000,4909,34,2998,30,77
5000,4909,35,3018,20,64
5000,4909,36,3041,23,64
5000,4909,37,3057,16,68
5000,4909,38,3065,8,37
5000,4909,39,3071,6,29
5000,4909,40,3077,6,29
5000,4909,41,3091,14,19
5000,4909,42,3103,12,20
5000,4909,43,3106,3,16
5000,4909,44,3111,5,23
5000,4909,45,3117,6,9
5000,4909,46,3122,5,9
5000,4909,47,3125,3,7
5000,4909,48,3130,5,6
5000,4909,49,3136,6,10
5000,4909,50,3138,2,4
5000,4909,51,3140,2,4
5000,4909,52,3143,3,6
5000,4909,53,3145,2,4
5000,4909,54,3149,4,4
5000,4909,55,3150,1,5
5000,4909,56,3151,1,3
5000,4909,57,3154,3,1
5000,4909,58,3155,1,1
5000,4909,59,3156,1,2
5000,4909,60,3158,2,3
5000,4909,61,3160,2,2
5000,4909,62,3160,0,3
5000,4909,63,3160,0,2
5000,4909,64,3160,0,0
5000,4909,65,3160,0,1
5000,4909,66,3160,0,0
5000,4909,67,3160,0,1
5000,4909,68,3160,0,0
5000,4909,69,3160,0,0
5000,4909,70,3160,0,0
5000,4909,71,3160,0,0
5000,4909,72,3160,0,0
5000,4909,73,3160,0,0
5000,4909,74,3160,0,0
5000,4909,75,3160,0,1
5000,4909,76,3160,0,0
5000,4909,77,3160,0,0
5000,4909,78,3160,0,0
5000,4909,79,3160,0,0
5000,4909,80,3160,0,0
5000,4909,81,3160,0,0
5000,4909,82,3160,0,0
5000,4909,83,3160,0,0
5000,4909,84,3160,0,0
5000,4909,1,6,1,3
5000,4909,2,8,2,2
5000,4909,3,11,3,3
5000,4909,4,12,1,1
5000,4909,5,15,3,2
5000,4909,6,20,5,2
5000,4909,7,24,4,4
5000,4909,8,28,4,2
5000,4909,9,29,1,5
5000,4909,10,30,1,2
5000,4909,11,31,1,3
5000,4909,12,32,1,2
5000,4909,13,32,0,1
5000,4909,14,32,0,0
5000,4909,15,32,0,0
5000,4909,16,32,0,0
5000,4909,17,32,0,0
5000,4909,18,32,0,0
5000,4909,19,32,0,0
5000,4909,20,32,0,0
5000,4909,21,32,0,0
5000,4909,22,32,0,0
5000,4909,1,9,4,5
5000,4909,2,13,4,3
5000,4909,3,17,4,3
5000,4909,4,19,2,6
5000,4909,5,20,1,2
5000,4909,6,20,0,1
5000,4909,7,20,0,0
5000,4909,8,20,0,0
5000,4909,9,20,0,0
5000,4909,10,20,0,0
5000,4909,11,20,0,0
5000,4909,12,20,0,0
5000,4909,13,20,0,0
5000,4909,14,20,0,0
5000,4909,15,20,0,0
5000,4909,1,12,7,3
5000,4909,2,26,14,5
5000,4909,3,51,25,2
5000,4909,4,88,37,10
5000,4909,5,142,54,16
5000,4909,6,221,79,29
5000,4909,7,330,109,57
5000,4909,8,486,156,53
5000,4909,9,714,228,75
5000,4909,10,1011,297,125
5000,4909,11,1355,344,159
5000,4909,12,1791,436,224
5000,4909,13,2256,465,223
5000,4909,14,2675,419,323
5000,4909,15,3043,368,357
5000,4909,16,3284,241,352
5000,4909,17,3447,163,307
5000,4909,18,3535,88,283
5000,4909,19,3585,50,229
5000,4909,20,3611,26,189
5000,4909,21,3633,22,158
5000,4909,22,3645,12,115
5000,4909,23,3647,2,83
5000,4909,24,3647,0,67
5000,4909,25,3648,1,40
5000,4909,26,3651,3,49
5000,4909,27,3652,1,29
5000,4909,28,3653,1,23
5000,4909,29,3653,0,13
5000,4909,30,3653,0,15
5000,4909,31,3654,1,15
5000,4909,32,3654,0,8
5000,4909,33,3654,0,7
5000,4909,34,3654,0,4
5000,4909,35,3654,0,1
5000,4909,36,3654,0,2
5000,4909,37,3654,0,2
5000,4909,38,3654,0,0
5000,4909,39,3654,0,1
5000,4909,40,3654,0,0
5000,4909,41,3654,0,0
5000,4909,42,3654,0,0
5000,4909,43,3654,0,0
5000,4909,44,3654,0,0
5000,4909,45,3654,0,0
5000,4909,46,3654,0,0
5000,4909,47,3654,0,0
5000,4909,48,3654,0,0
5000,4909,49,3654,0,0
5000,4909,50,3654,0,0
5000,4909,51,3654,0,0
5000,4909,52,3654,0,0
5000,4909,53,3654,0,0
5000,4909,54,3654,0,1
5000,4909,55,3654,0,0
5000,4909,56,3654,0,0
5000,4909,57,3654,0,0
5000,4909,58,3654,0,0
5000,4909,59,3654,0,0
5000,4909,60,3654,0,0
5000,4909,61,3654,0,0
5000,4909,62,3654,0,0
5000,4909,63,3654,0,0
5000,4909,1,9,4,1
5000,4909,2,16,7,3
5000,4909,3,24,8,6
5000,4909,4,35,11,8
5000,4909,5,49,14,9
5000,4909,6,66,17,13
5000,4909,7,97,31,13
5000,4909,8,150,53,25
5000,4909,9,237,87,39
5000,4909,10,364,127,61
5000,4909,11,541,177,90
5000,4909,12,781,240,128
5000,4909,13,1116,335,199
5000,4909,14,1524,408,262
5000,4909,15,1916,392,339
5000,4909,16,2279,363,360
5000,4909,17,2582,303,371
5000,4909,18,2830,248,331
5000,4909,19,3020,190,283
5000,4909,20,3166,146,224
5000,4909,21,3256,90,204
5000,4909,22,3304,48,139
5000,4909,23,3348,44,107
5000,4909,24,3372,24,66
5000,4909,25,3388,16,54
5000,4909,26,3395,7,24
5000,4909,27,3398,3,14
5000,4909,28,3399,1,10
5000,4909,29,3400,1,9
5000,4909,30,3401,1,3
5000,4909,31,3401,0,4
5000,4909,32,3401,0,2
5000,4909,33,3401,0,0
5000,4909,34,3401,0,0
5000,4909,35,3401,0,0
5000,4909,36,3401,0,0
5000,4909,37,3401,0,0
5000,4909,38,3401,0,0
5000,4909,39,3401,0,0
5000,4909,40,3401,0,0
5000,4909,41,3401,0,0
5000,4909,1,10,5,5
5000,4909,2,21,11,5
5000,4909,3,41,20,10
5000,4909,4,64,23,14
5000,4909,5,98,34,24
5000,4909,6,154,56,31
5000,4909,7,238,84,50
5000,4909,8,358,120,77
5000,4909,9,540,182,101
5000,4909,10,760,220,170
5000,4909,11,1017,257,208
5000,4909,12,1308,291,236
5000,4909,13,1665,357,274
5000,4909,14,2010,345,358
5000,4909,15,2295,285,335
5000,4909,16,2524,229,303
5000,4909,17,2721,197,237
5000,4909,18,2836,115,216
5000,4909,19,2920,84,133
5000,4909,20,2975,55,96
5000,4909,21,3003,28,72
5000,4909,22,3021,18,37
5000,4909,23,3032,11,24
5000,4909,24,3038,6,12
5000,4909,25,3046,8,9
5000,4909,26,3052,6,8
5000,4909,27,3055,3,5
5000,4909,28,3056,1,5
5000,4909,29,3056,0,1
5000,4909,30,3056,0,0
5000,4909,31,3056,0,0
5000,4909,32,3056,0,0
5000,4909,33,3056,0,0
5000,4909,34,3056,0,0
5000,4909,35,3056,0,0
5000,4909,36,3056,0,0
5000,4909,37,3056,0,0
5000,4909,38,3056,0,0
5000,20023,1,18,13,1
5000,20023,2,47,29,3
5000,20023,3,119,72,6
5000,20023,4,287,168,29
5000,20023,5,682,395,64
5000,20023,6,1474,792,129
5000,20023,7,2766,1292,332
5000,20023,8,3954,1188,537
5000,20023,9,4559,605,734
5000,20023,10,4803,244,709
5000,20023,11,4890,87,536
5000,20023,12,4921,31,402
5000,20023,13,4926,5,355
5000,20023,14,4937,11,264
5000,20023,15,4942,5,208
5000,20023,16,4946,4,150
5000,20023,17,4951,5,107
5000,20023,18,4951,0,108
5000,20023,19,4952,1,71
5000,20023,20,4954,2,59
5000,20023,21,4954,0,32
5000,20023,22,4954,0,26
5000,20023,23,4954,0,14
5000,20023,24,4954,0,14
5000,20023,25,4954,0,16
5000,20023,26,4954,0,10
5000,20023,27,4954,0,9
5000,20023,28,4954,0,4
5000,20023,29,4954,0,4
5000,20023,30,4954,0,4
5000,20023,31,4954,0,6
5000,20023,32,4954,0,2
5000,20023,33,4954,0,1
5000,20023,34,4954,0,0
5000,20023,35,4954,0,1
5000,20023,36,4954,0,2
5000,20023,37,4954,0,2
5000,20023,38,4954,0,1
5000,20023,39,4954,0,0
5000,20023,40,4954,0,1
5000,20023,41,4954,0,0
5000,20023,42,4954,0,0
5000,20023,43,4954,0,1
5000,20023,44,4954,0,0
5000,20023,45,4954,0,0
5000,20023,46,4954,0,0
5000,20023,47,4954,0,0
5000,20023,48,4954,0,0
5000,20023,49,4954,0,0
5000,20023,50,4954,0,0
5000,20023,51,4954,0,0
5000,20023,52,4954,0,0
5000,20023,1,17,12,1
5000,20023,2,49,32,10
5000,20023,3,109,60,20
5000,20023,4,232,123,45
5000,20023,5,493,261,72
5000,20023,6,1039,546,157
5000,20023,7,1955,916,363
5000,20023,8,3110,1155,667
5000,20023,9,3988,878,882
5000,20023,10,4459,471,889
5000,20023,11,4631,172,674
5000,20023,12,4712,81,451
5000,20023,13,4736,24,233
5000,20023,14,4746,10,176
5000,20023,15,4750,4,53
5000,20023,16,4750,0,29
5000,20023,17,4751,1,14
5000,20023,18,4751,0,11
5000,20023,19,4751,0,1
5000,20023,20,4751,0,1
5000,20023,21,4751,0,2
5000,20023,22,4751,0,0
5000,20023,23,4751,0,0
5000,20023,24,4751,0,0
5000,20023,25,4751,0,0
5000,20023,26,4751,0,0
5000,20023,27,4751,0,0
5000,20023,28,4751,0,0
5000,20023,29,4751,0,0
5000,20023,30,4751,0,0
5000,20023,1,10,5,4
5000,20023,2,22,12,5
5000,20023,3,45,23,11
5000,20023,4,88,43,18
5000,20023,5,207,119,32
5000,20023,6,446,239,105
5000,20023,7,883,437,204
5000,20023,8,1617,734,382
5000,20023,9,2591,974,638
5000,20023,10,3453,862,894
5000,20023,11,3989,536,861
5000,20023,12,4251,262,605
5000,20023,13,4362,111,368
5000,20023,14,4418,56,162
5000,20023,15,4440,22,95
5000,20023,16,4446,6,43
5000,20023,17,4453,7,14
5000,20023,18,4456,3,8
5000,20023,19,4457,1,7
5000,20023,20,4457,0,1
5000,20023,21,4457,0,0
5000,20023,22,4457,0,0
5000,20023,23,4457,0,0
5000,20023,24,4457,0,0
5000,20023,25,4457,0,0
5000,20023,26,4457,0,0
5000,20023,27,4457,0,0
5000,20023,28,4457,0,0
5000,20023,29,4457,0,0
5000,20023,1,24,19,2
5000,20023,2,107,83,8
5000,20023,3,424,317,30
5000,20023,4,1548,1124,107
5000,20023,5,3678,2130,345
5000,20023,6,4852,1174,786
5000,20023,7,4978,126,932
5000,20023,8,4994,16,721
5000,20023,9,4996,2,526
5000,20023,10,4996,0,360
5000,20023,11,4996,0,305
5000,20023,12,4996,0,199
5000,20023,13,4996,0,156
5000,20023,14,4996,0,136
5000,20023,15,4996,0,97
5000,20023,16,4996,0,64
5000,20023,17,4996,0,48
5000,20023,18,4996,0,44
5000,20023,19,4996,0,33
5000,20023,20,4996,0,26
5000,20023,21,4996,0,15
5000,20023,22,4996,0,18
5000,20023,23,4996,0,10
5000,20023,24,4996,0,7
5000,20023,25,4996,0,5
5000,20023,26,4996,0,6
5000,20023,27,4996,0,1
5000,20023,28,4996,0,3
5000,20023,29,4996,0,3
5000,20023,30,4996,0,1
5000,20023,31,4996,0,1
5000,20023,32,4996,0,0
5000,20023,33,4996,0,1
5000,20023,34,4996,0,0
5000,20023,35,4996,0,0
5000,20023,36,4996,0,0
5000,20023,37,4996,0,0
5000,20023,38,4996,0,0
5000,20023,39,4996,0,0
5000,20023,40,4996,0,0
5000,20023,41,4996,0,0
5000,20023,42,4996,0,0
5000,20023,1,25,20,3
5000,20023,2,114,89,13
5000,20023,3,431,317,55
5000,20023,4,1519,1088,181
5000,20023,5,3642,2123,637
5000,20023,6,4810,1168,1350
5000,20023,7,4952,142,1283
5000,20023,8,4968,16,688
5000,20023,9,4976,8,381
5000,20023,10,4978,2,194
5000,20023,11,4978,0,95
5000,20023,12,4978,0,54
5000,20023,13,4978,0,24
5000,20023,14,4978,0,9
5000,20023,15,4978,0,6
5000,20023,16,4978,0,3
5000,20023,17,4978,0,1
5000,20023,18,4978,0,0
5000,20023,19,4978,0,1
5000,20023,20,4978,0,0
5000,20023,21,4978,0,0
5000,20023,22,4978,0,0
5000,20023,23,4978,0,0
5000,20023,24,4978,0,0
5000,20023,25,4978,0,0
5000,20023,26,4978,0,0
5000,20023,27,4978,0,0
5000,20023,28,4978,0,0
5000,20023,1,28,23,5
5000,20023,2,114,86,16
5000,20023,3,450,336,71
5000,20023,4,1556,1106,269
5000,20023,5,3580,2024,908
5000,20023,6,4755,1175,1738
5000,20023,7,4930,175,1322
5000,20023,8,4944,14,448
5000,20023,9,4948,4,130
5000,20023,10,4948,0,26
5000,20023,11,4948,0,14
5000,20023,12,4948,0,1
5000,20023,13,4948,0,0
5000,20023,14,4948,0,0
5000,20023,15,4948,0,0
5000,20023,16,4948,0,0
5000,20023,17,4948,0,0
5000,20023,18,4948,0,0
5000,20023,19,4948,0,0
5000,20023,20,4948,0,0
5000,20023,21,4948,0,0
5000,20023,1,23,18,2
5000,20023,2,147,124,5
5000,20023,3,834,687,38
5000,20023,4,3244,2410,200
5000,20023,5,4927,1683,756
5000,20023,6,4991,64,972
5000,20023,7,4995,4,736
5000,20023,8,4995,0,579
5000,20023,9,4995,0,429
5000,20023,10,4995,0,294
5000,20023,11,4995,0,234
5000,20023,12,4995,0,178
5000,20023,13,4995,0,154
5000,20023,14,4995,0,104
5000,20023,15,4995,0,94
5000,20023,16,4995,0,50
5000,20023,17,4995,0,41
5000,20023,18,4995,0,29
5000,20023,19,4995,0,22
5000,20023,20,4995,0,25
5000,20023,21,4995,0,16
5000,20023,22,4995,0,13
5000,20023,23,4995,0,5
5000,20023,24,4995,0,4
5000,20023,25,4995,0,3
5000,20023,26,4995,0,1
5000,20023,27,4995,0,9
5000,20023,28,4995,0,0
5000,20023,29,4995,0,1
5000,20023,30,4995,0,0
5000,20023,31,4995,0,1
5000,20023,32,4995,0,0
5000,20023,33,4995,0,0
5000,20023,34,4995,0,0
5000,20023,35,4995,0,0
5000,20023,36,4995,0,0
5000,20023,37,4995,0,0
5000,20023,38,4995,0,0
5000,20023,39,4995,0,0
5000,20023,40,4995,0,0
5000,20023,1,20,15,1
5000,20023,2,99,79,7
5000,20023,3,558,459,44
5000,20023,4,2464,1906,261
5000,20023,5,4758,2294,1079
5000,20023,6,4989,231,1696
5000,20023,7,4997,8,906
5000,20023,8,4997,0,489
5000,20023,9,4997,0,266
5000,20023,10,4997,0,132
5000,20023,11,4997,0,55
5000,20023,12,4997,0,25
5000,20023,13,4997,0,20
5000,20023,14,4997,0,7
5000,20023,15,4997,0,5
5000,20023,16,4997,0,1
5000,20023,17,4997,0,2
5000,20023,18,4997,0,0
5000,20023,19,4997,0,0
5000,20023,20,4997,0,1
5000,20023,21,4997,0,0
5000,20023,22,4997,0,0
5000,20023,23,4997,0,0
5000,20023,24,4997,0,0
5000,20023,25,4997,0,0
5000,20023,26,4997,0,0
5000,20023,27,4997,0,0
5000,20023,28,4997,0,0
5000,20023,29,4997,0,0
5000,20023,1,31,26,5
5000,20023,2,173,142,24
5000,20023,3,912,739,107
5000,20023,4,3351,2439,591
5000,20023,5,4916,1565,1941
5000,20023,6,4991,75,1670
5000,20023,7,4994,3,485
5000,20023,8,4994,0,120
5000,20023,9,4994,0,38
5000,20023,10,4994,0,10
5000,20023,11,4994,0,1
5000,20023,12,4994,0,1
5000,20023,13,4994,0,1
5000,20023,14,4994,0,0
5000,20023,15,4994,0,0
5000,20023,16,4994,0,0
5000,20023,17,4994,0,0
5000,20023,18,4994,0,0
5000,20023,19,4994,0,0
5000,20023,20,4994,0,0
5000,20023,21,4994,0,0
5000,20023,22,4994,0,0
5000,40109,1,34,29,2
5000,40109,2,162,128,9
5000,40109,3,665,503,29
5000,40109,4,2274,1609,142
5000,40109,5,4402,2128,562
5000,40109,6,4950,548,923
5000,40109,7,4987,37,823
5000,40109,8,4995,8,615
5000,40109,9,4998,3,468
5000,40109,10,4998,0,354
5000,40109,11,4998,0,249
5000,40109,12,4998,0,197
5000,40109,13,4998,0,155
5000,40109,14,4998,0,101
5000,40109,15,4998,0,91
5000,40109,16,4998,0,70
5000,40109,17,4998,0,51
5000,40109,18,4998,0,38
5000,40109,19,4998,0,32
5000,40109,20,4998,0,21
5000,40109,21,4998,0,16
5000,40109,22,4998,0,14
5000,40109,23,4998,0,11
5000,40109,24,4998,0,5
5000,40109,25,4998,0,4
5000,40109,26,4998,0,3
5000,40109,27,4998,0,4
5000,40109,28,4998,0,2
5000,40109,29,4998,0,1
5000,40109,30,4998,0,1
5000,40109,31,4998,0,0
5000,40109,32,4998,0,0
5000,40109,33,4998,0,1
5000,40109,34,4998,0,1
5000,40109,35,4998,0,1
5000,40109,36,4998,0,0
5000,40109,37,4998,0,1
5000,40109,38,4998,0,0
5000,40109,39,4998,0,0
5000,40109,40,4998,0,0
5000,40109,41,4998,0,1
5000,40109,42,4998,0,0
5000,40109,43,4998,0,0
5000,40109,44,4998,0,0
5000,40109,45,4998,0,0
5000,40109,46,4998,0,0
5000,40109,47,4998,0,0
5000,40109,48,4998,0,0
5000,40109,49,4998,0,0
5000,40109,50,4998,0,0
5000,40109,1,31,26,2
5000,40109,2,162,131,18
5000,40109,3,695,533,78
5000,40109,4,2281,1586,306
5000,40109,5,4307,2026,963
5000,40109,6,4914,607,1491
5000,40109,7,4973,59,1027
5000,40109,8,4981,8,526
5000,40109,9,4982,1,289
5000,40109,10,4983,1,148
5000,40109,11,4983,0,67
5000,40109,12,4984,1,35
5000,40109,13,4984,0,22
5000,40109,14,4984,0,5
5000,40109,15,4984,0,3
5000,40109,16,4984,0,1
5000,40109,17,4984,0,2
5000,40109,18,4984,0,0
5000,40109,19,4984,0,1
5000,40109,20,4984,0,0
5000,40109,21,4984,0,0
5000,40109,22,4984,0,0
5000,40109,23,4984,0,0
5000,40109,24,4984,0,0
5000,40109,25,4984,0,0
5000,40109,26,4984,0,0
5000,40109,27,4984,0,0
5000,40109,28,4984,0,0
5000,40109,1,19,14,4
5000,40109,2,82,63,10
5000,40109,3,339,257,53
5000,40109,4,1274,935,207
5000,40109,5,3329,2055,767
5000,40109,6,4737,1408,1689
5000,40109,7,4942,205,1497
5000,40109,8,4962,20,556
5000,40109,9,4965,3,128
5000,40109,10,4965,0,45
5000,40109,11,4965,0,7
5000,40109,12,4965,0,1
5000,40109,13,4965,0,1
5000,40109,14,4965,0,0
5000,40109,15,4965,0,0
5000,40109,16,4965,0,0
5000,40109,17,4965,0,0
5000,40109,18,4965,0,0
5000,40109,19,4965,0,0
5000,40109,20,4965,0,0
5000,40109,21,4965,0,0
5000,40109,22,4965,0,0
5000,40109,1,41,36,2
5000,40109,2,319,278,13
5000,40109,3,2031,1712,62
5000,40109,4,4825,2794,430
5000,40109,5,5000,175,1103
5000,40109,6,5000,0,869
5000,40109,7,5000,0,632
5000,40109,8,5000,0,485
5000,40109,9,5000,0,358
5000,40109,10,5000,0,238
5000,40109,11,5000,0,182
5000,40109,12,5000,0,141
5000,40109,13,5000,0,102
5000,40109,14,5000,0,100
5000,40109,15,5000,0,71
5000,40109,16,5000,0,56
5000,40109,17,5000,0,40
5000,40109,18,5000,0,29
5000,40109,19,5000,0,23
5000,40109,20,5000,0,13
5000,40109,21,5000,0,13
5000,40109,22,5000,0,8
5000,40109,23,5000,0,8
5000,40109,24,5000,0,6
5000,40109,25,5000,0,3
5000,40109,26,5000,0,2
5000,40109,27,5000,0,2
5000,40109,28,5000,0,5
5000,40109,29,5000,0,1
5000,40109,30,5000,0,1
5000,40109,31,5000,0,0
5000,40109,32,5000,0,0
5000,40109,33,5000,0,0
5000,40109,34,5000,0,0
5000,40109,35,5000,0,1
5000,40109,36,5000,0,0
5000,40109,37,5000,0,0
5000,40109,38,5000,0,0
5000,40109,39,5000,0,1
5000,40109,40,5000,0,0
5000,40109,41,5000,0,0
5000,40109,42,5000,0,0
5000,40109,43,5000,0,0
5000,40109,44,5000,0,0
5000,40109,45,5000,0,0
5000,40109,46,5000,0,0
5000,40109,47,5000,0,0
5000,40109,48,5000,0,0
5000,40109,1,38,33,2
5000,40109,2,336,298,17
5000,40109,3,2090,1754,160
5000,40109,4,4840,2750,962
5000,40109,5,4997,157,1881
5000,40109,6,4999,2,940
5000,40109,7,4999,0,488
5000,40109,8,4999,0,264
5000,40109,9,4999,0,146
5000,40109,10,4999,0,80
5000,40109,11,4999,0,28
5000,40109,12,4999,0,20
5000,40109,13,4999,0,6
5000,40109,14,4999,0,4
5000,40109,15,4999,0,1
5000,40109,16,4999,0,0
5000,40109,17,4999,0,0
5000,40109,18,4999,0,0
5000,40109,19,4999,0,0
5000,40109,20,4999,0,0
5000,40109,21,4999,0,0
5000,40109,22,4999,0,0
5000,40109,23,4999,0,0
5000,40109,24,4999,0,0
5000,40109,1,34,29,3
5000,40109,2,271,237,21
5000,40109,3,1764,1493,185
5000,40109,4,4714,2950,1196
5000,40109,5,4998,284,2470
5000,40109,6,4999,1,841
5000,40109,7,4999,0,216
5000,40109,8,4999,0,48
5000,40109,9,4999,0,14
5000,40109,10,4999,0,3
5000,40109,11,4999,0,2
5000,40109,12,4999,0,0
5000,40109,13,4999,0,0
5000,40109,14,4999,0,0
5000,40109,15,4999,0,0
5000,40109,16,4999,0,0
5000,40109,17,4999,0,0
5000,40109,18,4999,0,0
5000,40109,19,4999,0,0
5000,40109,20,4999,0,0
5000,40109,1,61,56,2
5000,40109,2,684,623,12
5000,40109,3,4041,3357,166
5000,40109,4,4999,958,945
5000,40109,5,5000,1,1013
5000,40109,6,5000,0,711
5000,40109,7,5000,0,527
5000,40109,8,5000,0,398
5000,40109,9,5000,0,321
5000,40109,10,5000,0,204
5000,40109,11,5000,0,157
5000,40109,12,5000,0,143
5000,40109,13,5000,0,104
5000,40109,14,5000,0,66
5000,40109,15,5000,0,57
5000,40109,16,5000,0,46
5000,40109,17,5000,0,29
5000,40109,18,5000,0,27
5000,40109,19,5000,0,19
5000,40109,20,5000,0,14
5000,40109,21,5000,0,12
5000,40109,22,5000,0,6
5000,40109,23,5000,0,1
5000,40109,24,5000,0,7
5000,40109,25,5000,0,3
5000,40109,26,5000,0,1
5000,40109,27,5000,0,4
5000,40109,28,5000,0,2
5000,40109,29,5000,0,1
5000,40109,30,5000,0,0
5000,40109,31,5000,0,0
5000,40109,32,5000,0,0
5000,40109,33,5000,0,1
5000,40109,34,5000,0,0
5000,40109,35,5000,0,0
5000,40109,36,5000,0,0
5000,40109,37,5000,0,1
5000,40109,38,5000,0,0
5000,40109,39,5000,0,0
5000,40109,40,5000,0,0
5000,40109,41,5000,0,0
5000,40109,42,5000,0,0
5000,40109,43,5000,0,0
5000,40109,44,5000,0,0
5000,40109,45,5000,0,0
5000,40109,46,5000,0,0
5000,40109,1,65,60,2
5000,40109,2,707,642,36
5000,40109,3,4077,3370,340
5000,40109,4,5000,923,1807
5000,40109,5,5000,0,1378
5000,40109,6,5000,0,715
5000,40109,7,5000,0,349
5000,40109,8,5000,0,193
5000,40109,9,5000,0,88
5000,40109,10,5000,0,43
5000,40109,11,5000,0,27
5000,40109,12,5000,0,13
5000,40109,13,5000,0,5
5000,40109,14,5000,0,2
5000,40109,15,5000,0,1
5000,40109,16,5000,0,0
5000,40109,17,5000,0,0
5000,40109,18,5000,0,1
5000,40109,19,5000,0,0
5000,40109,20,5000,0,0
5000,40109,21,5000,0,0
5000,40109,22,5000,0,0
5000,40109,23,5000,0,0
5000,40109,24,5000,0,0
5000,40109,25,5000,0,0
5000,40109,26,5000,0,0
5000,40109,27,5000,0,0
5000,40109,1,67,62,3
5000,40109,2,799,732,50
5000,40109,3,4298,3499,554
5000,40109,4,5000,702,2767
5000,40109,5,5000,0,1215
5000,40109,6,5000,0,311
5000,40109,7,5000,0,77
5000,40109,8,5000,0,20
5000,40109,9,5000,0,2
5000,40109,10,5000,0,1
5000,40109,11,5000,0,0
5000,40109,12,5000,0,0
5000,40109,13,5000,0,0
5000,40109,14,5000,0,0
5000,40109,15,5000,0,0
5000,40109,16,5000,0,0
5000,40109,17,5000,0,0
5000,40109,18,5000,0,0
5000,40109,19,5000,0,0
10000,9975,1,7,2,1
10000,9975,2,14,7,2
10000,9975,3,18,4,1
10000,9975,4,23,5,3
10000,9975,5,28,5,2
10000,9975,6,35,7,6
10000,9975,7,40,5,4
10000,9975,8,46,6,2
10000,9975,9,56,10,6
10000,9975,10,67,11,8
10000,9975,11,79,12,7
10000,9975,12,93,14,10
10000,9975,13,106,13,10
10000,9975,14,115,9,12
10000,9975,15,132,17,11
10000,9975,16,146,14,13
10000,9975,17,159,13,7
10000,9975,18,177,18,16
10000,9975,19,184,7,19
10000,9975,20,197,13,13
10000,9975,21,213,16,14
10000,9975,22,232,19,15
10000,9975,23,251,19,16
10000,9975,24,276,25,9
10000,9975,25,304,28,10
10000,9975,26,334,30,27
10000,9975,27,371,37,27
10000,9975,28,408,37,28
10000,9975,29,438,30,24
10000,9975,30,464,26,22
10000,9975,31,498,34,27
10000,9975,32,528,30,26
10000,9975,33,563,35,29
10000,9975,34,601,38,30
10000,9975,35,626,25,37
10000,9975,36,654,28,30
10000,9975,37,679,25,29
10000,9975,38,710,31,33
10000,9975,39,744,34,25
10000,9975,40,785,41,31
10000,9975,41,809,24,36
10000,9975,42,839,30,38
10000,9975,43,868,29,26
10000,9975,44,903,35,27
10000,9975,45,949,46,37
10000,9975,46,979,30,42
10000,9975,47,1010,31,28
10000,9975,48,1036,26,26
10000,9975,49,1066,30,39
10000,9975,50,1094,28,22
10000,9975,51,1124,30,36
10000,9975,52,1147,23,34
10000,9975,53,1175,28,26
10000,9975,54,1209,34,30
10000,9975,55,1240,31,31
10000,9975,56,1274,34,31
10000,9975,57,1294,20,37
10000,9975,58,1326,32,25
10000,9975,59,1347,21,24
10000,9975,60,1373,26,30
10000,9975,61,1402,29,25
10000,9975,62,1426,24,25
10000,9975,63,1460,34,27
10000,9975,64,1486,26,31
10000,9975,65,1512,26,34
10000,9975,66,1534,22,25
10000,9975,67,1558,24,21
10000,9975,68,1584,26,31
10000,9975,69,1602,18,12
10000,9975,70,1632,30,29
10000,9975,71,1658,26,23
10000,9975,72,1682,24,31
10000,9975,73,1715,33,27
10000,9975,74,1745,30,24
10000,9975,75,1778,33,31
10000,9975,76,1808,30,27
10000,9975,77,1839,31,38
10000,9975,78,1859,20,34
10000,9975,79,1884,25,20
10000,9975,80,1908,24,27
10000,9975,81,1928,20,30
10000,9975,82,1948,20,28
10000,9975,83,1963,15,22
10000,9975,84,1973,10,14
10000,9975,85,1986,13,19
10000,9975,86,1996,10,22
10000,9975,87,2003,7,9
10000,9975,88,2010,7,11
10000,9975,89,2017,7,8
10000,9975,90,2027,10,14
10000,9975,91,2032,5,10
10000,9975,92,2034,2,11
10000,9975,93,2038,4,5
10000,9975,94,2042,4,6
10000,9975,95,2044,2,3
10000,9975,96,2050,6,6
10000,9975,97,2057,7,4
10000,9975,98,2062,5,6
10000,9975,99,2067,5,9
10000,9975,100,2074,7,10
10000,9975,101,2077,3,6
10000,9975,102,2080,3,4
10000,9975,103,2085,5,3
10000,9975,104,2091,6,3
10000,9975,105,2096,5,5
10000,9975,106,2105,9,4
10000,9975,107,2109,4,6
10000,9975,108,2113,4,6
10000,9975,109,2120,7,4
10000,9975,110,2127,7,8
10000,9975,111,2135,8,8
10000,9975,112,2143,8,8
10000,9975,113,2153,10,3
10000,9975,114,2158,5,2
10000,9975,115,2163,5,9
10000,9975,116,2172,9,5
10000,9975,117,2183,11,7
10000,9975,118,2189,6,8
10000,9975,119,2192,3,6
10000,9975,120,2196,4,8
10000,9975,121,2201,5,5
10000,9975,122,2206,5,4
10000,9975,123,2210,4,8
10000,9975,124,2214,4,7
10000,9975,125,2221,7,5
10000,9975,126,2226,5,8
10000,9975,127,2232,6,4
10000,9975,128,2241,9,2
10000,9975,129,2252,11,7
10000,9975,130,2258,6,7
10000,9975,131,2266,8,5
10000,9975,132,2275,9,10
10000,9975,133,2281,6,3
10000,9975,134,2286,5,15
10000,9975,135,2290,4,7
10000,9975,136,2292,2,7
10000,9975,137,2294,2,5
10000,9975,138,2295,1,7
10000,9975,139,2297,2,4
10000,9975,140,2297,0,2
10000,9975,141,2297,0,1
10000,9975,142,2297,0,2
10000,9975,143,2300,3,0
10000,9975,144,2300,0,3
10000,9975,145,2300,0,0
10000,9975,146,2301,1,0
10000,9975,147,2302,1,2
10000,9975,148,2304,2,0
10000,9975,149,2307,3,2
10000,9975,150,2311,4,1
10000,9975,151,2315,4,1
10000,9975,152,2320,5,3
10000,9975,153,2321,1,2
10000,9975,154,2321,0,0
10000,9975,155,2323,2,3
10000,9975,156,2324,1,2
10000,9975,157,2327,3,0
10000,9975,158,2332,5,2
10000,9975,159,2338,6,4
10000,9975,160,2341,3,5
10000,9975,161,2345,4,4
10000,9975,162,2348,3,4
10000,9975,163,2348,0,4
10000,9975,164,2350,2,3
10000,9975,165,2351,1,3
10000,9975,166,2351,0,2
10000,9975,167,2352,1,3
10000,9975,168,2352,0,1
10000,9975,169,2352,0,1
10000,9975,170,2352,0,1
10000,9975,171,2352,0,0
10000,9975,172,2352,0,1
10000,9975,173,2352,0,0
10000,9975,174,2352,0,1
10000,9975,175,2352,0,0
10000,9975,176,2352,0,0
10000,9975,177,2352,0,0
10000,9975,178,2352,0,0
10000,9975,179,2352,0,0
10000,9975,180,2352,0,0
10000,9975,181,2352,0,0
10000,9975,182,2352,0,0
10000,9975,183,2352,0,0
10000,9975,1,8,3,4
10000,9975,2,10,2,3
10000,9975,3,11,1,1
10000,9975,4,12,1,2
10000,9975,5,13,1,1
10000,9975,6,13,0,1
10000,9975,7,13,0,0
10000,9975,8,13,0,1
10000,9975,9,13,0,0
10000,9975,10,13,0,0
10000,9975,11,13,0,0
10000,9975,12,13,0,0
10000,9975,13,13,0,0
10000,9975,14,13,0,0
10000,9975,15,13,0,0
10000,9975,16,13,0,0
10000,9975,17,13,0,0
10000,9975,1,6,1,5
10000,9975,2,6,0,1
10000,9975,3,6,0,0
10000,9975,4,6,0,0
10000,9975,5,6,0,0
10000,9975,6,6,0,0
10000,9975,7,6,0,0
10000,9975,8,6,0,0
10000,9975,9,6,0,0
10000,9975,10,6,0,0
10000,9975,11,6,0,0
10000,9975,1,8,3,1
10000,9975,2,12,4,2
10000,9975,3,22,10,3
10000,9975,4,30,8,9
10000,9975,5,33,3,6
10000,9975,6,35,2,2
10000,9975,7,42,7,3
10000,9975,8,47,5,2
10000,9975,9,51,4,5
10000,9975,10,60,9,2
10000,9975,11,70,10,11
10000,9975,12,79,9,10
10000,9975,13,90,11,9
10000,9975,14,109,19,6
10000,9975,15,138,29,10
10000,9975,16,175,37,19
10000,9975,17,226,51,24
10000,9975,18,291,65,22
10000,9975,19,382,91,32
10000,9975,20,508,126,45
10000,9975,21,645,137,70
10000,9975,22,806,161,78
10000,9975,23,1000,194,99
10000,9975,24,1279,279,129
10000,9975,25,1624,345,160
10000,9975,26,2047,423,209
10000,9975,27,2550,503,281
10000,9975,28,3027,477,331
10000,9975,29,3553,526,363
10000,9975,30,4042,489,414
10000,9975,31,4487,445,406
10000,9975,32,4872,385,425
10000,9975,33,5226,354,434
10000,9975,34,5499,273,357
10000,9975,35,5710,211,388
10000,9975,36,5873,163,324
10000,9975,37,6002,129,311
10000,9975,38,6091,89,259
10000,9975,39,6146,55,200
10000,9975,40,6201,55,165
10000,9975,41,6247,46,150
10000,9975,42,6279,32,132
10000,9975,43,6296,17,90
10000,9975,44,6307,11,64
10000,9975,45,6313,6,63
10000,9975,46,6317,4,51
10000,9975,47,6320,3,33
10000,9975,48,6324,4,36
10000,9975,49,6328,4,23
10000,9975,50,6328,0,11
10000,9975,51,6329,1,13
10000,9975,52,6329,0,10
10000,9975,53,6329,0,10
10000,9975,54,6330,1,3
10000,9975,55,6330,0,4
10000,9975,56,6330,0,3
10000,9975,57,6330,0,3
10000,9975,58,6330,0,2
10000,9975,59,6330,0,0
10000,9975,60,6330,0,1
10000,9975,61,6330,0,0
10000,9975,62,6330,0,0
10000,9975,63,6330,0,1
10000,9975,64,6330,0,0
10000,9975,65,6330,0,1
10000,9975,66,6330,0,0
10000,9975,67,6330,0,0
10000,9975,68,6330,0,0
10000,9975,69,6330,0,0
10000,9975,70,6330,0,0
10000,9975,71,6330,0,0
10000,9975,72,6330,0,0
10000,9975,73,6330,0,0
10000,9975,74,6330,0,0
10000,9975,1,11,6,3
10000,9975,2,18,7,5
10000,9975,3,27,9,5
10000,9975,4,38,11,8
10000,9975,5,52,14,8
10000,9975,6,72,20,14
10000,9975,7,93,21,14
10000,9975,8,125,32,17
10000,9975,9,168,43,25
10000,9975,10,206,38,37
10000,9975,11,263,57,32
10000,9975,12,333,70,42
10000,9975,13,422,89,59
10000,9975,14,536,114,79
10000,9975,15,677,141,115
10000,9975,16,823,146,104
10000,9975,17,973,150,128
10000,9975,18,1154,181,141
10000,9975,19,1373,219,165
10000,9975,20,1612,239,183
10000,9975,21,1896,284,216
10000,9975,22,2178,282,237
10000,9975,23,2456,278,268
10000,9975,24,2739,283,290
10000,9975,25,3020,281,266
10000,9975,26,3316,296,274
10000,9975,27,3558,242,306
10000,9975,28,3770,212,267
10000,9975,29,3956,186,247
10000,9975,30,4107,151,205
10000,9975,31,4215,108,164
10000,9975,32,4315,100,150
10000,9975,33,4403,88,144
10000,9975,34,4463,60,98
10000,9975,35,4522,59,79
10000,9975,36,4571,49,56
10000,9975,37,4616,45,67
10000,9975,38,4657,41,61
10000,9975,39,4691,34,48
10000,9975,40,4713,22,31
10000,9975,41,4735,22,22
10000,9975,42,4752,17,26
10000,9975,43,4765,13,22
10000,9975,44,4777,12,21
10000,9975,45,4788,11,13
10000,9975,46,4796,8,14
10000,9975,47,4800,4,11
10000,9975,48,4802,2,7
10000,9975,49,4803,1,2
10000,9975,50,4803,0,4
10000,9975,51,4803,0,2
10000,9975,52,4803,0,0
10000,9975,53,4803,0,1
10000,9975,54,4803,0,0
10000,9975,55,4803,0,0
10000,9975,56,4803,0,0
10000,9975,57,4803,0,0
10000,9975,58,4803,0,0
10000,9975,59,4803,0,0
10000,9975,60,4803,0,0
10000,9975,61,4803,0,0
10000,9975,62,4803,0,0
10000,9975,1,8,3,4
10000,9975,2,13,5,2
10000,9975,3,18,5,7
10000,9975,4,23,5,4
10000,9975,5,25,2,4
10000,9975,6,28,3,3
10000,9975,7,31,3,2
10000,9975,8,36,5,3
10000,9975,9,48,12,5
10000,9975,10,58,10,11
10000,9975,11,70,12,9
10000,9975,12,81,11,13
10000,9975,13,93,12,12
10000,9975,14,104,11,9
10000,9975,15,120,16,12
10000,9975,16,133,13,13
10000,9975,17,146,13,13
10000,9975,18,163,17,15
10000,9975,19,183,20,16
10000,9975,20,210,27,18
10000,9975,21,236,26,30
10000,9975,22,265,29,28
10000,9975,23,310,45,23
10000,9975,24,351,41,42
10000,9975,25,390,39,34
10000,9975,26,429,39,45
10000,9975,27,468,39,42
10000,9975,28,509,41,35
10000,9975,29,555,46,39
10000,9975,30,610,55,42
10000,9975,31,670,60,54
10000,9975,32,737,67,62
10000,9975,33,815,78,63
10000,9975,34,894,79,82
10000,9975,35,978,84,75
10000,9975,36,1070,92,78
10000,9975,37,1178,108,80
10000,9975,38,1281,103,112
10000,9975,39,1378,97,99
10000,9975,40,1481,103,100
10000,9975,41,1599,118,111
10000,9975,42,1688,89,106
10000,9975,43,1756,68,101
10000,9975,44,1827,71,72
10000,9975,45,1898,71,75
10000,9975,46,1968,70,75
10000,9975,47,2051,83,65
10000,9975,48,2110,59,81
10000,9975,49,2160,50,63
10000,9975,50,2211,51,56
10000,9975,51,2246,35,49
10000,9975,52,2274,28,40
10000,9975,53,2298,24,30
10000,9975,54,2316,18,27
10000,9975,55,2329,13,21
10000,9975,56,2337,8,13
10000,9975,57,2342,5,9
10000,9975,58,2347,5,5
10000,9975,59,2353,6,7
10000,9975,60,2358,5,5
10000,9975,61,2361,3,5
10000,9975,62,2363,2,2
10000,9975,63,2364,1,1
10000,9975,64,2367,3,5
10000,9975,65,2368,1,2
10000,9975,66,2372,4,2
10000,9975,67,2375,3,4
10000,9975,68,2375,0,2
10000,9975,69,2377,2,1
10000,9975,70,2378,1,1
10000,9975,71,2379,1,2
10000,9975,72,2379,0,1
10000,9975,73,2379,0,0
10000,9975,74,2379,0,0
10000,9975,75,2379,0,0
10000,9975,76,2379,0,0
10000,9975,77,2379,0,0
10000,9975,78,2379,0,0
10000,9975,79,2379,0,0
10000,9975,80,2379,0,0
10000,9975,81,2379,0,0
10000,9975,1,8,3,3
10000,9975,2,13,5,3
10000,9975,3,18,5,0
10000,9975,4,32,14,3
10000,9975,5,54,22,7
10000,9975,6,104,50,10
10000,9975,7,207,103,23
10000,9975,8,342,135,35
10000,9975,9,537,195,61
10000,9975,10,860,323,99
10000,9975,11,1341,481,177
10000,9975,12,2012,671,246
10000,9975,13,2885,873,306
10000,9975,14,3917,1032,500
10000,9975,15,4957,1040,601
10000,9975,16,5859,902,712
10000,9975,17,6479,620,799
10000,9975,18,6887,408,707
10000,9975,19,7114,227,637
10000,9975,20,7248,134,552
10000,9975,21,7320,72,420
10000,9975,22,7359,39,369
10000,9975,23,7381,22,263
10000,9975,24,7397,16,194
10000,9975,25,7409,12,163
10000,9975,26,7417,8,130
10000,9975,27,7422,5,111
10000,9975,28,7422,0,64
10000,9975,29,7424,2,52
10000,9975,30,7424,0,47
10000,9975,31,7424,0,31
10000,9975,32,7424,0,21
10000,9975,33,7424,0,24
10000,9975,34,7424,0,9
10000,9975,35,7424,0,13
10000,9975,36,7424,0,10
10000,9975,37,7424,0,8
10000,9975,38,7424,0,6
10000,9975,39,7424,0,3
10000,9975,40,7424,0,2
10000,9975,41,7424,0,1
10000,9975,42,7424,0,0
10000,9975,43,7424,0,0
10000,9975,44,7424,0,0
10000,9975,45,7424,0,1
10000,9975,46,7424,0,0
10000,9975,47,7424,0,0
10000,9975,48,7424,0,0
10000,9975,49,7424,0,0
10000,9975,50,7424,0,0
10000,9975,51,7424,0,1
10000,9975,52,7424,0,0
10000,9975,53,7424,0,0
10000,9975,54,7424,0,0
10000,9975,55,7424,0,0
10000,9975,56,7424,0,0
10000,9975,57,7424,0,0
10000,9975,58,7424,0,0
10000,9975,59,7424,0,0
10000,9975,60,7424,0,0
10000,9975,1,7,2,2
10000,9975,2,8,1,1
10000,9975,3,8,0,3
10000,9975,4,9,1,1
10000,9975,5,11,2,1
10000,9975,6,12,1,2
10000,9975,7,16,4,1
10000,9975,8,23,7,3
10000,9975,9,28,5,6
10000,9975,10,33,5,3
10000,9975,11,41,8,4
10000,9975,12,57,16,8
10000,9975,13,78,21,11
10000,9975,14,113,35,21
10000,9975,15,169,56,27
10000,9975,16,269,100,36
10000,9975,17,431,162,58
10000,9975,18,670,239,116
10000,9975,19,1016,346,210
10000,9975,20,1496,480,252
10000,9975,21,2153,657,344
10000,9975,22,2909,756,547
10000,9975,23,3771,862,605
10000,9975,24,4627,856,761
10000,9975,25,5324,697,772
10000,9975,26,5890,566,762
10000,9975,27,6265,375,663
10000,9975,28,6496,231,528
10000,9975,29,6654,158,387
10000,9975,30,6762,108,262
10000,9975,31,6818,56,167
10000,9975,32,6847,29,120
10000,9975,33,6869,22,92
10000,9975,34,6880,11,43
10000,9975,35,6886,6,29
10000,9975,36,6889,3,12
10000,9975,37,6891,2,14
10000,9975,38,6892,1,10
10000,9975,39,6894,2,7
10000,9975,40,6896,2,2
10000,9975,41,6899,3,1
10000,9975,42,6900,1,4
10000,9975,43,6900,0,0
10000,9975,44,6900,0,1
10000,9975,45,6900,0,0
10000,9975,46,6900,0,1
10000,9975,47,6900,0,0
10000,9975,48,6900,0,0
10000,9975,49,6900,0,0
10000,9975,50,6900,0,0
10000,9975,51,6900,0,0
10000,9975,52,6900,0,0
10000,9975,53,6900,0,0
10000,9975,54,6900,0,0
10000,9975,55,6900,0,0
10000,9975,1,5,0,3
10000,9975,2,5,0,0
10000,9975,3,5,0,2
10000,9975,4,5,0,0
10000,9975,5,5,0,0
10000,9975,6,5,0,0
10000,9975,7,5,0,0
10000,9975,8,5,0,0
10000,9975,9,5,0,0
10000,9975,10,5,0,0
10000,9975,11,5,0,0
10000,9975,12,5,0,0
10000,40037,1,10,5,2
10000,40037,2,29,19,3
10000,40037,3,75,46,8
10000,40037,4,206,131,14
10000,40037,5,523,317,44
10000,40037,6,1246,723,116
10000,40037,7,2723,1477,257
10000,40037,8,5146,2423,556
10000,40037,9,7629,2483,1015
10000,40037,10,9028,1399,1410
10000,40037,11,9539,511,1372
10000,40037,12,9728,189,1207
10000,40037,13,9824,96,944
10000,40037,14,9862,38,727
10000,40037,15,9877,15,548
10000,40037,16,9886,9,412
10000,40037,17,9890,4,316
10000,40037,18,9891,1,215
10000,40037,19,9893,2,168
10000,40037,20,9893,0,161
10000,40037,21,9895,2,103
10000,40037,22,9895,0,81
10000,40037,23,9895,0,55
10000,40037,24,9895,0,41
10000,40037,25,9895,0,25
10000,40037,26,9895,0,26
10000,40037,27,9895,0,20
10000,40037,28,9895,0,10
10000,40037,29,9895,0,5
10000,40037,30,9895,0,11
10000,40037,31,9895,0,5
10000,40037,32,9895,0,3
10000,40037,33,9895,0,2
10000,40037,34,9895,0,4
10000,40037,35,9895,0,0
10000,40037,36,9895,0,1
10000,40037,37,9895,0,4
10000,40037,38,9895,0,3
10000,40037,39,9895,0,0
10000,40037,40,9895,0,0
10000,40037,41,9895,0,0
10000,40037,42,9895,0,0
10000,40037,43,9895,0,1
10000,40037,44,9895,0,0
10000,40037,45,9895,0,0
10000,40037,46,9895,0,0
10000,40037,47,9895,0,0
10000,40037,48,9895,0,0
10000,40037,49,9895,0,0
10000,40037,50,9895,0,0
10000,40037,51,9895,0,0
10000,40037,52,9895,0,0
10000,40037,1,13,8,2
10000,40037,2,34,21,5
10000,40037,3,81,47,14
10000,40037,4,183,102,33
10000,40037,5,429,246,70
10000,40037,6,1007,578,173
10000,40037,7,2186,1179,349
10000,40037,8,4120,1934,773
10000,40037,9,6380,2260,1345
10000,40037,10,8117,1737,1788
10000,40037,11,8970,853,1778
10000,40037,12,9293,323,1312
10000,40037,13,9441,148,834
10000,40037,14,9497,56,514
10000,40037,15,9521,24,252
10000,40037,16,9532,11,153
10000,40037,17,9536,4,72
10000,40037,18,9537,1,24
10000,40037,19,9537,0,18
10000,40037,20,9537,0,14
10000,40037,21,9537,0,5
10000,40037,22,9537,0,5
10000,40037,23,9537,0,2
10000,40037,24,9537,0,2
10000,40037,25,9537,0,0
10000,40037,26,9537,0,0
10000,40037,27,9537,0,0
10000,40037,28,9537,0,0
10000,40037,29,9537,0,0
10000,40037,30,9537,0,0
10000,40037,31,9537,0,0
10000,40037,32,9537,0,0
10000,40037,33,9537,0,0
10000,40037,1,17,12,5
10000,40037,2,48,31,9
10000,40037,3,106,58,23
10000,40037,4,247,141,55
10000,40037,5,537,290,121
10000,40037,6,1139,602,251
10000,40037,7,2228,1089,506
10000,40037,8,3907,1679,931
10000,40037,9,5877,1970,1484
10000,40037,10,7408,1531,1839
10000,40037,11,8234,826,1611
10000,40037,12,8583,349,1063
10000,40037,13,8732,149,523
10000,40037,14,8801,69,222
10000,40037,15,8840,39,128
10000,40037,16,8853,13,46
10000,40037,17,8861,8,23
10000,40037,18,8864,3,18
10000,40037,19,8865,1,6
10000,40037,20,8865,0,1
10000,40037,21,8865,0,0
10000,40037,22,8865,0,0
10000,40037,23,8865,0,0
10000,40037,24,8865,0,0
10000,40037,25,8865,0,0
10000,40037,26,8865,0,0
10000,40037,27,8865,0,0
10000,40037,28,8865,0,0
10000,40037,29,8865,0,0
10000,40037,1,24,19,2
10000,40037,2,116,92,6
10000,40037,3,507,391,24
10000,40037,4,2074,1567,130
10000,40037,5,6045,3971,466
10000,40037,6,9352,3307,1367
10000,40037,7,9906,554,1787
10000,40037,8,9968,62,1528
10000,40037,9,9978,10,1130
10000,40037,10,9981,3,871
10000,40037,11,9983,2,710
10000,40037,12,9983,0,483
10000,40037,13,9985,2,367
10000,40037,14,9986,1,286
10000,40037,15,9986,0,190
10000,40037,16,9986,0,155
10000,40037,17,9986,0,117
10000,40037,18,9986,0,96
10000,40037,19,9986,0,78
10000,40037,20,9986,0,45
10000,40037,21,9986,0,48
10000,40037,22,9986,0,25
10000,40037,23,9986,0,21
10000,40037,24,9986,0,12
10000,40037,25,9986,0,14
10000,40037,26,9986,0,6
10000,40037,27,9986,0,5
10000,40037,28,9986,0,6
10000,40037,29,9986,0,5
10000,40037,30,9986,0,0
10000,40037,31,9986,0,3
10000,40037,32,9986,0,1
10000,40037,33,9986,0,0
10000,40037,34,9986,0,0
10000,40037,35,9986,0,2
10000,40037,36,9986,0,0
10000,40037,37,9986,0,0
10000,40037,38,9986,0,0
10000,40037,39,9986,0,0
10000,40037,40,9986,0,0
10000,40037,41,9986,0,0
10000,40037,42,9986,0,0
10000,40037,43,9986,0,0
10000,40037,44,9986,0,0
10000,40037,1,29,24,1
10000,40037,2,124,95,18
10000,40037,3,531,407,53
10000,40037,4,2072,1541,225
10000,40037,5,5902,3830,873
10000,40037,6,9252,3350,2303
10000,40037,7,9871,619,2885
10000,40037,8,9930,59,1789
10000,40037,9,9948,18,892
10000,40037,10,9949,1,457
10000,40037,11,9950,1,217
10000,40037,12,9951,1,105
10000,40037,13,9951,0,74
10000,40037,14,9951,0,29
10000,40037,15,9951,0,12
10000,40037,16,9951,0,8
10000,40037,17,9951,0,8
10000,40037,18,9951,0,1
10000,40037,19,9951,0,1
10000,40037,20,9951,0,0
10000,40037,21,9951,0,0
10000,40037,22,9951,0,0
10000,40037,23,9951,0,0
10000,40037,24,9951,0,0
10000,40037,25,9951,0,0
10000,40037,26,9951,0,0
10000,40037,27,9951,0,0
10000,40037,28,9951,0,0
10000,40037,1,26,21,3
10000,40037,2,122,96,18
10000,40037,3,500,378,75
10000,40037,4,1903,1403,309
10000,40037,5,5515,3612,1115
10000,40037,6,8999,3484,2992
10000,40037,7,9785,786,3363
10000,40037,8,9873,88,1425
10000,40037,9,9888,15,412
10000,40037,10,9891,3,123
10000,40037,11,9891,0,44
10000,40037,12,9891,0,7
10000,40037,13,9891,0,5
10000,40037,14,9891,0,0
10000,40037,15,9891,0,0
10000,40037,16,9891,0,0
10000,40037,17,9891,0,0
10000,40037,18,9891,0,0
10000,40037,19,9891,0,0
10000,40037,20,9891,0,0
10000,40037,21,9891,0,0
10000,40037,22,9891,0,0
10000,40037,1,31,26,1
10000,40037,2,208,177,9
10000,40037,3,1188,980,47
10000,40037,4,5208,4020,263
10000,40037,5,9595,4387,1215
10000,40037,6,9981,386,2081
10000,40037,7,9994,13,1591
10000,40037,8,9995,1,1175
10000,40037,9,9995,0,920
10000,40037,10,9995,0,653
10000,40037,11,9995,0,512
10000,40037,12,9995,0,382
10000,40037,13,9995,0,293
10000,40037,14,9995,0,211
10000,40037,15,9995,0,162
10000,40037,16,9995,0,113
10000,40037,17,9995,0,105
10000,40037,18,9995,0,65
10000,40037,19,9995,0,36
10000,40037,20,9995,0,44
10000,40037,21,9995,0,19
10000,40037,22,9995,0,26
10000,40037,23,9995,0,18
10000,40037,24,9995,0,17
10000,40037,25,9995,0,10
10000,40037,26,9995,0,9
10000,40037,27,9995,0,1
10000,40037,28,9995,0,4
10000,40037,29,9995,0,2
10000,40037,30,9995,0,2
10000,40037,31,9995,0,3
10000,40037,32,9995,0,0
10000,40037,33,9995,0,1
10000,40037,34,9995,0,1
10000,40037,35,9995,0,3
10000,40037,36,9995,0,0
10000,40037,37,9995,0,0
10000,40037,38,9995,0,0
10000,40037,39,9995,0,0
10000,40037,40,9995,0,0
10000,40037,41,9995,0,0
10000,40037,42,9995,0,0
10000,40037,43,9995,0,0
10000,40037,44,9995,0,0
10000,40037,45,9995,0,0
10000,40037,46,9995,0,0
10000,40037,47,9995,0,1
10000,40037,48,9995,0,0
10000,40037,49,9995,0,0
10000,40037,50,9995,0,0
10000,40037,51,9995,0,0
10000,40037,52,9995,0,0
10000,40037,53,9995,0,0
10000,40037,54,9995,0,0
10000,40037,55,9995,0,0
10000,40037,56,9995,0,0
10000,40037,1,33,28,3
10000,40037,2,209,176,17
10000,40037,3,1188,979,81
10000,40037,4,5196,4008,527
10000,40037,5,9599,4403,2260
10000,40037,6,9983,384,3315
10000,40037,7,9993,10,1808
10000,40037,8,9993,0,980
10000,40037,9,9993,0,509
10000,40037,10,9993,0,251
10000,40037,11,9993,0,127
10000,40037,12,9993,0,56
10000,40037,13,9993,0,33
10000,40037,14,9993,0,13
10000,40037,15,9993,0,10
10000,40037,16,9993,0,0
10000,40037,17,9993,0,2
10000,40037,18,9993,0,1
10000,40037,19,9993,0,0
10000,40037,20,9993,0,0
10000,40037,21,9993,0,0
10000,40037,22,9993,0,0
10000,40037,23,9993,0,0
10000,40037,24,9993,0,0
10000,40037,25,9993,0,0
10000,40037,26,9993,0,0
10000,40037,27,9993,0,0
10000,40037,1,35,30,5
10000,40037,2,229,194,27
10000,40037,3,1333,1104,151
10000,40037,4,5533,4200,858
10000,40037,5,9679,4146,3344
10000,40037,6,9970,291,3969
10000,40037,7,9981,11,1213
10000,40037,8,9981,0,314
10000,40037,9,9981,0,78
10000,40037,10,9981,0,18
10000,40037,11,9981,0,2
10000,40037,12,9981,0,1
10000,40037,13,9981,0,1
10000,40037,14,9981,0,0
10000,40037,15,9981,0,0
10000,40037,16,9981,0,0
10000,40037,17,9981,0,0
10000,40037,18,9981,0,0
10000,40037,19,9981,0,0
10000,40037,20,9981,0,0
10000,40037,21,9981,0,0
10000,40037,22,9981,0,0
10000,80287,1,22,17,2
10000,80287,2,93,71,5
10000,80287,3,406,313,17
10000,80287,4,1658,1252,101
10000,80287,5,5336,3678,372
10000,80287,6,9249,3913,1176
10000,80287,7,9942,693,1910
10000,80287,8,9991,49,1567
10000,80287,9,9998,7,1205
10000,80287,10,9999,1,941
10000,80287,11,10000,1,646
10000,80287,12,10000,0,520
10000,80287,13,10000,0,401
10000,80287,14,10000,0,273
10000,80287,15,10000,0,227
10000,80287,16,10000,0,157
10000,80287,17,10000,0,118
10000,80287,18,10000,0,84
10000,80287,19,10000,0,64
10000,80287,20,10000,0,46
10000,80287,21,10000,0,45
10000,80287,22,10000,0,18
10000,80287,23,10000,0,25
10000,80287,24,10000,0,17
10000,80287,25,10000,0,12
10000,80287,26,10000,0,15
10000,80287,27,10000,0,6
10000,80287,28,10000,0,8
10000,80287,29,10000,0,5
10000,80287,30,10000,0,2
10000,80287,31,10000,0,5
10000,80287,32,10000,0,6
10000,80287,33,10000,0,0
10000,80287,34,10000,0,1
10000,80287,35,10000,0,1
10000,80287,36,10000,0,0
10000,80287,37,10000,0,0
10000,80287,38,10000,0,0
10000,80287,39,10000,0,1
10000,80287,40,10000,0,0
10000,80287,41,10000,0,0
10000,80287,42,10000,0,0
10000,80287,43,10000,0,1
10000,80287,44,10000,0,0
10000,80287,45,10000,0,0
10000,80287,46,10000,0,0
10000,80287,47,10000,0,0
10000,80287,48,10000,0,0
10000,80287,49,10000,0,0
10000,80287,50,10000,0,0
10000,80287,51,10000,0,0
10000,80287,52,10000,0,0
10000,80287,1,30,25,4
10000,80287,2,144,114,13
10000,80287,3,590,446,67
10000,80287,4,2261,1671,247
10000,80287,5,6344,4083,924
10000,80287,6,9499,3155,2532
10000,80287,7,9924,425,2816
10000,80287,8,9970,46,1658
10000,80287,9,9979,9,869
10000,80287,10,9983,4,397
10000,80287,11,9984,1,223
10000,80287,12,9984,0,116
10000,80287,13,9984,0,68
10000,80287,14,9984,0,27
10000,80287,15,9984,0,13
10000,80287,16,9984,0,5
10000,80287,17,9984,0,3
10000,80287,18,9984,0,1
10000,80287,19,9984,0,0
10000,80287,20,9984,0,1
10000,80287,21,9984,0,0
10000,80287,22,9984,0,0
10000,80287,23,9984,0,0
10000,80287,24,9984,0,0
10000,80287,25,9984,0,0
10000,80287,26,9984,0,0
10000,80287,27,9984,0,0
10000,80287,28,9984,0,0
10000,80287,29,9984,0,0
10000,80287,1,20,15,5
10000,80287,2,70,50,10
10000,80287,3,281,211,44
10000,80287,4,1099,818,166
10000,80287,5,3711,2612,630
10000,80287,6,7927,4216,2155
10000,80287,7,9669,1742,3702
10000,80287,8,9881,212,2255
10000,80287,9,9901,20,676
10000,80287,10,9909,8,196
10000,80287,11,9910,1,47
10000,80287,12,9911,1,19
10000,80287,13,9911,0,6
10000,80287,14,9911,0,0
10000,80287,15,9911,0,0
10000,80287,16,9911,0,0
10000,80287,17,9911,0,0
10000,80287,18,9911,0,0
10000,80287,19,9911,0,0
10000,80287,20,9911,0,0
10000,80287,21,9911,0,0
10000,80287,22,9911,0,0
10000,80287,1,39,34,1
10000,80287,2,315,276,8
10000,80287,3,2313,1998,84
10000,80287,4,8512,6199,538
10000,80287,5,9997,1485,1963
10000,80287,6,10000,3,1842
10000,80287,7,10000,0,1403
10000,80287,8,10000,0,1026
10000,80287,9,10000,0,776
10000,80287,10,10000,0,600
10000,80287,11,10000,0,425
10000,80287,12,10000,0,333
10000,80287,13,10000,0,241
10000,80287,14,10000,0,187
10000,80287,15,10000,0,142
10000,80287,16,10000,0,115
10000,80287,17,10000,0,74
10000,80287,18,10000,0,59
10000,80287,19,10000,0,43
10000,80287,20,10000,0,37
10000,80287,21,10000,0,34
10000,80287,22,10000,0,18
10000,80287,23,10000,0,10
10000,80287,24,10000,0,13
10000,80287,25,10000,0,4
10000,80287,26,10000,0,7
10000,80287,27,10000,0,4
10000,80287,28,10000,0,2
10000,80287,29,10000,0,2
10000,80287,30,10000,0,1
10000,80287,31,10000,0,2
10000,80287,32,10000,0,0
10000,80287,33,10000,0,1
10000,80287,34,10000,0,2
10000,80287,35,10000,0,0
10000,80287,36,10000,0,1
10000,80287,37,10000,0,0
10000,80287,38,10000,0,1
10000,80287,39,10000,0,0
10000,80287,40,10000,0,1
10000,80287,41,10000,0,0
10000,80287,42,10000,0,0
10000,80287,43,10000,0,0
10000,80287,44,10000,0,0
10000,80287,45,10000,0,0
10000,80287,46,10000,0,0
10000,80287,47,10000,0,0
10000,80287,48,10000,0,0
10000,80287,49,10000,0,0
10000,80287,1,52,47,4
10000,80287,2,418,366,26
10000,80287,3,2916,2498,194
10000,80287,4,9189,6273,1355
10000,80287,5,9999,810,3861
10000,80287,6,10000,1,2313
10000,80287,7,10000,0,1163
10000,80287,8,10000,0,534
10000,80287,9,10000,0,276
10000,80287,10,10000,0,125
10000,80287,11,10000,0,73
10000,80287,12,10000,0,32
10000,80287,13,10000,0,24
10000,80287,14,10000,0,10
10000,80287,15,10000,0,5
10000,80287,16,10000,0,0
10000,80287,17,10000,0,3
10000,80287,18,10000,0,1
10000,80287,19,10000,0,0
10000,80287,20,10000,0,1
10000,80287,21,10000,0,0
10000,80287,22,10000,0,0
10000,80287,23,10000,0,0
10000,80287,24,10000,0,0
10000,80287,25,10000,0,0
10000,80287,26,10000,0,0
10000,80287,27,10000,0,0
10000,80287,28,10000,0,0
10000,80287,29,10000,0,0
10000,80287,1,41,36,5
10000,80287,2,289,248,31
10000,80287,3,2027,1738,183
10000,80287,4,8040,6013,1360
10000,80287,5,9989,1949,4818
10000,80287,6,9999,10,2705
10000,80287,7,9999,0,651
10000,80287,8,9999,0,188
10000,80287,9,9999,0,47
10000,80287,10,9999,0,11
10000,80287,11,9999,0,0
10000,80287,12,9999,0,0
10000,80287,13,9999,0,0
10000,80287,14,9999,0,0
10000,80287,15,9999,0,0
10000,80287,16,9999,0,0
10000,80287,17,9999,0,0
10000,80287,18,9999,0,0
10000,80287,19,9999,0,0
10000,80287,1,63,58,1
10000,80287,2,772,709,14
10000,80287,3,6130,5358,180
10000,80287,4,9996,3866,1464
10000,80287,5,10000,4,2086
10000,80287,6,10000,0,1546
10000,80287,7,10000,0,1198
10000,80287,8,10000,0,926
10000,80287,9,10000,0,657
10000,80287,10,10000,0,472
10000,80287,11,10000,0,373
10000,80287,12,10000,0,251
10000,80287,13,10000,0,205
10000,80287,14,10000,0,154
10000,80287,15,10000,0,131
10000,80287,16,10000,0,83
10000,80287,17,10000,0,63
10000,80287,18,10000,0,58
10000,80287,19,10000,0,36
10000,80287,20,10000,0,24
10000,80287,21,10000,0,17
10000,80287,22,10000,0,11
10000,80287,23,10000,0,14
10000,80287,24,10000,0,10
10000,80287,25,10000,0,7
10000,80287,26,10000,0,6
10000,80287,27,10000,0,2
10000,80287,28,10000,0,4
10000,80287,29,10000,0,1
10000,80287,30,10000,0,1
10000,80287,31,10000,0,2
10000,80287,32,10000,0,0
10000,80287,33,10000,0,0
10000,80287,34,10000,0,2
10000,80287,35,10000,0,0
10000,80287,36,10000,0,0
10000,80287,37,10000,0,0
10000,80287,38,10000,0,0
10000,80287,39,10000,0,1
10000,80287,40,10000,0,0
10000,80287,41,10000,0,0
10000,80287,42,10000,0,0
10000,80287,43,10000,0,0
10000,80287,44,10000,0,0
10000,80287,45,10000,0,0
10000,80287,46,10000,0,0
10000,80287,47,10000,0,0
10000,80287,48,10000,0,0
10000,80287,1,56,51,1
10000,80287,2,665,609,27
10000,80287,3,5588,4923,340
10000,80287,4,9992,4404,2629
10000,80287,5,10000,8,3539
10000,80287,6,10000,0,1676
10000,80287,7,10000,0,888
10000,80287,8,10000,0,467
10000,80287,9,10000,0,222
10000,80287,10,10000,0,105
10000,80287,11,10000,0,48
10000,80287,12,10000,0,30
10000,80287,13,10000,0,13
10000,80287,14,10000,0,8
10000,80287,15,10000,0,3
10000,80287,16,10000,0,1
10000,80287,17,10000,0,2
10000,80287,18,10000,0,1
10000,80287,19,10000,0,0
10000,80287,20,10000,0,0
10000,80287,21,10000,0,0
10000,80287,22,10000,0,0
10000,80287,23,10000,0,0
10000,80287,24,10000,0,0
10000,80287,25,10000,0,0
10000,80287,26,10000,0,0
10000,80287,27,10000,0,0
10000,80287,1,65,60,5
10000,80287,2,773,708,47
10000,80287,3,6066,5293,541
10000,80287,4,9993,3927,4077
10000,80287,5,10000,7,3961
10000,80287,6,10000,0,1024
10000,80287,7,10000,0,264
10000,80287,8,10000,0,52
10000,80287,9,10000,0,26
10000,80287,10,10000,0,1
10000,80287,11,10000,0,2
10000,80287,12,10000,0,0
10000,80287,13,10000,0,0
10000,80287,14,10000,0,0
10000,80287,15,10000,0,0
10000,80287,16,10000,0,0
10000,80287,17,10000,0,0
10000,80287,18,10000,0,0
10000,80287,19,10000,0,0
10000,80287,20,10000,0,0
