500,461,1,13,8,0
500,461,2,48,35,2
500,461,3,77,29,15
500,461,4,101,24,16
500,461,5,118,17,19
500,461,6,135,17,20
500,461,7,152,17,21
500,461,8,156,4,18
500,461,9,161,5,9
500,461,10,166,5,9
500,461,11,167,1,11
500,461,12,167,0,4
500,461,13,167,0,6
500,461,14,168,1,3
500,461,15,168,0,3
500,461,16,168,0,2
500,461,17,168,0,4
500,461,18,168,0,3
500,461,19,168,0,0
500,461,20,168,0,3
500,461,21,168,0,0
500,461,22,168,0,0
500,461,23,168,0,0
500,461,24,168,0,0
500,461,25,168,0,0
500,461,26,168,0,0
500,461,27,168,0,0
500,461,28,168,0,0
500,461,29,168,0,0
500,461,1,16,11,3
500,461,2,37,21,3
500,461,3,60,23,15
500,461,4,87,27,15
500,461,5,120,33,24
500,461,6,132,12,30
500,461,7,136,4,22
500,461,8,138,2,15
500,461,9,138,0,6
500,461,10,139,1,3
500,461,11,140,1,2
500,461,12,140,0,2
500,461,13,140,0,0
500,461,14,140,0,0
500,461,15,140,0,0
500,461,16,140,0,0
500,461,17,140,0,0
500,461,18,140,0,0
500,461,19,140,0,0
500,461,20,140,0,0
500,461,21,140,0,0
500,461,1,15,10,4
500,461,2,41,26,9
500,461,3,69,28,21
500,461,4,83,14,24
500,461,5,91,8,19
500,461,6,99,8,13
500,461,7,102,3,5
500,461,8,102,0,6
500,461,9,102,0,1
500,461,10,102,0,0
500,461,11,102,0,0
500,461,12,102,0,0
500,461,13,102,0,0
500,461,14,102,0,0
500,461,15,102,0,0
500,461,16,102,0,0
500,461,17,102,0,0
500,461,18,102,0,0
500,461,1,24,19,0
500,461,2,81,57,7
500,461,3,148,67,22
500,461,4,184,36,26
500,461,5,203,19,26
500,461,6,211,8,22
500,461,7,214,3,24
500,461,8,214,0,23
500,461,9,214,0,16
500,461,10,216,2,10
500,461,11,216,0,11
500,461,12,216,0,10
500,461,13,216,0,2
500,461,14,216,0,1
500,461,15,216,0,6
500,461,16,216,0,3
500,461,17,216,0,2
500,461,18,216,0,0
500,461,19,216,0,1
500,461,20,216,0,1
500,461,21,216,0,1
500,461,22,216,0,2
500,461,23,216,0,0
500,461,24,216,0,0
500,461,25,216,0,0
500,461,26,216,0,0
500,461,27,216,0,0
500,461,28,216,0,0
500,461,29,216,0,0
500,461,30,216,0,0
500,461,31,216,0,0
500,461,1,10,5,1
500,461,2,50,40,2
500,461,3,113,63,20
500,461,4,159,46,42
500,461,5,180,21,44
500,461,6,191,11,38
500,461,7,194,3,25
500,461,8,195,1,12
500,461,9,195,0,6
500,461,10,195,0,3
500,461,11,195,0,0
500,461,12,195,0,0
500,461,13,195,0,1
500,461,14,195,0,0
500,461,15,195,0,0
500,461,16,195,0,0
500,461,17,195,0,0
500,461,18,195,0,1
500,461,19,195,0,0
500,461,20,195,0,0
500,461,21,195,0,0
500,461,22,195,0,0
500,461,23,195,0,0
500,461,24,195,0,0
500,461,25,195,0,0
500,461,26,195,0,0
500,461,27,195,0,0
500,461,1,23,18,3
500,461,2,82,59,15
500,461,3,137,55,48
500,461,4,157,20,54
500,461,5,166,9,32
500,461,6,168,2,9
500,461,7,169,1,4
500,461,8,169,0,4
500,461,9,169,0,0
500,461,10,169,0,0
500,461,11,169,0,0
500,461,12,169,0,0
500,461,13,169,0,0
500,461,14,169,0,0
500,461,15,169,0,0
500,461,16,169,0,0
500,461,17,169,0,0
500,461,1,41,36,0
500,461,2,125,84,13
500,461,3,188,63,27
500,461,4,216,28,46
500,461,5,224,8,31
500,461,6,228,4,23
500,461,7,228,0,25
500,461,8,228,0,21
500,461,9,228,0,6
500,461,10,228,0,6
500,461,11,228,0,9
500,461,12,228,0,2
500,461,13,228,0,7
500,461,14,228,0,1
500,461,15,228,0,3
500,461,16,228,0,4
500,461,17,228,0,1
500,461,18,228,0,0
500,461,19,228,0,1
500,461,20,228,0,1
500,461,21,228,0,0
500,461,22,228,0,0
500,461,23,228,0,1
500,461,24,228,0,0
500,461,25,228,0,0
500,461,26,228,0,0
500,461,27,228,0,0
500,461,28,228,0,0
500,461,29,228,0,0
500,461,30,228,0,0
500,461,31,228,0,0
500,461,32,228,0,0
500,461,1,54,49,2
500,461,2,136,82,31
500,461,3,183,47,60
500,461,4,205,22,40
500,461,5,210,5,34
500,461,6,212,2,18
500,461,7,212,0,12
500,461,8,212,0,6
500,461,9,212,0,5
500,461,10,212,0,2
500,461,11,212,0,1
500,461,12,212,0,1
500,461,13,212,0,0
500,461,14,212,0,0
500,461,15,212,0,0
500,461,16,212,0,0
500,461,17,212,0,0
500,461,18,212,0,0
500,461,19,212,0,0
500,461,20,212,0,0
500,461,21,212,0,0
500,461,1,28,23,3
500,461,2,101,73,20
500,461,3,174,73,58
500,461,4,202,28,70
500,461,5,206,4,39
500,461,6,206,0,14
500,461,7,206,0,1
500,461,8,206,0,1
500,461,9,206,0,0
500,461,10,206,0,0
500,461,11,206,0,0
500,461,12,206,0,0
500,461,13,206,0,0
500,461,14,206,0,0
500,461,15,206,0,0
500,461,16,206,0,0
500,461,17,206,0,0
500,1737,1,33,28,1
500,1737,2,132,99,6
500,1737,3,233,101,36
500,1737,4,288,55,47
500,1737,5,310,22,42
500,1737,6,321,11,48
500,1737,7,337,16,34
500,1737,8,340,3,27
500,1737,9,342,2,16
500,1737,10,343,1,20
500,1737,11,343,0,17
500,1737,12,343,0,11
500,1737,13,344,1,10
500,1737,14,344,0,8
500,1737,15,344,0,3
500,1737,16,344,0,4
500,1737,17,345,1,3
500,1737,18,345,0,3
500,1737,19,345,0,3
500,1737,20,345,0,2
500,1737,21,345,0,0
500,1737,22,345,0,2
500,1737,23,345,0,0
500,1737,24,345,0,0
500,1737,25,345,0,0
500,1737,26,345,0,1
500,1737,27,345,0,0
500,1737,28,345,0,1
500,1737,29,345,0,0
500,1737,30,345,0,0
500,1737,31,345,0,0
500,1737,32,345,0,0
500,1737,33,345,0,0
500,1737,34,345,0,0
500,1737,35,345,0,0
500,1737,36,345,0,0
500,1737,37,345,0,0
500,1737,1,31,26,3
500,1737,2,129,98,11
500,1737,3,231,102,64
500,1737,4,271,40,74
500,1737,5,295,24,59
500,1737,6,301,6,37
500,1737,7,305,4,27
500,1737,8,306,1,17
500,1737,9,306,0,11
500,1737,10,306,0,1
500,1737,11,306,0,0
500,1737,12,306,0,1
500,1737,13,306,0,0
500,1737,14,306,0,0
500,1737,15,306,0,0
500,1737,16,306,0,0
500,1737,17,306,0,1
500,1737,18,306,0,0
500,1737,19,306,0,0
500,1737,20,306,0,0
500,1737,21,306,0,0
500,1737,22,306,0,0
500,1737,23,306,0,0
500,1737,24,306,0,0
500,1737,25,306,0,0
500,1737,26,306,0,0
500,1737,1,53,48,5
500,1737,2,139,86,31
500,1737,3,217,78,79
500,1737,4,249,32,76
500,1737,5,263,14,47
500,1737,6,268,5,16
500,1737,7,270,2,8
500,1737,8,270,0,6
500,1737,9,270,0,2
500,1737,10,270,0,0
500,1737,11,270,0,0
500,1737,12,270,0,0
500,1737,13,270,0,0
500,1737,14,270,0,0
500,1737,15,270,0,0
500,1737,16,270,0,0
500,1737,17,270,0,0
500,1737,18,270,0,0
500,1737,1,49,44,1
500,1737,2,219,170,13
500,1737,3,325,106,57
500,1737,4,354,29,65
500,1737,5,362,8,43
500,1737,6,366,4,42
500,1737,7,370,4,39
500,1737,8,371,1,28
500,1737,9,371,0,21
500,1737,10,371,0,16
500,1737,11,371,0,8
500,1737,12,371,0,6
500,1737,13,371,0,11
500,1737,14,371,0,5
500,1737,15,371,0,3
500,1737,16,371,0,1
500,1737,17,371,0,4
500,1737,18,371,0,4
500,1737,19,371,0,2
500,1737,20,371,0,0
500,1737,21,371,0,0
500,1737,22,371,0,0
500,1737,23,371,0,0
500,1737,24,371,0,1
500,1737,25,371,0,0
500,1737,26,371,0,1
500,1737,27,371,0,0
500,1737,28,371,0,0
500,1737,29,371,0,0
500,1737,30,371,0,0
500,1737,31,371,0,0
500,1737,32,371,0,0
500,1737,33,371,0,0
500,1737,34,371,0,0
500,1737,35,371,0,0
500,1737,1,9,4,4
500,1737,2,33,24,4
500,1737,3,147,114,9
500,1737,4,295,148,58
500,1737,5,335,40,95
500,1737,6,355,20,85
500,1737,7,356,1,48
500,1737,8,356,0,28
500,1737,9,356,0,16
500,1737,10,356,0,3
500,1737,11,356,0,5
500,1737,12,356,0,0
500,1737,13,356,0,1
500,1737,14,356,0,0
500,1737,15,356,0,0
500,1737,16,356,0,0
500,1737,17,356,0,0
500,1737,18,356,0,0
500,1737,19,356,0,0
500,1737,20,356,0,0
500,1737,21,356,0,0
500,1737,22,356,0,0
500,1737,1,21,16,5
500,1737,2,117,96,10
500,1737,3,273,156,75
500,1737,4,330,57,135
500,1737,5,342,12,83
500,1737,6,345,3,23
500,1737,7,346,1,9
500,1737,8,346,0,6
500,1737,9,346,0,0
500,1737,10,346,0,0
500,1737,11,346,0,0
500,1737,12,346,0,0
500,1737,13,346,0,0
500,1737,14,346,0,0
500,1737,15,346,0,0
500,1737,16,346,0,0
500,1737,17,346,0,0
500,1737,1,80,75,1
500,1737,2,296,216,17
500,1737,3,371,75,70
500,1737,4,382,11,77
500,1737,5,389,7,52
500,1737,6,389,0,41
500,1737,7,389,0,30
500,1737,8,389,0,27
500,1737,9,389,0,18
500,1737,10,389,0,15
500,1737,11,389,0,8
500,1737,12,389,0,9
500,1737,13,389,0,4
500,1737,14,389,0,3
500,1737,15,389,0,4
500,1737,16,389,0,2
500,1737,17,389,0,6
500,1737,18,389,0,1
500,1737,19,389,0,1
500,1737,20,389,0,1
500,1737,21,389,0,0
500,1737,22,389,0,0
500,1737,23,389,0,0
500,1737,24,389,0,1
500,1737,25,389,0,0
500,1737,26,389,0,1
500,1737,27,389,0,0
500,1737,28,389,0,0
500,1737,29,389,0,0
500,1737,30,389,0,0
500,1737,31,389,0,0
500,1737,32,389,0,0
500,1737,33,389,0,0
500,1737,34,389,0,0
500,1737,35,389,0,0
500,1737,1,65,60,3
500,1737,2,270,205,27
500,1737,3,363,93,120
500,1737,4,384,21,98
500,1737,5,386,2,62
500,1737,6,387,1,42
500,1737,7,387,0,22
500,1737,8,387,0,5
500,1737,9,387,0,8
500,1737,10,387,0,0
500,1737,11,387,0,0
500,1737,12,387,0,0
500,1737,13,387,0,0
500,1737,14,387,0,0
500,1737,15,387,0,0
500,1737,16,387,0,0
500,1737,17,387,0,0
500,1737,18,387,0,0
500,1737,1,63,58,5
500,1737,2,267,204,44
500,1737,3,363,96,170
500,1737,4,376,13,108
500,1737,5,378,2,39
500,1737,6,379,1,11
500,1737,7,379,0,1
500,1737,8,379,0,1
500,1737,9,379,0,0
500,1737,10,379,0,0
500,1737,11,379,0,0
500,1737,12,379,0,0
500,1737,13,379,0,0
500,1737,14,379,0,0
500,1737,15,379,0,0
500,1737,16,379,0,0
500,1737,17,379,0,0
500,3126,1,16,11,1
500,3126,2,123,107,4
500,3126,3,281,158,27
500,3126,4,359,78,52
500,3126,5,379,20,77
500,3126,6,395,16,61
500,3126,7,401,6,37
500,3126,8,403,2,41
500,3126,9,405,2,25
500,3126,10,406,1,23
500,3126,11,407,1,11
500,3126,12,407,0,11
500,3126,13,408,1,12
500,3126,14,408,0,5
500,3126,15,408,0,5
500,3126,16,408,0,5
500,3126,17,408,0,6
500,3126,18,408,0,1
500,3126,19,408,0,1
500,3126,20,408,0,0
500,3126,21,408,0,1
500,3126,22,408,0,1
500,3126,23,408,0,0
500,3126,24,408,0,0
500,3126,25,408,0,0
500,3126,26,408,0,1
500,3126,27,408,0,0
500,3126,28,408,0,0
500,3126,29,408,0,0
500,3126,30,408,0,0
500,3126,31,408,0,0
500,3126,32,408,0,0
500,3126,33,408,0,0
500,3126,34,408,0,0
500,3126,35,408,0,0
500,3126,1,69,64,2
500,3126,2,234,165,31
500,3126,3,335,101,92
500,3126,4,368,33,116
500,3126,5,375,7,59
500,3126,6,378,3,39
500,3126,7,378,0,15
500,3126,8,378,0,12
500,3126,9,378,0,5
500,3126,10,378,0,3
500,3126,11,378,0,2
500,3126,12,378,0,2
500,3126,13,378,0,0
500,3126,14,378,0,0
500,3126,15,378,0,0
500,3126,16,378,0,0
500,3126,17,378,0,0
500,3126,18,378,0,0
500,3126,19,378,0,0
500,3126,20,378,0,0
500,3126,21,378,0,0
500,3126,1,38,33,3
500,3126,2,185,147,24
500,3126,3,320,135,118
500,3126,4,349,29,138
500,3126,5,356,7,50
500,3126,6,357,1,18
500,3126,7,357,0,5
500,3126,8,357,0,1
500,3126,9,357,0,0
500,3126,10,357,0,0
500,3126,11,357,0,0
500,3126,12,357,0,0
500,3126,13,357,0,0
500,3126,14,357,0,0
500,3126,15,357,0,0
500,3126,16,357,0,0
500,3126,17,357,0,0
500,3126,1,48,43,1
500,3126,2,285,237,8
500,3126,3,393,108,75
500,3126,4,417,24,76
500,3126,5,424,7,54
500,3126,6,426,2,52
500,3126,7,428,2,46
500,3126,8,429,1,30
500,3126,9,429,0,23
500,3126,10,429,0,16
500,3126,11,429,0,14
500,3126,12,429,0,5
500,3126,13,429,0,5
500,3126,14,429,0,8
500,3126,15,429,0,6
500,3126,16,429,0,2
500,3126,17,429,0,4
500,3126,18,429,0,0
500,3126,19,429,0,1
500,3126,20,429,0,3
500,3126,21,429,0,0
500,3126,22,429,0,0
500,3126,23,429,0,0
500,3126,24,429,0,0
500,3126,25,429,0,0
500,3126,26,429,0,0
500,3126,27,429,0,0
500,3126,28,429,0,0
500,3126,29,429,0,0
500,3126,1,125,120,3
500,3126,2,335,210,62
500,3126,3,402,67,135
500,3126,4,413,11,97
500,3126,5,417,4,60
500,3126,6,418,1,30
500,3126,7,419,1,14
500,3126,8,419,0,8
500,3126,9,419,0,8
500,3126,10,419,0,1
500,3126,11,419,0,1
500,3126,12,419,0,0
500,3126,13,419,0,0
500,3126,14,419,0,0
500,3126,15,419,0,0
500,3126,16,419,0,0
500,3126,17,419,0,0
500,3126,18,419,0,0
500,3126,19,419,0,0
500,3126,20,419,0,0
500,3126,1,94,89,4
500,3126,2,324,230,67
500,3126,3,397,73,192
500,3126,4,408,11,102
500,3126,5,408,0,28
500,3126,6,409,1,14
500,3126,7,409,0,2
500,3126,8,409,0,0
500,3126,9,409,0,0
500,3126,10,409,0,0
500,3126,11,409,0,0
500,3126,12,409,0,0
500,3126,13,409,0,0
500,3126,14,409,0,0
500,3126,15,409,0,0
500,3126,16,409,0,0
500,3126,1,173,168,2
500,3126,2,385,212,41
500,3126,3,426,41,91
500,3126,4,429,3,67
500,3126,5,430,1,65
500,3126,6,431,1,39
500,3126,7,431,0,38
500,3126,8,431,0,20
500,3126,9,431,0,13
500,3126,10,431,0,13
500,3126,11,431,0,5
500,3126,12,431,0,11
500,3126,13,431,0,8
500,3126,14,431,0,6
500,3126,15,431,0,4
500,3126,16,431,0,1
500,3126,17,431,0,2
500,3126,18,431,0,0
500,3126,19,431,0,3
500,3126,20,431,0,0
500,3126,21,431,0,1
500,3126,22,431,0,0
500,3126,23,431,0,0
500,3126,24,431,0,0
500,3126,25,431,0,0
500,3126,26,431,0,0
500,3126,27,431,0,0
500,3126,28,431,0,0
500,3126,29,431,0,1
500,3126,30,431,0,0
500,3126,31,431,0,0
500,3126,32,431,0,0
500,3126,33,431,0,0
500,3126,34,431,0,0
500,3126,35,431,0,0
500,3126,36,431,0,0
500,3126,37,431,0,0
500,3126,38,431,0,0
500,3126,1,70,65,3
500,3126,2,343,273,31
500,3126,3,423,80,169
500,3126,4,428,5,103
500,3126,5,428,0,65
500,3126,6,428,0,31
500,3126,7,428,0,11
500,3126,8,428,0,5
500,3126,9,428,0,3
500,3126,10,428,0,3
500,3126,11,428,0,2
500,3126,12,428,0,2
500,3126,13,428,0,0
500,3126,14,428,0,0
500,3126,15,428,0,0
500,3126,16,428,0,0
500,3126,17,428,0,0
500,3126,18,428,0,0
500,3126,19,428,0,0
500,3126,20,428,0,0
500,3126,21,428,0,0
500,3126,1,65,60,3
500,3126,2,340,275,42
500,3126,3,420,80,223
500,3126,4,429,9,108
500,3126,5,429,0,38
500,3126,6,429,0,12
500,3126,7,429,0,3
500,3126,8,429,0,0
500,3126,9,429,0,0
500,3126,10,429,0,0
500,3126,11,429,0,0
500,3126,12,429,0,0
500,3126,13,429,0,0
500,3126,14,429,0,0
500,3126,15,429,0,0
500,3126,16,429,0,0
5000,4857,1,79,74,0
5000,4857,2,309,230,20
5000,4857,3,697,388,72
5000,4857,4,993,296,154
5000,4857,5,1195,202,191
5000,4857,6,1330,135,170
5000,4857,7,1439,109,175
5000,4857,8,1512,73,167
5000,4857,9,1570,58,158
5000,4857,10,1598,28,105
5000,4857,11,1625,27,94
5000,4857,12,1640,15,72
5000,4857,13,1650,10,71
5000,4857,14,1656,6,46
5000,4857,15,1659,3,35
5000,4857,16,1662,3,34
5000,4857,17,1664,2,30
5000,4857,18,1665,1,16
5000,4857,19,1667,2,15
5000,4857,20,1667,0,14
5000,4857,21,1667,0,3
5000,4857,22,1667,0,7
5000,4857,23,1667,0,7
5000,4857,24,1667,0,5
5000,4857,25,1667,0,1
5000,4857,26,1667,0,1
5000,4857,27,1667,0,0
5000,4857,28,1667,0,1
5000,4857,29,1667,0,2
5000,4857,30,1667,0,0
5000,4857,31,1667,0,0
5000,4857,32,1667,0,0
5000,4857,33,1667,0,0
5000,4857,34,1667,0,0
5000,4857,35,1667,0,0
5000,4857,36,1667,0,0
5000,4857,37,1667,0,0
5000,4857,38,1667,0,0
5000,4857,39,1667,0,1
5000,4857,40,1667,0,0
5000,4857,41,1667,0,0
5000,4857,42,1667,0,0
5000,4857,43,1667,0,0
5000,4857,44,1667,0,0
5000,4857,45,1667,0,0
5000,4857,46,1667,0,0
5000,4857,47,1667,0,0
5000,4857,48,1667,0,0
5000,4857,1,14,9,1
5000,4857,2,54,40,7
5000,4857,3,178,124,21
5000,4857,4,466,288,64
5000,4857,5,739,273,179
5000,4857,6,947,208,232
5000,4857,7,1070,123,232
5000,4857,8,1164,94,176
5000,4857,9,1196,32,121
5000,4857,10,1212,16,86
5000,4857,11,1226,14,46
5000,4857,12,1229,3,22
5000,4857,13,1232,3,18
5000,4857,14,1234,2,15
5000,4857,15,1234,0,8
5000,4857,16,1234,0,5
5000,4857,17,1234,0,1
5000,4857,18,1234,0,0
5000,4857,19,1234,0,0
5000,4857,20,1234,0,0
5000,4857,21,1234,0,0
5000,4857,22,1234,0,0
5000,4857,23,1234,0,0
5000,4857,24,1234,0,0
5000,4857,25,1234,0,0
5000,4857,26,1234,0,0
5000,4857,1,5,0,4
5000,4857,2,5,0,1
5000,4857,3,5,0,0
5000,4857,4,5,0,0
5000,4857,5,5,0,0
5000,4857,6,5,0,0
5000,4857,7,5,0,0
5000,4857,8,5,0,0
5000,4857,9,5,0,0
5000,4857,10,5,0,0
5000,4857,11,5,0,0
5000,4857,1,117,112,2
5000,4857,2,576,459,27
5000,4857,3,1227,651,138
5000,4857,4,1633,406,263
5000,4857,5,1856,223,281
5000,4857,6,1946,90,282
5000,4857,7,1997,51,247
5000,4857,8,2024,27,203
5000,4857,9,2038,14,141
5000,4857,10,2046,8,123
5000,4857,11,2049,3,89
5000,4857,12,2050,1,59
5000,4857,13,2050,0,40
5000,4857,14,2051,1,38
5000,4857,15,2051,0,28
5000,4857,16,2051,0,16
5000,4857,17,2051,0,17
5000,4857,18,2051,0,16
5000,4857,19,2051,0,8
5000,4857,20,2051,0,10
5000,4857,21,2051,0,4
5000,4857,22,2051,0,5
5000,4857,23,2051,0,7
5000,4857,24,2051,0,1
5000,4857,25,2051,0,1
5000,4857,26,2051,0,0
5000,4857,27,2051,0,0
5000,4857,28,2051,0,2
5000,4857,29,2051,0,0
5000,4857,30,2051,0,0
5000,4857,31,2051,0,0
5000,4857,32,2051,0,0
5000,4857,33,2051,0,1
5000,4857,34,2051,0,1
5000,4857,35,2051,0,1
5000,4857,36,2051,0,0
5000,4857,37,2051,0,0
5000,4857,38,2051,0,0
5000,4857,39,2051,0,0
5000,4857,40,2051,0,0
5000,4857,41,2051,0,0
5000,4857,42,2051,0,0
5000,4857,43,2051,0,0
5000,4857,44,2051,0,0
5000,4857,1,40,35,4
5000,4857,2,257,217,15
5000,4857,3,798,541,118
5000,4857,4,1291,493,323
5000,4857,5,1577,286,418
5000,4857,6,1698,121,343
5000,4857,7,1755,57,229
5000,4857,8,1776,21,149
5000,4857,9,1784,8,88
5000,4857,10,1792,8,45
5000,4857,11,1795,3,22
5000,4857,12,1798,3,17
5000,4857,13,1798,0,12
5000,4857,14,1798,0,9
5000,4857,15,1798,0,2
5000,4857,16,1798,0,2
5000,4857,17,1798,0,0
5000,4857,18,1798,0,0
5000,4857,19,1798,0,1
5000,4857,20,1798,0,0
5000,4857,21,1798,0,1
5000,4857,22,1798,0,0
5000,4857,23,1798,0,0
5000,4857,24,1798,0,0
5000,4857,25,1798,0,0
5000,4857,26,1798,0,0
5000,4857,27,1798,0,0
5000,4857,28,1798,0,0
5000,4857,29,1798,0,0
5000,4857,30,1798,0,0
5000,4857,1,23,18,3
5000,4857,2,154,131,16
5000,4857,3,685,531,94
5000,4857,4,1214,529,418
5000,4857,5,1480,266,510
5000,4857,6,1581,101,325
5000,4857,7,1601,20,170
5000,4857,8,1607,6,56
5000,4857,9,1611,4,14
5000,4857,10,1612,1,4
5000,4857,11,1612,0,1
5000,4857,12,1612,0,1
5000,4857,13,1612,0,0
5000,4857,14,1612,0,0
5000,4857,15,1612,0,0
5000,4857,16,1612,0,0
5000,4857,17,1612,0,0
5000,4857,18,1612,0,0
5000,4857,19,1612,0,0
5000,4857,20,1612,0,0
5000,4857,21,1612,0,0
5000,4857,1,30,25,0
5000,4857,2,265,235,3
5000,4857,3,1097,832,62
5000,4857,4,1786,689,270
5000,4857,5,2059,273,350
5000,4857,6,2154,95,341
5000,4857,7,2187,33,299
5000,4857,8,2193,6,234
5000,4857,9,2200,7,162
5000,4857,10,2205,5,111
5000,4857,11,2206,1,102
5000,4857,12,2207,1,63
5000,4857,13,2207,0,50
5000,4857,14,2207,0,39
5000,4857,15,2207,0,29
5000,4857,16,2207,0,23
5000,4857,17,2207,0,22
5000,4857,18,2207,0,12
5000,4857,19,2207,0,9
5000,4857,20,2207,0,7
5000,4857,21,2207,0,6
5000,4857,22,2207,0,4
5000,4857,23,2207,0,0
5000,4857,24,2207,0,2
5000,4857,25,2207,0,0
5000,4857,26,2207,0,3
5000,4857,27,2207,0,1
5000,4857,28,2207,0,1
5000,4857,29,2207,0,1
5000,4857,30,2207,0,0
5000,4857,31,2207,0,0
5000,4857,32,2207,0,0
5000,4857,33,2207,0,1
5000,4857,34,2207,0,0
5000,4857,35,2207,0,0
5000,4857,36,2207,0,0
5000,4857,37,2207,0,0
5000,4857,38,2207,0,0
5000,4857,39,2207,0,0
5000,4857,40,2207,0,0
5000,4857,41,2207,0,0
5000,4857,42,2207,0,0
5000,4857,1,50,45,2
5000,4857,2,489,439,25
5000,4857,3,1379,890,215
5000,4857,4,1858,479,542
5000,4857,5,2013,155,533
5000,4857,6,2059,46,339
5000,4857,7,2070,11,186
5000,4857,8,2076,6,105
5000,4857,9,2078,2,59
5000,4857,10,2079,1,39
5000,4857,11,2079,0,20
5000,4857,12,2079,0,5
5000,4857,13,2079,0,5
5000,4857,14,2079,0,3
5000,4857,15,2079,0,0
5000,4857,16,2079,0,0
5000,4857,17,2079,0,1
5000,4857,18,2079,0,0
5000,4857,19,2079,0,0
5000,4857,20,2079,0,0
5000,4857,21,2079,0,0
5000,4857,22,2079,0,0
5000,4857,23,2079,0,0
5000,4857,24,2079,0,0
5000,4857,25,2079,0,0
5000,4857,26,2079,0,0
5000,4857,1,32,27,4
5000,4857,2,207,175,18
5000,4857,3,982,775,142
5000,4857,4,1666,684,604
5000,4857,5,1926,260,672
5000,4857,6,1983,57,350
5000,4857,7,1998,15,145
5000,4857,8,2000,2,52
5000,4857,9,2001,1,10
5000,4857,10,2001,0,3
5000,4857,11,2001,0,0
5000,4857,12,2001,0,1
5000,4857,13,2001,0,0
5000,4857,14,2001,0,0
5000,4857,15,2001,0,0
5000,4857,16,2001,0,0
5000,4857,17,2001,0,0
5000,4857,18,2001,0,0
5000,4857,19,2001,0,0
5000,4857,20,2001,0,0
5000,4857,21,2001,0,0
5000,19061,1,28,23,2
5000,19061,2,230,202,5
5000,19061,3,1192,962,67
5000,19061,4,2252,1060,275
5000,19061,5,2801,549,451
5000,19061,6,3087,286,509
5000,19061,7,3229,142,447
5000,19061,8,3305,76,366
5000,19061,9,3350,45,291
5000,19061,10,3372,22,228
5000,19061,11,3389,17,181
5000,19061,12,3404,15,143
5000,19061,13,3409,5,120
5000,19061,14,3411,2,82
5000,19061,15,3413,2,54
5000,19061,16,3414,1,40
5000,19061,17,3414,0,36
5000,19061,18,3414,0,25
5000,19061,19,3414,0,20
5000,19061,20,3415,1,14
5000,19061,21,3415,0,15
5000,19061,22,3415,0,6
5000,19061,23,3415,0,8
5000,19061,24,3416,1,9
5000,19061,25,3416,0,5
5000,19061,26,3416,0,3
5000,19061,27,3416,0,4
5000,19061,28,3416,0,1
5000,19061,29,3416,0,3
5000,19061,30,3416,0,0
5000,19061,31,3416,0,1
5000,19061,32,3416,0,0
5000,19061,33,3416,0,2
5000,19061,34,3416,0,1
5000,19061,35,3416,0,1
5000,19061,36,3416,0,0
5000,19061,37,3416,0,0
5000,19061,38,3416,0,0
5000,19061,39,3416,0,0
5000,19061,40,3416,0,0
5000,19061,41,3416,0,0
5000,19061,42,3416,0,0
5000,19061,43,3416,0,0
5000,19061,44,3416,0,0
5000,19061,45,3416,0,0
5000,19061,46,3416,0,0
5000,19061,47,3416,0,0
5000,19061,48,3416,0,1
5000,19061,49,3416,0,0
5000,19061,50,3416,0,0
5000,19061,51,3416,0,0
5000,19061,52,3416,0,0
5000,19061,53,3416,0,0
5000,19061,54,3416,0,0
5000,19061,55,3416,0,0
5000,19061,56,3416,0,0
5000,19061,57,3416,0,0
5000,19061,1,112,107,3
5000,19061,2,732,620,55
5000,19061,3,1884,1152,330
5000,19061,4,2538,654,713
5000,19061,5,2817,279,730
5000,19061,6,2918,101,513
5000,19061,7,2972,54,286
5000,19061,8,2995,23,177
5000,19061,9,3001,6,106
5000,19061,10,3011,10,49
5000,19061,11,3013,2,29
5000,19061,12,3014,1,14
5000,19061,13,3014,0,5
5000,19061,14,3014,0,2
5000,19061,15,3014,0,0
5000,19061,16,3014,0,0
5000,19061,17,3014,0,2
5000,19061,18,3014,0,0
5000,19061,19,3014,0,0
5000,19061,20,3014,0,0
5000,19061,21,3014,0,0
5000,19061,22,3014,0,0
5000,19061,23,3014,0,0
5000,19061,24,3014,0,0
5000,19061,25,3014,0,0
5000,19061,26,3014,0,0
5000,19061,1,71,66,2
5000,19061,2,599,528,56
5000,19061,3,1742,1143,398
5000,19061,4,2377,635,976
5000,19061,5,2614,237,718
5000,19061,6,2702,88,361
5000,19061,7,2728,26,142
5000,19061,8,2736,8,55
5000,19061,9,2740,4,18
5000,19061,10,2740,0,9
5000,19061,11,2740,0,2
5000,19061,12,2740,0,2
5000,19061,13,2740,0,1
5000,19061,14,2740,0,0
5000,19061,15,2740,0,0
5000,19061,16,2740,0,0
5000,19061,17,2740,0,0
5000,19061,18,2740,0,0
5000,19061,19,2740,0,0
5000,19061,20,2740,0,0
5000,19061,21,2740,0,0
5000,19061,22,2740,0,0
5000,19061,1,184,179,3
5000,19061,2,1583,1399,45
5000,19061,3,3009,1426,395
5000,19061,4,3475,466,650
5000,19061,5,3627,152,574
5000,19061,6,3693,66,533
5000,19061,7,3720,27,372
5000,19061,8,3732,12,307
5000,19061,9,3732,0,211
5000,19061,10,3736,4,158
5000,19061,11,3737,1,123
5000,19061,12,3737,0,105
5000,19061,13,3737,0,71
5000,19061,14,3737,0,51
5000,19061,15,3737,0,35
5000,19061,16,3737,0,28
5000,19061,17,3737,0,14
5000,19061,18,3737,0,12
5000,19061,19,3737,0,8
5000,19061,20,3737,0,10
5000,19061,21,3737,0,7
5000,19061,22,3737,0,4
5000,19061,23,3737,0,5
5000,19061,24,3737,0,6
5000,19061,25,3737,0,1
5000,19061,26,3737,0,5
5000,19061,27,3737,0,1
5000,19061,28,3737,0,0
5000,19061,29,3737,0,1
5000,19061,30,3737,0,0
5000,19061,31,3737,0,0
5000,19061,32,3737,0,1
5000,19061,33,3737,0,1
5000,19061,34,3737,0,0
5000,19061,35,3737,0,0
5000,19061,36,3737,0,0
5000,19061,37,3737,0,0
5000,19061,38,3737,0,0
5000,19061,39,3737,0,0
5000,19061,40,3737,0,0
5000,19061,41,3737,0,0
5000,19061,42,3737,0,0
5000,19061,1,257,252,3
5000,19061,2,1707,1450,126
5000,19061,3,3041,1334,760
5000,19061,4,3419,378,1035
5000,19061,5,3538,119,764
5000,19061,6,3571,33,406
5000,19061,7,3576,5,245
5000,19061,8,3580,4,118
5000,19061,9,3581,1,56
5000,19061,10,3581,0,33
5000,19061,11,3581,0,15
5000,19061,12,3581,0,11
5000,19061,13,3581,0,3
5000,19061,14,3581,0,2
5000,19061,15,3581,0,4
5000,19061,16,3581,0,0
5000,19061,17,3581,0,0
5000,19061,18,3581,0,0
5000,19061,19,3581,0,0
5000,19061,20,3581,0,0
5000,19061,21,3581,0,0
5000,19061,22,3581,0,0
5000,19061,23,3581,0,0
5000,19061,24,3581,0,0
5000,19061,1,36,31,2
5000,19061,2,505,469,27
5000,19061,3,2292,1787,359
5000,19061,4,3214,922,1428
5000,19061,5,3421,207,1036
5000,19061,6,3456,35,402
5000,19061,7,3467,11,148
5000,19061,8,3470,3,51
5000,19061,9,3471,1,13
5000,19061,10,3471,0,5
5000,19061,11,3471,0,0
5000,19061,12,3471,0,0
5000,19061,13,3471,0,0
5000,19061,14,3471,0,0
5000,19061,15,3471,0,0
5000,19061,16,3471,0,0
5000,19061,17,3471,0,0
5000,19061,18,3471,0,0
5000,19061,19,3471,0,0
5000,19061,1,49,44,0
5000,19061,2,736,687,14
5000,19061,3,2885,2149,198
5000,19061,4,3647,762,649
5000,19061,5,3799,152,684
5000,19061,6,3833,34,558
5000,19061,7,3842,9,445
5000,19061,8,3843,1,320
5000,19061,9,3844,1,240
5000,19061,10,3845,1,186
5000,19061,11,3846,1,136
5000,19061,12,3846,0,100
5000,19061,13,3846,0,83
5000,19061,14,3846,0,64
5000,19061,15,3846,0,37
5000,19061,16,3846,0,32
5000,19061,17,3846,0,22
5000,19061,18,3846,0,23
5000,19061,19,3846,0,10
5000,19061,20,3846,0,14
5000,19061,21,3846,0,9
5000,19061,22,3846,0,6
5000,19061,23,3846,0,6
5000,19061,24,3846,0,3
5000,19061,25,3846,0,3
5000,19061,26,3846,0,2
5000,19061,27,3846,0,0
5000,19061,28,3846,0,0
5000,19061,29,3846,0,0
5000,19061,30,3846,0,1
5000,19061,31,3846,0,0
5000,19061,32,3846,0,0
5000,19061,33,3846,0,1
5000,19061,34,3846,0,0
5000,19061,35,3846,0,0
5000,19061,36,3846,0,0
5000,19061,37,3846,0,0
5000,19061,38,3846,0,0
5000,19061,39,3846,0,0
5000,19061,40,3846,0,0
5000,19061,41,3846,0,0
5000,19061,42,3846,0,0
5000,19061,1,80,75,2
5000,19061,2,1357,1277,45
5000,19061,3,3253,1896,613
5000,19061,4,3716,463,1295
5000,19061,5,3783,67,887
5000,19061,6,3794,11,465
5000,19061,7,3794,0,239
5000,19061,8,3794,0,130
5000,19061,9,3794,0,52
5000,19061,10,3794,0,27
5000,19061,11,3794,0,22
5000,19061,12,3794,0,10
5000,19061,13,3794,0,5
5000,19061,14,3794,0,2
5000,19061,15,3794,0,0
5000,19061,16,3794,0,0
5000,19061,17,3794,0,0
5000,19061,18,3794,0,0
5000,19061,19,3794,0,0
5000,19061,20,3794,0,0
5000,19061,21,3794,0,0
5000,19061,22,3794,0,0
5000,19061,23,3794,0,0
5000,19061,1,191,186,4
5000,19061,2,2021,1830,143
5000,19061,3,3463,1442,1423
5000,19061,4,3707,244,1387
5000,19061,5,3743,36,570
5000,19061,6,3746,3,155
5000,19061,7,3746,0,51
5000,19061,8,3746,0,8
5000,19061,9,3746,0,3
5000,19061,10,3746,0,0
5000,19061,11,3746,0,2
5000,19061,12,3746,0,0
5000,19061,13,3746,0,0
5000,19061,14,3746,0,0
5000,19061,15,3746,0,0
5000,19061,16,3746,0,0
5000,19061,17,3746,0,0
5000,19061,18,3746,0,0
5000,19061,19,3746,0,0
5000,19061,20,3746,0,0
5000,37129,1,162,157,2
5000,37129,2,1326,1164,44
5000,37129,3,2983,1657,342
5000,37129,4,3596,613,622
5000,37129,5,3854,258,637
5000,37129,6,3973,119,547
5000,37129,7,4040,67,471
5000,37129,8,4062,22,350
5000,37129,9,4076,14,264
5000,37129,10,4082,6,192
5000,37129,11,4090,8,141
5000,37129,12,4093,3,115
5000,37129,13,4095,2,81
5000,37129,14,4097,2,77
5000,37129,15,4100,3,50
5000,37129,16,4100,0,40
5000,37129,17,4100,0,29
5000,37129,18,4101,1,26
5000,37129,19,4101,0,18
5000,37129,20,4101,0,16
5000,37129,21,4101,0,11
5000,37129,22,4101,0,6
5000,37129,23,4101,0,5
5000,37129,24,4101,0,1
5000,37129,25,4101,0,6
5000,37129,26,4101,0,2
5000,37129,27,4101,0,0
5000,37129,28,4101,0,1
5000,37129,29,4101,0,1
5000,37129,30,4101,0,3
5000,37129,31,4101,0,1
5000,37129,32,4101,0,0
5000,37129,33,4101,0,0
5000,37129,34,4101,0,0
5000,37129,35,4101,0,0
5000,37129,36,4101,0,0
5000,37129,37,4101,0,0
5000,37129,38,4101,0,0
5000,37129,39,4101,0,0
5000,37129,40,4101,0,0
5000,37129,1,169,164,3
5000,37129,2,1349,1180,71
5000,37129,3,2909,1560,646
5000,37129,4,3470,561,1062
5000,37129,5,3661,191,852
5000,37129,6,3729,68,534
5000,37129,7,3761,32,282
5000,37129,8,3777,16,165
5000,37129,9,3779,2,85
5000,37129,10,3782,3,42
5000,37129,11,3782,0,17
5000,37129,12,3784,2,11
5000,37129,13,3786,2,7
5000,37129,14,3787,1,7
5000,37129,15,3787,0,1
5000,37129,16,3787,0,2
5000,37129,17,3787,0,0
5000,37129,18,3787,0,0
5000,37129,19,3787,0,0
5000,37129,20,3787,0,0
5000,37129,21,3787,0,0
5000,37129,22,3787,0,0
5000,37129,23,3787,0,0
5000,37129,24,3787,0,0
5000,37129,25,3787,0,0
5000,37129,1,90,85,5
5000,37129,2,1098,1008,59
5000,37129,3,2782,1684,784
5000,37129,4,3380,598,1439
5000,37129,5,3521,141,856
5000,37129,6,3563,42,295
5000,37129,7,3572,9,92
5000,37129,8,3576,4,31
5000,37129,9,3578,2,9
5000,37129,10,3578,0,5
5000,37129,11,3578,0,3
5000,37129,12,3578,0,0
5000,37129,13,3578,0,0
5000,37129,14,3578,0,0
5000,37129,15,3578,0,0
5000,37129,16,3578,0,0
5000,37129,17,3578,0,0
5000,37129,18,3578,0,0
5000,37129,19,3578,0,0
5000,37129,20,3578,0,0
5000,37129,1,208,203,2
5000,37129,2,2314,2106,39
5000,37129,3,3845,1531,580
5000,37129,4,4154,309,812
5000,37129,5,4247,93,731
5000,37129,6,4283,36,538
5000,37129,7,4294,11,405
5000,37129,8,4300,6,290
5000,37129,9,4301,1,212
5000,37129,10,4302,1,188
5000,37129,11,4303,1,121
5000,37129,12,4303,0,109
5000,37129,13,4303,0,61
5000,37129,14,4303,0,59
5000,37129,15,4303,0,33
5000,37129,16,4303,0,32
5000,37129,17,4303,0,25
5000,37129,18,4303,0,13
5000,37129,19,4303,0,13
5000,37129,20,4303,0,8
5000,37129,21,4303,0,5
5000,37129,22,4303,0,9
5000,37129,23,4303,0,4
5000,37129,24,4303,0,6
5000,37129,25,4303,0,1
5000,37129,26,4303,0,4
5000,37129,27,4303,0,2
5000,37129,28,4303,0,0
5000,37129,29,4303,0,0
5000,37129,30,4303,0,0
5000,37129,31,4303,0,1
5000,37129,32,4303,0,0
5000,37129,33,4303,0,0
5000,37129,34,4303,0,0
5000,37129,35,4303,0,0
5000,37129,36,4303,0,0
5000,37129,37,4303,0,0
5000,37129,38,4303,0,0
5000,37129,39,4303,0,0
5000,37129,40,4303,0,0
5000,37129,1,130,125,3
5000,37129,2,1847,1717,67
5000,37129,3,3763,1916,885
5000,37129,4,4116,353,1343
5000,37129,5,4191,75,905
5000,37129,6,4217,26,472
5000,37129,7,4226,9,254
5000,37129,8,4227,1,169
5000,37129,9,4227,0,69
5000,37129,10,4227,0,24
5000,37129,11,4227,0,20
5000,37129,12,4227,0,7
5000,37129,13,4227,0,5
5000,37129,14,4227,0,3
5000,37129,15,4227,0,1
5000,37129,16,4227,0,0
5000,37129,17,4227,0,0
5000,37129,18,4227,0,0
5000,37129,19,4227,0,0
5000,37129,20,4227,0,0
5000,37129,21,4227,0,0
5000,37129,22,4227,0,0
5000,37129,23,4227,0,0
5000,37129,24,4227,0,0
5000,37129,1,351,346,4
5000,37129,2,2688,2337,252
5000,37129,3,3897,1209,1782
5000,37129,4,4080,183,1380
5000,37129,5,4105,25,492
5000,37129,6,4114,9,147
5000,37129,7,4116,2,41
5000,37129,8,4116,0,14
5000,37129,9,4116,0,4
5000,37129,10,4116,0,0
5000,37129,11,4116,0,0
5000,37129,12,4116,0,0
5000,37129,13,4116,0,0
5000,37129,14,4116,0,0
5000,37129,15,4116,0,0
5000,37129,16,4116,0,0
5000,37129,17,4116,0,0
5000,37129,18,4116,0,0
5000,37129,1,147,142,2
5000,37129,2,2471,2324,41
5000,37129,3,4161,1690,598
5000,37129,4,4349,188,877
5000,37129,5,4374,25,753
5000,37129,6,4381,7,528
5000,37129,7,4382,1,406
5000,37129,8,4382,0,311
5000,37129,9,4382,0,223
5000,37129,10,4382,0,168
5000,37129,11,4382,0,126
5000,37129,12,4382,0,99
5000,37129,13,4382,0,58
5000,37129,14,4382,0,45
5000,37129,15,4382,0,34
5000,37129,16,4382,0,24
5000,37129,17,4382,0,24
5000,37129,18,4382,0,21
5000,37129,19,4382,0,14
5000,37129,20,4382,0,6
5000,37129,21,4382,0,4
5000,37129,22,4382,0,7
5000,37129,23,4382,0,0
5000,37129,24,4382,0,3
5000,37129,25,4382,0,1
5000,37129,26,4382,0,3
5000,37129,27,4382,0,0
5000,37129,28,4382,0,1
5000,37129,29,4382,0,2
5000,37129,30,4382,0,1
5000,37129,31,4382,0,0
5000,37129,32,4382,0,1
5000,37129,33,4382,0,0
5000,37129,34,4382,0,0
5000,37129,35,4382,0,0
5000,37129,36,4382,0,0
5000,37129,37,4382,0,0
5000,37129,38,4382,0,0
5000,37129,39,4382,0,1
5000,37129,40,4382,0,0
5000,37129,41,4382,0,0
5000,37129,42,4382,0,0
5000,37129,43,4382,0,0
5000,37129,44,4382,0,0
5000,37129,45,4382,0,0
5000,37129,46,4382,0,0
5000,37129,47,4382,0,0
5000,37129,48,4382,0,0
5000,37129,1,258,253,2
5000,37129,2,2819,2561,127
5000,37129,3,4188,1369,1364
5000,37129,4,4316,128,1327
5000,37129,5,4337,21,762
5000,37129,6,4339,2,390
5000,37129,7,4339,0,178
5000,37129,8,4339,0,91
5000,37129,9,4339,0,52
5000,37129,10,4339,0,27
5000,37129,11,4339,0,8
5000,37129,12,4339,0,5
5000,37129,13,4339,0,3
5000,37129,14,4339,0,1
5000,37129,15,4339,0,2
5000,37129,16,4339,0,0
5000,37129,17,4339,0,0
5000,37129,18,4339,0,0
5000,37129,19,4339,0,0
5000,37129,20,4339,0,0
5000,37129,21,4339,0,0
5000,37129,22,4339,0,0
5000,37129,23,4339,0,0
5000,37129,24,4339,0,0
5000,37129,1,133,128,2
5000,37129,2,2382,2249,98
5000,37129,3,4110,1728,1714
5000,37129,4,4268,158,1740
5000,37129,5,4283,15,531
5000,37129,6,4285,2,153
5000,37129,7,4285,0,35
5000,37129,8,4285,0,11
5000,37129,9,4285,0,0
5000,37129,10,4285,0,0
5000,37129,11,4285,0,1
5000,37129,12,4285,0,0
5000,37129,13,4285,0,0
5000,37129,14,4285,0,0
5000,37129,15,4285,0,0
5000,37129,16,4285,0,0
5000,37129,17,4285,0,0
5000,37129,18,4285,0,0
5000,37129,19,4285,0,0
5000,37129,20,4285,0,0
10000,9875,1,10,5,3
10000,9875,2,20,10,1
10000,9875,3,87,67,2
10000,9875,4,377,290,15
10000,9875,5,1012,635,89
10000,9875,6,1675,663,225
10000,9875,7,2200,525,319
10000,9875,8,2603,403,412
10000,9875,9,2855,252,409
10000,9875,10,3014,159,355
10000,9875,11,3129,115,323
10000,9875,12,3209,80,239
10000,9875,13,3267,58,191
10000,9875,14,3298,31,172
10000,9875,15,3329,31,145
10000,9875,16,3347,18,97
10000,9875,17,3359,12,84
10000,9875,18,3362,3,62
10000,9875,19,3365,3,54
10000,9875,20,3370,5,48
10000,9875,21,3371,1,32
10000,9875,22,3373,2,36
10000,9875,23,3374,1,18
10000,9875,24,3374,0,11
10000,9875,25,3374,0,6
10000,9875,26,3375,1,5
10000,9875,27,3377,2,2
10000,9875,28,3377,0,2
10000,9875,29,3377,0,6
10000,9875,30,3377,0,3
10000,9875,31,3377,0,5
10000,9875,32,3377,0,2
10000,9875,33,3377,0,0
10000,9875,34,3377,0,2
10000,9875,35,3377,0,1
10000,9875,36,3377,0,0
10000,9875,37,3377,0,0
10000,9875,38,3377,0,0
10000,9875,39,3377,0,0
10000,9875,40,3377,0,0
10000,9875,41,3377,0,0
10000,9875,42,3377,0,0
10000,9875,43,3377,0,0
10000,9875,44,3377,0,1
10000,9875,45,3377,0,0
10000,9875,46,3377,0,0
10000,9875,47,3377,0,0
10000,9875,48,3377,0,0
10000,9875,49,3377,0,0
10000,9875,50,3377,0,0
10000,9875,51,3377,0,0
10000,9875,52,3377,0,0
10000,9875,53,3377,0,0
10000,9875,1,23,18,2
10000,9875,2,104,81,10
10000,9875,3,394,290,41
10000,9875,4,1019,625,173
10000,9875,5,1586,567,385
10000,9875,6,2007,421,489
10000,9875,7,2224,217,466
10000,9875,8,2357,133,343
10000,9875,9,2424,67,243
10000,9875,10,2473,49,153
10000,9875,11,2490,17,84
10000,9875,12,2503,13,46
10000,9875,13,2510,7,33
10000,9875,14,2513,3,18
10000,9875,15,2514,1,14
10000,9875,16,2515,1,9
10000,9875,17,2517,2,2
10000,9875,18,2517,0,3
10000,9875,19,2518,1,2
10000,9875,20,2518,0,1
10000,9875,21,2518,0,1
10000,9875,22,2518,0,0
10000,9875,23,2518,0,0
10000,9875,24,2518,0,0
10000,9875,25,2518,0,0
10000,9875,26,2518,0,0
10000,9875,27,2518,0,0
10000,9875,28,2518,0,0
10000,9875,29,2518,0,0
10000,9875,30,2518,0,0
10000,9875,1,32,27,5
10000,9875,2,138,106,23
10000,9875,3,516,378,83
10000,9875,4,1030,514,295
10000,9875,5,1472,442,470
10000,9875,6,1718,246,441
10000,9875,7,1853,135,310
10000,9875,8,1906,53,174
10000,9875,9,1942,36,80
10000,9875,10,1955,13,41
10000,9875,11,1960,5,26
10000,9875,12,1960,0,8
10000,9875,13,1960,0,3
10000,9875,14,1960,0,1
10000,9875,15,1960,0,0
10000,9875,16,1960,0,0
10000,9875,17,1960,0,0
10000,9875,18,1960,0,0
10000,9875,19,1960,0,0
10000,9875,20,1960,0,0
10000,9875,21,1960,0,0
10000,9875,22,1960,0,0
10000,9875,23,1960,0,0
10000,9875,1,22,17,1
10000,9875,2,205,183,5
10000,9875,3,1039,834,52
10000,9875,4,2322,1283,263
10000,9875,5,3190,868,467
10000,9875,6,3638,448,600
10000,9875,7,3869,231,569
10000,9875,8,3969,100,492
10000,9875,9,4031,62,389
10000,9875,10,4058,27,282
10000,9875,11,4070,12,236
10000,9875,12,4079,9,181
10000,9875,13,4081,2,128
10000,9875,14,4084,3,102
10000,9875,15,4084,0,69
10000,9875,16,4085,1,56
10000,9875,17,4085,0,46
10000,9875,18,4085,0,52
10000,9875,19,4085,0,23
10000,9875,20,4085,0,16
10000,9875,21,4085,0,14
10000,9875,22,4085,0,17
10000,9875,23,4085,0,10
10000,9875,24,4085,0,2
10000,9875,25,4085,0,4
10000,9875,26,4085,0,1
10000,9875,27,4085,0,2
10000,9875,28,4085,0,2
10000,9875,29,4085,0,1
10000,9875,30,4085,0,0
10000,9875,31,4085,0,2
10000,9875,32,4085,0,0
10000,9875,33,4085,0,0
10000,9875,34,4085,0,0
10000,9875,35,4085,0,1
10000,9875,36,4085,0,0
10000,9875,37,4085,0,0
10000,9875,38,4085,0,0
10000,9875,39,4085,0,0
10000,9875,40,4085,0,0
10000,9875,41,4085,0,0
10000,9875,42,4085,0,0
10000,9875,43,4085,0,0
10000,9875,44,4085,0,0
10000,9875,1,221,216,3
10000,9875,2,1161,940,111
10000,9875,3,2364,1203,516
10000,9875,4,3081,717,847
10000,9875,5,3424,343,845
10000,9875,6,3570,146,567
10000,9875,7,3628,58,344
10000,9875,8,3651,23,194
10000,9875,9,3658,7,111
10000,9875,10,3663,5,53
10000,9875,11,3666,3,42
10000,9875,12,3666,0,15
10000,9875,13,3666,0,4
10000,9875,14,3666,0,8
10000,9875,15,3666,0,2
10000,9875,16,3666,0,2
10000,9875,17,3666,0,2
10000,9875,18,3666,0,0
10000,9875,19,3666,0,0
10000,9875,20,3666,0,0
10000,9875,21,3666,0,0
10000,9875,22,3666,0,0
10000,9875,23,3666,0,0
10000,9875,24,3666,0,0
10000,9875,25,3666,0,0
10000,9875,26,3666,0,0
10000,9875,1,5,0,4
10000,9875,2,5,0,1
10000,9875,3,5,0,0
10000,9875,4,5,0,0
10000,9875,5,5,0,0
10000,9875,6,5,0,0
10000,9875,7,5,0,0
10000,9875,8,5,0,0
10000,9875,9,5,0,0
10000,9875,10,5,0,0
10000,9875,11,5,0,0
10000,9875,1,188,183,2
10000,9875,2,1415,1227,46
10000,9875,3,3082,1667,322
10000,9875,4,3939,857,645
10000,9875,5,4267,328,744
10000,9875,6,4365,98,631
10000,9875,7,4396,31,486
10000,9875,8,4403,7,377
10000,9875,9,4406,3,301
10000,9875,10,4406,0,199
10000,9875,11,4406,0,167
10000,9875,12,4406,0,111
10000,9875,13,4406,0,98
10000,9875,14,4406,0,67
10000,9875,15,4406,0,54
10000,9875,16,4406,0,32
10000,9875,17,4406,0,34
10000,9875,18,4406,0,23
10000,9875,19,4406,0,15
10000,9875,20,4406,0,13
10000,9875,21,4406,0,12
10000,9875,22,4406,0,4
10000,9875,23,4406,0,8
10000,9875,24,4406,0,2
10000,9875,25,4406,0,3
10000,9875,26,4406,0,4
10000,9875,27,4406,0,1
10000,9875,28,4406,0,2
10000,9875,29,4406,0,2
10000,9875,30,4406,0,0
10000,9875,31,4406,0,1
10000,9875,32,4406,0,0
10000,9875,33,4406,0,0
10000,9875,34,4406,0,0
10000,9875,35,4406,0,0
10000,9875,36,4406,0,0
10000,9875,37,4406,0,0
10000,9875,38,4406,0,0
10000,9875,39,4406,0,0
10000,9875,40,4406,0,0
10000,9875,1,37,32,3
10000,9875,2,452,415,19
10000,9875,3,2072,1620,203
10000,9875,4,3437,1365,912
10000,9875,5,4021,584,1160
10000,9875,6,4178,157,869
10000,9875,7,4218,40,509
10000,9875,8,4232,14,271
10000,9875,9,4236,4,149
10000,9875,10,4236,0,76
10000,9875,11,4236,0,35
10000,9875,12,4236,0,15
10000,9875,13,4236,0,5
10000,9875,14,4236,0,6
10000,9875,15,4236,0,1
10000,9875,16,4236,0,2
10000,9875,17,4236,0,1
10000,9875,18,4236,0,0
10000,9875,19,4236,0,0
10000,9875,20,4236,0,0
10000,9875,21,4236,0,0
10000,9875,22,4236,0,0
10000,9875,23,4236,0,0
10000,9875,24,4236,0,0
10000,9875,25,4236,0,0
10000,9875,26,4236,0,0
10000,9875,1,11,6,5
10000,9875,2,93,82,5
10000,9875,3,911,818,66
10000,9875,4,2634,1723,617
10000,9875,5,3620,986,1454
10000,9875,6,3938,318,1095
10000,9875,7,4023,85,528
10000,9875,8,4044,21,181
10000,9875,9,4049,5,70
10000,9875,10,4049,0,23
10000,9875,11,4049,0,4
10000,9875,12,4049,0,1
10000,9875,13,4049,0,0
10000,9875,14,4049,0,0
10000,9875,15,4049,0,0
10000,9875,16,4049,0,0
10000,9875,17,4049,0,0
10000,9875,18,4049,0,0
10000,9875,19,4049,0,0
10000,9875,20,4049,0,0
10000,9875,21,4049,0,0
10000,39340,1,42,37,1
10000,39340,2,360,318,8
10000,39340,3,2123,1763,77
10000,39340,4,4359,2236,519
10000,39340,5,5552,1193,909
10000,39340,6,6105,553,1020
10000,39340,7,6396,291,902
10000,39340,8,6565,169,703
10000,39340,9,6687,122,637
10000,39340,10,6757,70,463
10000,39340,11,6792,35,386
10000,39340,12,6822,30,281
10000,39340,13,6843,21,222
10000,39340,14,6850,7,176
10000,39340,15,6857,7,127
10000,39340,16,6860,3,105
10000,39340,17,6861,1,81
10000,39340,18,6862,1,59
10000,39340,19,6862,0,43
10000,39340,20,6862,0,34
10000,39340,21,6863,1,27
10000,39340,22,6863,0,21
10000,39340,23,6863,0,13
10000,39340,24,6863,0,16
10000,39340,25,6864,1,11
10000,39340,26,6864,0,6
10000,39340,27,6864,0,4
10000,39340,28,6864,0,1
10000,39340,29,6864,0,2
10000,39340,30,6864,0,2
10000,39340,31,6864,0,2
10000,39340,32,6864,0,3
10000,39340,33,6864,0,1
10000,39340,34,6864,0,2
10000,39340,35,6864,0,0
10000,39340,36,6864,0,0
10000,39340,37,6864,0,0
10000,39340,38,6864,0,0
10000,39340,39,6864,0,0
10000,39340,40,6864,0,0
10000,39340,41,6864,0,0
10000,39340,42,6864,0,0
10000,39340,43,6864,0,0
10000,39340,1,16,11,3
10000,39340,2,108,92,6
10000,39340,3,1172,1064,50
10000,39340,4,3488,2316,603
10000,39340,5,4978,1490,1414
10000,39340,6,5604,626,1410
10000,39340,7,5852,248,1066
10000,39340,8,5961,109,676
10000,39340,9,6012,51,371
10000,39340,10,6040,28,213
10000,39340,11,6051,11,114
10000,39340,12,6054,3,65
10000,39340,13,6056,2,31
10000,39340,14,6056,0,14
10000,39340,15,6056,0,12
10000,39340,16,6057,1,2
10000,39340,17,6057,0,1
10000,39340,18,6057,0,5
10000,39340,19,6057,0,1
10000,39340,20,6057,0,0
10000,39340,21,6057,0,0
10000,39340,22,6057,0,0
10000,39340,23,6057,0,0
10000,39340,24,6057,0,0
10000,39340,25,6057,0,0
10000,39340,26,6057,0,0
10000,39340,27,6057,0,0
10000,39340,28,6057,0,0
10000,39340,1,42,37,2
10000,39340,2,537,495,27
10000,39340,3,2573,2036,367
10000,39340,4,4394,1821,1606
10000,39340,5,5119,725,1775
10000,39340,6,5382,263,1013
10000,39340,7,5461,79,443
10000,39340,8,5481,20,172
10000,39340,9,5489,8,55
10000,39340,10,5493,4,19
10000,39340,11,5495,2,11
10000,39340,12,5496,1,3
10000,39340,13,5497,1,3
10000,39340,14,5497,0,1
10000,39340,15,5497,0,0
10000,39340,16,5497,0,0
10000,39340,17,5497,0,0
10000,39340,18,5497,0,0
10000,39340,19,5497,0,0
10000,39340,20,5497,0,0
10000,39340,21,5497,0,0
10000,39340,22,5497,0,0
10000,39340,23,5497,0,0
10000,39340,1,41,36,1
10000,39340,2,909,868,7
10000,39340,3,4422,3513,220
10000,39340,4,6513,2091,1064
10000,39340,5,7151,638,1303
10000,39340,6,7392,241,1131
10000,39340,7,7496,104,924
10000,39340,8,7533,37,698
10000,39340,9,7542,9,541
10000,39340,10,7551,9,420
10000,39340,11,7554,3,312
10000,39340,12,7557,3,243
10000,39340,13,7558,1,172
10000,39340,14,7560,2,123
10000,39340,15,7561,1,121
10000,39340,16,7561,0,59
10000,39340,17,7561,0,55
10000,39340,18,7561,0,40
10000,39340,19,7561,0,31
10000,39340,20,7561,0,17
10000,39340,21,7561,0,12
10000,39340,22,7561,0,15
10000,39340,23,7561,0,14
10000,39340,24,7561,0,8
10000,39340,25,7561,0,10
10000,39340,26,7561,0,4
10000,39340,27,7561,0,2
10000,39340,28,7561,0,2
10000,39340,29,7561,0,2
10000,39340,30,7561,0,4
10000,39340,31,7561,0,0
10000,39340,32,7561,0,2
10000,39340,33,7561,0,0
10000,39340,34,7561,0,3
10000,39340,35,7561,0,1
10000,39340,36,7561,0,0
10000,39340,37,7561,0,0
10000,39340,38,7561,0,0
10000,39340,39,7561,0,0
10000,39340,40,7561,0,0
10000,39340,41,7561,0,0
10000,39340,42,7561,0,0
10000,39340,43,7561,0,0
10000,39340,44,7561,0,0
10000,39340,1,170,165,2
10000,39340,2,2183,2013,77
10000,39340,3,5551,3368,1030
10000,39340,4,6737,1186,2199
10000,39340,5,7061,324,1742
10000,39340,6,7154,93,998
10000,39340,7,7183,29,545
10000,39340,8,7193,10,280
10000,39340,9,7201,8,162
10000,39340,10,7201,0,87
10000,39340,11,7201,0,45
10000,39340,12,7201,0,16
10000,39340,13,7201,0,5
10000,39340,14,7201,0,8
10000,39340,15,7201,0,3
10000,39340,16,7201,0,0
10000,39340,17,7201,0,1
10000,39340,18,7201,0,1
10000,39340,19,7201,0,0
10000,39340,20,7201,0,0
10000,39340,21,7201,0,0
10000,39340,22,7201,0,0
10000,39340,23,7201,0,0
10000,39340,24,7201,0,0
10000,39340,25,7201,0,0
10000,39340,26,7201,0,0
10000,39340,27,7201,0,0
10000,39340,1,151,146,1
10000,39340,2,2092,1941,107
10000,39340,3,5466,3374,1495
10000,39340,4,6619,1153,2877
10000,39340,5,6873,254,1608
10000,39340,6,6923,50,606
10000,39340,7,6936,13,178
10000,39340,8,6939,3,55
10000,39340,9,6940,1,8
10000,39340,10,6940,0,5
10000,39340,11,6940,0,0
10000,39340,12,6940,0,0
10000,39340,13,6940,0,0
10000,39340,14,6940,0,0
10000,39340,15,6940,0,0
10000,39340,16,6940,0,0
10000,39340,17,6940,0,0
10000,39340,18,6940,0,0
10000,39340,19,6940,0,0
10000,39340,1,98,93,0
10000,39340,2,1849,1751,18
10000,39340,3,6028,4179,466
10000,39340,4,7436,1408,1415
10000,39340,5,7708,272,1349
10000,39340,6,7780,72,1103
10000,39340,7,7797,17,910
10000,39340,8,7799,2,615
10000,39340,9,7802,3,497
10000,39340,10,7803,1,354
10000,39340,11,7803,0,264
10000,39340,12,7803,0,201
10000,39340,13,7803,0,145
10000,39340,14,7803,0,115
10000,39340,15,7803,0,90
10000,39340,16,7803,0,56
10000,39340,17,7803,0,53
10000,39340,18,7803,0,31
10000,39340,19,7803,0,30
10000,39340,20,7803,0,27
10000,39340,21,7803,0,14
10000,39340,22,7803,0,12
10000,39340,23,7803,0,9
10000,39340,24,7803,0,4
10000,39340,25,7803,0,6
10000,39340,26,7803,0,6
10000,39340,27,7803,0,3
10000,39340,28,7803,0,2
10000,39340,29,7803,0,7
10000,39340,30,7803,0,0
10000,39340,31,7803,0,0
10000,39340,32,7803,0,0
10000,39340,33,7803,0,0
10000,39340,34,7803,0,0
10000,39340,35,7803,0,0
10000,39340,36,7803,0,0
10000,39340,37,7803,0,0
10000,39340,38,7803,0,0
10000,39340,39,7803,0,0
10000,39340,40,7803,0,1
10000,39340,41,7803,0,0
10000,39340,42,7803,0,0
10000,39340,43,7803,0,0
10000,39340,44,7803,0,0
10000,39340,45,7803,0,0
10000,39340,46,7803,0,0
10000,39340,47,7803,0,0
10000,39340,48,7803,0,0
10000,39340,49,7803,0,0
10000,39340,1,107,102,1
10000,39340,2,2099,1992,49
10000,39340,3,6278,4179,1032
10000,39340,4,7444,1166,2615
10000,39340,5,7640,196,1855
10000,39340,6,7673,33,1050
10000,39340,7,7682,9,562
10000,39340,8,7685,3,263
10000,39340,9,7685,0,129
10000,39340,10,7685,0,72
10000,39340,11,7685,0,24
10000,39340,12,7685,0,19
10000,39340,13,7685,0,6
10000,39340,14,7685,0,1
10000,39340,15,7685,0,3
10000,39340,16,7685,0,0
10000,39340,17,7685,0,2
10000,39340,18,7685,0,1
10000,39340,19,7685,0,1
10000,39340,20,7685,0,0
10000,39340,21,7685,0,0
10000,39340,22,7685,0,0
10000,39340,23,7685,0,0
10000,39340,24,7685,0,0
10000,39340,25,7685,0,0
10000,39340,26,7685,0,0
10000,39340,27,7685,0,0
10000,39340,28,7685,0,0
10000,39340,1,174,169,3
10000,39340,2,2936,2762,130
10000,39340,3,6606,3670,2110
10000,39340,4,7423,817,3317
10000,39340,5,7547,124,1393
10000,39340,6,7565,18,469
10000,39340,7,7568,3,106
10000,39340,8,7568,0,30
10000,39340,9,7568,0,10
10000,39340,10,7568,0,0
10000,39340,11,7568,0,0
10000,39340,12,7568,0,0
10000,39340,13,7568,0,0
10000,39340,14,7568,0,0
10000,39340,15,7568,0,0
10000,39340,16,7568,0,0
10000,39340,17,7568,0,0
10000,39340,18,7568,0,0
10000,76187,1,122,117,1
10000,76187,2,1787,1665,35
10000,76187,3,5345,3558,432
10000,76187,4,6990,1645,1197
10000,76187,5,7586,596,1313
10000,76187,6,7855,269,1145
10000,76187,7,7992,137,951
10000,76187,8,8066,74,733
10000,76187,9,8113,47,562
10000,76187,10,8137,24,438
10000,76187,11,8150,13,328
10000,76187,12,8160,10,256
10000,76187,13,8164,4,198
10000,76187,14,8166,2,143
10000,76187,15,8166,0,94
10000,76187,16,8166,0,81
10000,76187,17,8166,0,78
10000,76187,18,8167,1,49
10000,76187,19,8167,0,30
10000,76187,20,8167,0,19
10000,76187,21,8167,0,16
10000,76187,22,8167,0,13
10000,76187,23,8167,0,12
10000,76187,24,8167,0,9
10000,76187,25,8167,0,9
10000,76187,26,8167,0,5
10000,76187,27,8167,0,3
10000,76187,28,8167,0,1
10000,76187,29,8167,0,4
10000,76187,30,8167,0,1
10000,76187,31,8167,0,2
10000,76187,32,8167,0,2
10000,76187,33,8167,0,3
10000,76187,34,8167,0,1
10000,76187,35,8167,0,2
10000,76187,36,8167,0,0
10000,76187,37,8167,0,1
10000,76187,38,8167,0,0
10000,76187,39,8167,0,0
10000,76187,40,8167,0,0
10000,76187,41,8167,0,0
10000,76187,42,8167,0,0
10000,76187,43,8167,0,0
10000,76187,44,8167,0,0
10000,76187,45,8167,0,0
10000,76187,46,8167,0,0
10000,76187,1,216,211,3
10000,76187,2,2365,2149,103
10000,76187,3,5698,3333,1123
10000,76187,4,6954,1256,2248
10000,76187,5,7339,385,1730
10000,76187,6,7495,156,1065
10000,76187,7,7557,62,623
10000,76187,8,7576,19,337
10000,76187,9,7585,9,166
10000,76187,10,7593,8,93
10000,76187,11,7596,3,50
10000,76187,12,7598,2,28
10000,76187,13,7598,0,15
10000,76187,14,7598,0,7
10000,76187,15,7598,0,3
10000,76187,16,7598,0,3
10000,76187,17,7598,0,0
10000,76187,18,7598,0,0
10000,76187,19,7598,0,0
10000,76187,20,7598,0,0
10000,76187,21,7598,0,1
10000,76187,22,7598,0,0
10000,76187,23,7598,0,0
10000,76187,24,7598,0,0
10000,76187,25,7598,0,0
10000,76187,26,7598,0,0
10000,76187,27,7598,0,0
10000,76187,28,7598,0,0
10000,76187,29,7598,0,0
10000,76187,30,7598,0,0
10000,76187,1,103,98,2
10000,76187,2,1262,1159,74
10000,76187,3,4835,3573,908
10000,76187,4,6539,1704,2893
10000,76187,5,6976,437,2029
10000,76187,6,7088,112,816
10000,76187,7,7120,32,276
10000,76187,8,7125,5,89
10000,76187,9,7126,1,27
10000,76187,10,7126,0,8
10000,76187,11,7126,0,3
10000,76187,12,7126,0,1
10000,76187,13,7126,0,0
10000,76187,14,7126,0,0
10000,76187,15,7126,0,0
10000,76187,16,7126,0,0
10000,76187,17,7126,0,0
10000,76187,18,7126,0,0
10000,76187,19,7126,0,0
10000,76187,20,7126,0,0
10000,76187,21,7126,0,0
10000,76187,1,640,635,1
10000,76187,2,5176,4536,151
10000,76187,3,7895,2719,1255
10000,76187,4,8425,530,1608
10000,76187,5,8560,135,1399
10000,76187,6,8607,47,1012
10000,76187,7,8620,13,871
10000,76187,8,8628,8,574
10000,76187,9,8632,4,421
10000,76187,10,8633,1,327
10000,76187,11,8633,0,234
10000,76187,12,8633,0,175
10000,76187,13,8633,0,137
10000,76187,14,8633,0,121
10000,76187,15,8633,0,88
10000,76187,16,8633,0,68
10000,76187,17,8633,0,50
10000,76187,18,8633,0,43
10000,76187,19,8633,0,22
10000,76187,20,8633,0,23
10000,76187,21,8633,0,14
10000,76187,22,8633,0,12
10000,76187,23,8633,0,5
10000,76187,24,8633,0,3
10000,76187,25,8633,0,5
10000,76187,26,8633,0,4
10000,76187,27,8633,0,3
10000,76187,28,8633,0,1
10000,76187,29,8633,0,3
10000,76187,30,8633,0,0
10000,76187,31,8633,0,1
10000,76187,32,8633,0,0
10000,76187,33,8633,0,0
10000,76187,34,8633,0,0
10000,76187,35,8633,0,0
10000,76187,36,8633,0,0
10000,76187,37,8633,0,2
10000,76187,38,8633,0,0
10000,76187,39,8633,0,0
10000,76187,40,8633,0,0
10000,76187,41,8633,0,0
10000,76187,42,8633,0,0
10000,76187,43,8633,0,0
10000,76187,44,8633,0,0
10000,76187,45,8633,0,0
10000,76187,46,8633,0,0
10000,76187,1,527,522,3
10000,76187,2,4815,4288,248
10000,76187,3,7683,2868,2333
10000,76187,4,8237,554,2481
10000,76187,5,8362,125,1589
10000,76187,6,8396,34,869
10000,76187,7,8402,6,424
10000,76187,8,8406,4,229
10000,76187,9,8406,0,120
10000,76187,10,8406,0,60
10000,76187,11,8406,0,26
10000,76187,12,8406,0,13
10000,76187,13,8406,0,4
10000,76187,14,8406,0,4
10000,76187,15,8406,0,1
10000,76187,16,8406,0,2
10000,76187,17,8406,0,0
10000,76187,18,8406,0,0
10000,76187,19,8406,0,0
10000,76187,20,8406,0,0
10000,76187,21,8406,0,0
10000,76187,22,8406,0,0
10000,76187,23,8406,0,0
10000,76187,24,8406,0,0
10000,76187,25,8406,0,0
10000,76187,1,275,270,4
10000,76187,2,3858,3583,194
10000,76187,3,7487,3629,2769
10000,76187,4,8103,616,3406
10000,76187,5,8202,99,1306
10000,76187,6,8218,16,386
10000,76187,7,8222,4,113
10000,76187,8,8222,0,34
10000,76187,9,8222,0,9
10000,76187,10,8222,0,1
10000,76187,11,8222,0,0
10000,76187,12,8222,0,0
10000,76187,13,8222,0,0
10000,76187,14,8222,0,0
10000,76187,15,8222,0,0
10000,76187,16,8222,0,0
10000,76187,17,8222,0,0
10000,76187,18,8222,0,0
10000,76187,19,8222,0,0
10000,76187,1,108,103,3
10000,76187,2,2746,2638,31
10000,76187,3,7734,4988,688
10000,76187,4,8636,902,1808
10000,76187,5,8751,115,1503
10000,76187,6,8777,26,1216
10000,76187,7,8783,6,815
10000,76187,8,8785,2,688
10000,76187,9,8785,0,490
10000,76187,10,8785,0,404
10000,76187,11,8785,0,289
10000,76187,12,8785,0,221
10000,76187,13,8785,0,169
10000,76187,14,8785,0,99
10000,76187,15,8785,0,87
10000,76187,16,8785,0,58
10000,76187,17,8785,0,47
10000,76187,18,8785,0,31
10000,76187,19,8785,0,28
10000,76187,20,8785,0,28
10000,76187,21,8785,0,20
10000,76187,22,8785,0,21
10000,76187,23,8785,0,9
10000,76187,24,8785,0,4
10000,76187,25,8785,0,10
10000,76187,26,8785,0,7
10000,76187,27,8785,0,1
10000,76187,28,8785,0,2
10000,76187,29,8785,0,1
10000,76187,30,8785,0,0
10000,76187,31,8785,0,2
10000,76187,32,8785,0,0
10000,76187,33,8785,0,2
10000,76187,34,8785,0,0
10000,76187,35,8785,0,1
10000,76187,36,8785,0,0
10000,76187,37,8785,0,2
10000,76187,38,8785,0,0
10000,76187,39,8785,0,0
10000,76187,40,8785,0,0
10000,76187,41,8785,0,0
10000,76187,42,8785,0,0
10000,76187,43,8785,0,0
10000,76187,44,8785,0,0
10000,76187,45,8785,0,0
10000,76187,46,8785,0,0
10000,76187,1,682,677,3
10000,76187,2,6269,5587,345
10000,76187,3,8389,2120,2943
10000,76187,4,8652,263,2539
10000,76187,5,8690,38,1359
10000,76187,6,8697,7,738
10000,76187,7,8697,0,384
10000,76187,8,8697,0,204
10000,76187,9,8697,0,99
10000,76187,10,8697,0,40
10000,76187,11,8697,0,16
10000,76187,12,8697,0,16
10000,76187,13,8697,0,5
10000,76187,14,8697,0,2
10000,76187,15,8697,0,2
10000,76187,16,8697,0,2
10000,76187,17,8697,0,0
10000,76187,18,8697,0,0
10000,76187,19,8697,0,0
10000,76187,20,8697,0,0
10000,76187,21,8697,0,0
10000,76187,22,8697,0,0
10000,76187,23,8697,0,0
10000,76187,24,8697,0,0
10000,76187,25,8697,0,0
10000,76187,1,45,40,5
10000,76187,2,1737,1692,27
10000,76187,3,7314,5577,1301
10000,76187,4,8522,1208,4497
10000,76187,5,8630,108,1971
10000,76187,6,8639,9,634
10000,76187,7,8639,0,157
10000,76187,8,8639,0,34
10000,76187,9,8639,0,11
10000,76187,10,8639,0,2
10000,76187,11,8639,0,0
10000,76187,12,8639,0,0
10000,76187,13,8639,0,0
10000,76187,14,8639,0,0
10000,76187,15,8639,0,0
10000,76187,16,8639,0,0
10000,76187,17,8639,0,0
10000,76187,18,8639,0,0
10000,76187,19,8639,0,0
