0.316516371
0.246183633
0.126646275
0.236839867
0.292637168
0.18981408
0.177131581
0.166697474
0.185936087
0.108859128
0.11260562
0.131526145
0.091814189
0.090341792
0.083581989
0.078182132
0.108441925
0.073535077
0.086467369
0.093297156
0.091879785
0.073478818
0.073841029
0.071777598
0.071364536
0.072371898
0.0726325
36.844710393
14.179511722
12.252157413
31.325444115
51.288718124
13.833648926
26.114354804
22.613393596
23.741169884
7.998717693
9.73352435
11.100458595
5.265053914
5.512651466
5.077448428
4.247432471
4.37895932
4.30343707
5.511720591
5.668351093
5.895853818
4.129832891
4.031260181
4.166747724
3.467714779
3.390289408
3.583931581
64.039194614
55.841081652
41.995419377
145.336173478
164.700723978
31.560297502
72.617407385
57.296175941
77.494995356
25.040628418
25.816455457
34.708181711
16.446654329
16.46711184
16.803780637
13.594363109
12.236214699
12.849326302
15.835988016
15.0249947
14.754367637
11.851994193
11.551545747
10.679904562
9.806103595
9.745095555
9.595927292
