0.023318058
0.017190486
0.015162736
0.024221729
0.02504334
0.015622078
0.022219251
0.019781119
0.022686667
0.023090741
0.022731891
0.023118829
0.02244895
0.019525018
0.018751793
0.020970904
0.018681227
0.018412264
0.02386315
0.022009111
0.022694473
0.021343789
0.020182225
0.022175251
0.023046449
0.0202547
0.019033274
0.158480917
0.053464046
0.053514552
0.105159295
0.161045547
0.047590238
0.079694702
0.074325262
0.073494317
0.093381082
0.081053725
0.092091554
0.069701022
0.063927934
0.061620782
0.064070595
0.060027519
0.054926969
0.092020268
0.083621342
0.091568377
0.08202677
0.072110533
0.072169335
0.07296396
0.067180056
0.070438104
0.175924795
0.078976642
0.077311487
0.197016635
0.216209877
0.277880218
0.1636369
0.135330158
0.163387678
0.121438124
0.180322843
0.162480621
0.148492029
0.107748761
0.12019582
0.119879906
0.116237368
0.103951995
0.251275872
0.242771514
0.249005325
0.206280168
0.185565213
0.205079277
0.173611771
0.150421878
0.147179564
