0.386153908
0.320166147
0.138227561
0.237204569
0.300015633
0.251738759
0.187822705
0.178869376
0.153372238
0.34757994
0.436305531
0.491647091
0.279077005
0.263495458
0.251735581
0.220875224
0.194097073
0.193935229
0.424056543
0.489552491
0.467041023
0.367497056
0.371393413
0.392470617
0.329685196
0.314397414
0.324502954
144.268860637
25.857771991
15.780184803
61.393884666
73.268681616
23.127345448
37.310451235
32.670604402
34.955320684
42.973477269
50.545698354
67.43031902
29.194794072
29.321707807
30.812000355
24.268123195
24.048747951
23.200318239
58.806244353
78.35919152
79.277214099
44.49171074
39.323279724
41.849090736
36.083066775
38.560857576
40.118015491
614.923363624
54.215890255
51.513202907
200.937253956
250.41624169
578.9560323
141.221249467
108.97724094
149.507749854
209.639981289
208.463005732
337.458190525
136.897832678
134.423070436
149.235809159
108.038830972
110.201040739
95.361944493
891.349331908
942.821868846
1044.713405369
648.983854309
684.119950823
716.312285292
655.874391554
559.168353166
601.634668044
