0.210954619
0.164687401
0.199688335
0.192772339
0.131045915
0.132807254
0.147568984
0.128326607
0.125469444
0.722973493
0.52975842
0.48790372
0.531135328
0.412607451
0.40916161
0.45643107
0.333328489
0.355790894
0.993107498
0.734912075
0.857392535
0.793020357
0.646182733
0.785488131
0.719324165
0.465103502
0.533589144
43.590058016
33.405408336
16.628030808
36.942694751
29.083537942
14.148836297
42.412731678
19.794967677
19.85149408
89.282724181
71.070864955
70.066971133
71.480149054
62.505923705
42.421304834
78.199425556
43.804866084
44.519303603
129.704751175
111.625065629
99.288471163
102.69180825
72.368203167
66.133270303
71.14713628
62.797461287
61.257397832
202.864679639
64.038650403
141.947130934
160.588956251
105.780669187
93.565147654
182.176944205
82.463908698
77.575922195
399.629089853
313.017573562
384.192034123
398.682292104
239.4160952
240.557591749
354.91156208
328.008055514
166.22896932
1913.458224984
1487.119623141
1446.043913501
1465.541821305
1099.357577484
1005.17856016
1312.623180078
870.038482947
767.8141115
