0.025202701
0.017919245
0.018115013
0.020890929
0.014198587
0.017863701
0.019196179
0.017207371
0.017255576
0.02076712
0.02270162
0.024191242
0.026394968
0.018671446
0.01963995
0.021336874
0.01810858
0.018059037
0.022899204
0.024736241
0.025680614
0.025582319
0.019176625
0.021249668
0.02510773
0.019443729
0.019926728
0.082501204
0.065888887
0.035528433
0.073925734
0.058322593
0.060958959
0.074291116
0.04880948
0.053452112
0.078038475
0.071006946
0.065200806
0.064583045
0.061507717
0.055781639
0.063604841
0.054835647
0.055780425
0.082590622
0.073748048
0.073642823
0.076427472
0.069440406
0.060803807
0.067832228
0.062281262
0.062905613
0.071591112
0.08125173
0.104108203
0.116704115
0.111907372
0.093939719
0.146452206
0.062839562
0.078507972
0.148929143
0.149019383
0.145425013
0.141466107
0.103074637
0.112328578
0.104525758
0.112077555
0.086666296
0.16891592
0.189954693
0.181539813
0.202737339
0.154768163
0.146817873
0.153056762
0.116631835
0.12428282
