0.192987255
0.171028901
0.153035917
0.203472548
0.122854463
0.137161612
0.185487346
0.150984039
0.132770505
0.141457104
0.13167287
0.131068554
0.130047868
0.109737438
0.114941288
0.133009901
0.107392451
0.108320905
0.127943382
0.115781479
0.121011064
0.113653341
0.100631998
0.122152233
0.109502039
0.096762486
0.09824197
29.683811322
22.734438578
11.145225968
31.990869007
19.240034053
19.204160873
29.022191996
12.467630719
13.779746839
19.21510459
14.573742196
15.26193762
14.494781297
11.343958222
8.816959841
12.390798787
10.084468073
7.351088272
11.65992725
10.364933495
8.732861531
8.389170415
6.323935146
5.68877326
8.16137373
5.870399303
4.71274751
112.823838651
24.058701098
60.585319484
87.023885946
46.398426047
47.690360393
56.424267611
31.110388642
38.130652561
51.637893525
37.664414849
40.998643778
43.503267625
24.029173492
25.673284851
31.87714688
34.101829164
18.3537094
32.022094491
28.699722002
27.571022006
28.344016713
20.403330393
15.924459123
21.100812017
16.589910061
13.518987517
